    
 Finished initialization, starting time steps
    
       t           u           v           w
 ----------------------------------------------------
  0.00000E+00  3.90000E+00  1.10000E+00  2.80000E+00
  1.00000E+00  2.07530E+00  1.05958E+00  2.49995E+00
  2.00000E+00  1.10053E+00  1.72354E+00  2.49997E+00
  3.00000E+00  7.89634E-01  2.32666E+00  2.49998E+00
  4.00000E+00  8.11786E-01  2.72555E+00  2.49998E+00
  5.00000E+00  1.18686E+00  2.59561E+00  2.49997E+00
  6.00000E+00  1.88724E+00  1.49432E+00  2.49995E+00
  7.00000E+00  1.32341E+00  1.61890E+00  2.49997E+00
  8.00000E+00  9.21730E-01  2.13021E+00  2.49998E+00
  9.00000E+00  8.49470E-01  2.53955E+00  2.49998E+00
  1.00000E+01  1.06488E+00  2.59609E+00  2.49997E+00
  
  General Solver Stats:
    Total internal steps taken =      202
    Total rhs function calls   =      271
    Num lin solver setup calls =       44
    Num error test failures    =       12
    Last method order          =        5
    Next method order          =        5
    First internal step size   = 8.98870E-08
    Last internal step size    = 1.35948E-01
    Next internal step size    = 1.35948E-01
    Current internal time      = 1.00744E+01
    Num nonlinear solver iters =      268
    Num nonlinear solver fails =        0
    Num Jacobian evaluations   =        5
  
