 
Group of independent 3-species kinetics problems

number of groups = 100

group 0: At t = 4.0000e-01      y =  9.851641e-01    3.386242e-05    1.480205e-02
group 10: At t = 4.0000e-01      y =  9.851641e-01    3.386242e-05    1.480205e-02
group 20: At t = 4.0000e-01      y =  9.851641e-01    3.386242e-05    1.480205e-02
group 30: At t = 4.0000e-01      y =  9.851641e-01    3.386242e-05    1.480205e-02
group 40: At t = 4.0000e-01      y =  9.851641e-01    3.386242e-05    1.480205e-02
group 50: At t = 4.0000e-01      y =  9.851641e-01    3.386242e-05    1.480205e-02
group 60: At t = 4.0000e-01      y =  9.851641e-01    3.386242e-05    1.480205e-02
group 70: At t = 4.0000e-01      y =  9.851641e-01    3.386242e-05    1.480205e-02
group 80: At t = 4.0000e-01      y =  9.851641e-01    3.386242e-05    1.480205e-02
group 90: At t = 4.0000e-01      y =  9.851641e-01    3.386242e-05    1.480205e-02
group 0: At t = 4.0000e+00      y =  9.055097e-01    2.240339e-05    9.446791e-02
group 10: At t = 4.0000e+00      y =  9.055097e-01    2.240339e-05    9.446791e-02
group 20: At t = 4.0000e+00      y =  9.055097e-01    2.240339e-05    9.446791e-02
group 30: At t = 4.0000e+00      y =  9.055097e-01    2.240339e-05    9.446791e-02
group 40: At t = 4.0000e+00      y =  9.055097e-01    2.240339e-05    9.446791e-02
group 50: At t = 4.0000e+00      y =  9.055097e-01    2.240339e-05    9.446791e-02
group 60: At t = 4.0000e+00      y =  9.055097e-01    2.240339e-05    9.446791e-02
group 70: At t = 4.0000e+00      y =  9.055097e-01    2.240339e-05    9.446791e-02
group 80: At t = 4.0000e+00      y =  9.055097e-01    2.240339e-05    9.446791e-02
group 90: At t = 4.0000e+00      y =  9.055097e-01    2.240339e-05    9.446791e-02
group 0: At t = 4.0000e+01      y =  7.157862e-01    9.184653e-06    2.842046e-01
group 10: At t = 4.0000e+01      y =  7.157862e-01    9.184653e-06    2.842046e-01
group 20: At t = 4.0000e+01      y =  7.157862e-01    9.184653e-06    2.842046e-01
group 30: At t = 4.0000e+01      y =  7.157862e-01    9.184653e-06    2.842046e-01
group 40: At t = 4.0000e+01      y =  7.157862e-01    9.184653e-06    2.842046e-01
group 50: At t = 4.0000e+01      y =  7.157862e-01    9.184653e-06    2.842046e-01
group 60: At t = 4.0000e+01      y =  7.157862e-01    9.184653e-06    2.842046e-01
group 70: At t = 4.0000e+01      y =  7.157862e-01    9.184653e-06    2.842046e-01
group 80: At t = 4.0000e+01      y =  7.157862e-01    9.184653e-06    2.842046e-01
group 90: At t = 4.0000e+01      y =  7.157862e-01    9.184653e-06    2.842046e-01
group 0: At t = 4.0000e+02      y =  4.504867e-01    3.222490e-06    5.495100e-01
group 10: At t = 4.0000e+02      y =  4.504867e-01    3.222490e-06    5.495100e-01
group 20: At t = 4.0000e+02      y =  4.504867e-01    3.222490e-06    5.495100e-01
group 30: At t = 4.0000e+02      y =  4.504867e-01    3.222490e-06    5.495100e-01
group 40: At t = 4.0000e+02      y =  4.504867e-01    3.222490e-06    5.495100e-01
group 50: At t = 4.0000e+02      y =  4.504867e-01    3.222490e-06    5.495100e-01
group 60: At t = 4.0000e+02      y =  4.504867e-01    3.222490e-06    5.495100e-01
group 70: At t = 4.0000e+02      y =  4.504867e-01    3.222490e-06    5.495100e-01
group 80: At t = 4.0000e+02      y =  4.504867e-01    3.222490e-06    5.495100e-01
group 90: At t = 4.0000e+02      y =  4.504867e-01    3.222490e-06    5.495100e-01
group 0: At t = 4.0000e+03      y =  1.831950e-01    8.942090e-07    8.168041e-01
group 10: At t = 4.0000e+03      y =  1.831950e-01    8.942090e-07    8.168041e-01
group 20: At t = 4.0000e+03      y =  1.831950e-01    8.942090e-07    8.168041e-01
group 30: At t = 4.0000e+03      y =  1.831950e-01    8.942090e-07    8.168041e-01
group 40: At t = 4.0000e+03      y =  1.831950e-01    8.942090e-07    8.168041e-01
group 50: At t = 4.0000e+03      y =  1.831950e-01    8.942090e-07    8.168041e-01
group 60: At t = 4.0000e+03      y =  1.831950e-01    8.942090e-07    8.168041e-01
group 70: At t = 4.0000e+03      y =  1.831950e-01    8.942090e-07    8.168041e-01
group 80: At t = 4.0000e+03      y =  1.831950e-01    8.942090e-07    8.168041e-01
group 90: At t = 4.0000e+03      y =  1.831950e-01    8.942090e-07    8.168041e-01
group 0: At t = 4.0000e+04      y =  3.898914e-02    1.622016e-07    9.610107e-01
group 10: At t = 4.0000e+04      y =  3.898914e-02    1.622016e-07    9.610107e-01
group 20: At t = 4.0000e+04      y =  3.898914e-02    1.622016e-07    9.610107e-01
group 30: At t = 4.0000e+04      y =  3.898914e-02    1.622016e-07    9.610107e-01
group 40: At t = 4.0000e+04      y =  3.898914e-02    1.622016e-07    9.610107e-01
group 50: At t = 4.0000e+04      y =  3.898914e-02    1.622016e-07    9.610107e-01
group 60: At t = 4.0000e+04      y =  3.898914e-02    1.622016e-07    9.610107e-01
group 70: At t = 4.0000e+04      y =  3.898914e-02    1.622016e-07    9.610107e-01
group 80: At t = 4.0000e+04      y =  3.898914e-02    1.622016e-07    9.610107e-01
group 90: At t = 4.0000e+04      y =  3.898914e-02    1.622016e-07    9.610107e-01
group 0: At t = 4.0000e+05      y =  4.940661e-03    1.985958e-08    9.950593e-01
group 10: At t = 4.0000e+05      y =  4.940661e-03    1.985958e-08    9.950593e-01
group 20: At t = 4.0000e+05      y =  4.940661e-03    1.985958e-08    9.950593e-01
group 30: At t = 4.0000e+05      y =  4.940661e-03    1.985958e-08    9.950593e-01
group 40: At t = 4.0000e+05      y =  4.940661e-03    1.985958e-08    9.950593e-01
group 50: At t = 4.0000e+05      y =  4.940661e-03    1.985958e-08    9.950593e-01
group 60: At t = 4.0000e+05      y =  4.940661e-03    1.985958e-08    9.950593e-01
group 70: At t = 4.0000e+05      y =  4.940661e-03    1.985958e-08    9.950593e-01
group 80: At t = 4.0000e+05      y =  4.940661e-03    1.985958e-08    9.950593e-01
group 90: At t = 4.0000e+05      y =  4.940661e-03    1.985958e-08    9.950593e-01
group 0: At t = 4.0000e+06      y =  5.168407e-04    2.068411e-09    9.994832e-01
group 10: At t = 4.0000e+06      y =  5.168407e-04    2.068411e-09    9.994832e-01
group 20: At t = 4.0000e+06      y =  5.168407e-04    2.068411e-09    9.994832e-01
group 30: At t = 4.0000e+06      y =  5.168407e-04    2.068411e-09    9.994832e-01
group 40: At t = 4.0000e+06      y =  5.168407e-04    2.068411e-09    9.994832e-01
group 50: At t = 4.0000e+06      y =  5.168407e-04    2.068411e-09    9.994832e-01
group 60: At t = 4.0000e+06      y =  5.168407e-04    2.068411e-09    9.994832e-01
group 70: At t = 4.0000e+06      y =  5.168407e-04    2.068411e-09    9.994832e-01
group 80: At t = 4.0000e+06      y =  5.168407e-04    2.068411e-09    9.994832e-01
group 90: At t = 4.0000e+06      y =  5.168407e-04    2.068411e-09    9.994832e-01
group 0: At t = 4.0000e+07      y =  5.201418e-05    2.080674e-10    9.999480e-01
group 10: At t = 4.0000e+07      y =  5.201418e-05    2.080674e-10    9.999480e-01
group 20: At t = 4.0000e+07      y =  5.201418e-05    2.080674e-10    9.999480e-01
group 30: At t = 4.0000e+07      y =  5.201418e-05    2.080674e-10    9.999480e-01
group 40: At t = 4.0000e+07      y =  5.201418e-05    2.080674e-10    9.999480e-01
group 50: At t = 4.0000e+07      y =  5.201418e-05    2.080674e-10    9.999480e-01
group 60: At t = 4.0000e+07      y =  5.201418e-05    2.080674e-10    9.999480e-01
group 70: At t = 4.0000e+07      y =  5.201418e-05    2.080674e-10    9.999480e-01
group 80: At t = 4.0000e+07      y =  5.201418e-05    2.080674e-10    9.999480e-01
group 90: At t = 4.0000e+07      y =  5.201418e-05    2.080674e-10    9.999480e-01
group 0: At t = 4.0000e+08      y =  5.213254e-06    2.085312e-11    9.999948e-01
group 10: At t = 4.0000e+08      y =  5.213254e-06    2.085312e-11    9.999948e-01
group 20: At t = 4.0000e+08      y =  5.213254e-06    2.085312e-11    9.999948e-01
group 30: At t = 4.0000e+08      y =  5.213254e-06    2.085312e-11    9.999948e-01
group 40: At t = 4.0000e+08      y =  5.213254e-06    2.085312e-11    9.999948e-01
group 50: At t = 4.0000e+08      y =  5.213254e-06    2.085312e-11    9.999948e-01
group 60: At t = 4.0000e+08      y =  5.213254e-06    2.085312e-11    9.999948e-01
group 70: At t = 4.0000e+08      y =  5.213254e-06    2.085312e-11    9.999948e-01
group 80: At t = 4.0000e+08      y =  5.213254e-06    2.085312e-11    9.999948e-01
group 90: At t = 4.0000e+08      y =  5.213254e-06    2.085312e-11    9.999948e-01
group 0: At t = 4.0000e+09      y =  5.315857e-07    2.126344e-12    9.999995e-01
group 10: At t = 4.0000e+09      y =  5.315857e-07    2.126344e-12    9.999995e-01
group 20: At t = 4.0000e+09      y =  5.315857e-07    2.126344e-12    9.999995e-01
group 30: At t = 4.0000e+09      y =  5.315857e-07    2.126344e-12    9.999995e-01
group 40: At t = 4.0000e+09      y =  5.315857e-07    2.126344e-12    9.999995e-01
group 50: At t = 4.0000e+09      y =  5.315857e-07    2.126344e-12    9.999995e-01
group 60: At t = 4.0000e+09      y =  5.315857e-07    2.126344e-12    9.999995e-01
group 70: At t = 4.0000e+09      y =  5.315857e-07    2.126344e-12    9.999995e-01
group 80: At t = 4.0000e+09      y =  5.315857e-07    2.126344e-12    9.999995e-01
group 90: At t = 4.0000e+09      y =  5.315857e-07    2.126344e-12    9.999995e-01
group 0: At t = 4.0000e+10      y =  4.454434e-08    1.781774e-13    1.000000e+00
group 10: At t = 4.0000e+10      y =  4.454434e-08    1.781774e-13    1.000000e+00
group 20: At t = 4.0000e+10      y =  4.454434e-08    1.781774e-13    1.000000e+00
group 30: At t = 4.0000e+10      y =  4.454434e-08    1.781774e-13    1.000000e+00
group 40: At t = 4.0000e+10      y =  4.454434e-08    1.781774e-13    1.000000e+00
group 50: At t = 4.0000e+10      y =  4.454434e-08    1.781774e-13    1.000000e+00
group 60: At t = 4.0000e+10      y =  4.454434e-08    1.781774e-13    1.000000e+00
group 70: At t = 4.0000e+10      y =  4.454434e-08    1.781774e-13    1.000000e+00
group 80: At t = 4.0000e+10      y =  4.454434e-08    1.781774e-13    1.000000e+00
group 90: At t = 4.0000e+10      y =  4.454434e-08    1.781774e-13    1.000000e+00

Final Statistics:
nst = 582    nfe  = 810    nsetups = 103    nje = 12
nni = 807    ncfn = 0      netf = 22        nge = 0
 
cuSolverSp numerical factorization workspace size (in bytes) = 73472
cuSolverSp internal Q, R buffer size (in bytes) = 9600
