
2-species diurnal advection-diffusion problem
Sensitivity: YES ( SIMULTANEOUS + FULL ERROR CONTROL )

========================================================================
     T     Q       H      NST                    Bottom left  Top right 
========================================================================
7.200e+03  3  1.685e+01   568
                                Solution         1.0593e+04   1.1152e+04 
                                                 2.5567e+11   2.6917e+11 
                                ----------------------------------------
                                Sensitivity 1   -6.4963e+19  -6.8394e+19 
                                                 7.2120e+19   7.6303e+19 
                                ----------------------------------------
                                Sensitivity 2   -4.4900e+14  -4.9768e+14 
                                                -2.5039e+18  -2.7671e+18 
------------------------------------------------------------------------
1.440e+04  3  3.089e+01   788
                                Solution         6.9172e+06   7.2517e+06 
                                                 2.6829e+11   2.8137e+11 
                                ----------------------------------------
                                Sensitivity 1   -4.2432e+22  -4.4483e+22 
                                                 6.2762e+22   6.6563e+22 
                                ----------------------------------------
                                Sensitivity 2   -4.8955e+17  -5.3580e+17 
                                                -7.1115e+21  -7.7236e+21 
------------------------------------------------------------------------
2.160e+04  2  2.427e+01  1304
                                Solution         2.7558e+07   2.9196e+07 
                                                 3.1024e+11   3.3000e+11 
                                ----------------------------------------
                                Sensitivity 1   -1.6903e+23  -1.7907e+23 
                                                 4.0588e+23   4.4683e+23 
                                ----------------------------------------
                                Sensitivity 2   -8.2851e+18  -9.3610e+18 
                                                -8.2851e+22  -9.3662e+22 
------------------------------------------------------------------------
2.880e+04  3  7.686e+01  1770
                                Solution         8.9631e+06   9.8602e+06 
                                                 3.4824e+11   3.8331e+11 
                                ----------------------------------------
                                Sensitivity 1   -5.4975e+22  -6.0476e+22 
                                                 5.8239e+23   7.0579e+23 
                                ----------------------------------------
                                Sensitivity 2   -5.2367e+18  -6.4007e+18 
                                                -1.8450e+23  -2.2574e+23 
------------------------------------------------------------------------
3.600e+04  4  7.390e+01  1869
                                Solution         1.4433e+04   1.6660e+04 
                                                 3.4814e+11   4.0186e+11 
                                ----------------------------------------
                                Sensitivity 1   -8.8547e+19  -1.0220e+20 
                                                 5.6473e+23   7.6273e+23 
                                ----------------------------------------
                                Sensitivity 2   -9.0220e+15  -1.2170e+16 
                                                -1.9753e+23  -2.6679e+23 
------------------------------------------------------------------------
4.320e+04  4  3.395e+02  2060
                                Solution        -7.4045e-10  -2.2730e-09 
                                                 3.4900e+11   4.0867e+11 
                                ----------------------------------------
                                Sensitivity 1   -1.3416e+08  -1.4250e+08 
                                                 5.7083e+23   7.9553e+23 
                                ----------------------------------------
                                Sensitivity 2   -3.9675e+02   1.8000e+03 
                                                -1.9969e+23  -2.7830e+23 
------------------------------------------------------------------------
5.040e+04  5  5.107e+02  2078
                                Solution         1.4435e-10   5.1747e-11 
                                                 3.5570e+11   4.1225e+11 
                                ----------------------------------------
                                Sensitivity 1    1.5550e+08  -2.9240e+07 
                                                 5.9552e+23   8.1823e+23 
                                ----------------------------------------
                                Sensitivity 2    1.6935e+03  -2.3607e+02 
                                                -2.0833e+23  -2.8624e+23 
------------------------------------------------------------------------
5.760e+04  4  2.583e+00  2225
                                Solution         7.5646e-08  -5.9836e-08 
                                                 3.6425e+11   4.1628e+11 
                                ----------------------------------------
                                Sensitivity 1    4.4942e+08  -4.3028e+08 
                                                 6.2592e+23   8.4334e+23 
                                ----------------------------------------
                                Sensitivity 2   -8.0895e+08  -2.8841e+08 
                                                -2.1896e+23  -2.9502e+23 
------------------------------------------------------------------------
6.480e+04  3  5.510e+01  2313
                                Solution        -8.6469e-09   4.9835e-09 
                                                 3.6334e+11   4.2182e+11 
                                ----------------------------------------
                                Sensitivity 1   -1.3723e+09   8.3849e+08 
                                                 6.2461e+23   8.7310e+23 
                                ----------------------------------------
                                Sensitivity 2   -1.4216e+04   9.8927e+03 
                                                -2.1851e+23  -3.0543e+23 
------------------------------------------------------------------------
7.200e+04  5  4.602e+02  2364
                                Solution        -1.6633e-13   1.5371e-13 
                                                 3.6192e+11   4.3354e+11 
                                ----------------------------------------
                                Sensitivity 1    5.7493e+05  -7.4918e+05 
                                                 6.2310e+23   9.2796e+23 
                                ----------------------------------------
                                Sensitivity 2    5.6619e+00  -8.7547e+00 
                                                -2.1798e+23  -3.2463e+23 
------------------------------------------------------------------------
7.920e+04  5  4.602e+02  2379
                                Solution        -8.3799e-17   9.8416e-17 
                                                 3.6148e+11   4.4474e+11 
                                ----------------------------------------
                                Sensitivity 1   -3.4599e+03   5.7778e+03 
                                                 6.2481e+23   9.8067e+23 
                                ----------------------------------------
                                Sensitivity 2   -3.5247e-02   7.1292e-02 
                                                -2.1858e+23  -3.4306e+23 
------------------------------------------------------------------------
8.640e+04  5  4.602e+02  2395
                                Solution        -1.8795e-19   3.1636e-19 
                                                 3.6318e+11   4.4524e+11 
                                ----------------------------------------
                                Sensitivity 1    8.5852e+00  -1.0469e+01 
                                                 6.3248e+23   9.8819e+23 
                                ----------------------------------------
                                Sensitivity 2    8.3884e-05  -1.1733e-04 
                                                -2.2126e+23  -3.4570e+23 
------------------------------------------------------------------------

Final Statistics

nst     =  2395

nfe     =  3444
netf    =   171    nsetups  =   451
nni     =  3442    ncfn     =     3

nfSe    =  6888    nfeS     = 13776
netfs   =     0    nsetupsS =     0
nniS    =     0    ncfnS    =     0

nli     =  7360    ncfl     =     0
npe     =    58    nps      = 15942
