2-species diurnal advection-diffusion problem, 10 by 10 mesh
SPGMR solver; band preconditioner; mu = 2, ml = 2



Preconditioner type is:  jpre = PREC_LEFT

t = 7.20e+03   no. steps = 190   order = 5   stepsize = 1.61e+02
c1 (bot.left/middle/top rt.) =    1.047e+04     2.964e+04     1.119e+04
c2 (bot.left/middle/top rt.) =    2.527e+11     7.154e+11     2.700e+11

t = 1.44e+04   no. steps = 221   order = 5   stepsize = 3.83e+02
c1 (bot.left/middle/top rt.) =    6.659e+06     5.316e+06     7.301e+06
c2 (bot.left/middle/top rt.) =    2.582e+11     2.057e+11     2.833e+11

t = 2.16e+04   no. steps = 246   order = 5   stepsize = 2.78e+02
c1 (bot.left/middle/top rt.) =    2.665e+07     1.036e+07     2.931e+07
c2 (bot.left/middle/top rt.) =    2.993e+11     1.028e+11     3.313e+11

t = 2.88e+04   no. steps = 278   order = 4   stepsize = 1.89e+02
c1 (bot.left/middle/top rt.) =    8.702e+06     1.292e+07     9.650e+06
c2 (bot.left/middle/top rt.) =    3.380e+11     5.029e+11     3.751e+11

t = 3.60e+04   no. steps = 310   order = 5   stepsize = 9.80e+01
c1 (bot.left/middle/top rt.) =    1.404e+04     2.029e+04     1.561e+04
c2 (bot.left/middle/top rt.) =    3.387e+11     4.894e+11     3.765e+11

t = 4.32e+04   no. steps = 363   order = 4   stepsize = 4.40e+02
c1 (bot.left/middle/top rt.) =   -4.216e-12    -1.663e-10    -2.382e-12
c2 (bot.left/middle/top rt.) =    3.382e+11     1.355e+11     3.804e+11

t = 5.04e+04   no. steps = 382   order = 4   stepsize = 2.87e+02
c1 (bot.left/middle/top rt.) =    3.656e-14     3.236e-11    -1.866e-14
c2 (bot.left/middle/top rt.) =    3.358e+11     4.930e+11     3.864e+11

t = 5.76e+04   no. steps = 394   order = 5   stepsize = 5.78e+02
c1 (bot.left/middle/top rt.) =    9.981e-15    -7.388e-11     7.741e-13
c2 (bot.left/middle/top rt.) =    3.320e+11     9.650e+11     3.909e+11

t = 6.48e+04   no. steps = 405   order = 5   stepsize = 7.40e+02
c1 (bot.left/middle/top rt.) =    5.131e-12    -1.682e-10     1.275e-12
c2 (bot.left/middle/top rt.) =    3.313e+11     8.922e+11     3.963e+11

t = 7.20e+04   no. steps = 414   order = 5   stepsize = 7.40e+02
c1 (bot.left/middle/top rt.) =   -4.221e-12    -1.054e-10     1.396e-13
c2 (bot.left/middle/top rt.) =    3.330e+11     6.186e+11     4.039e+11

t = 7.92e+04   no. steps = 424   order = 5   stepsize = 7.40e+02
c1 (bot.left/middle/top rt.) =    5.164e-13     2.094e-10     1.664e-12
c2 (bot.left/middle/top rt.) =    3.334e+11     6.669e+11     4.120e+11

t = 8.64e+04   no. steps = 434   order = 5   stepsize = 7.40e+02
c1 (bot.left/middle/top rt.) =    5.700e-20     6.581e-17     3.398e-19
c2 (bot.left/middle/top rt.) =    3.352e+11     9.106e+11     4.162e+11


Final Statistics.. 

lenrw   =  2696     leniw   =    65
lenrwls =  2454     leniwls =    42
lenrwbp =  2800     leniwbp =   622
nst     =   434
nfe     =   551     nfetot  =  1085
nfeLS   =   494     nfeBP   =    40
nni     =   548     nli     =   494
nsetups =    68     netf    =    24
npe     =     8     nps     =   975
ncfn    =     0     ncfl    =     0



-------------------------------------------------------------------


Preconditioner type is:  jpre = PREC_RIGHT

t = 7.20e+03   no. steps = 219   order = 5   stepsize = 1.55e+02
c1 (bot.left/middle/top rt.) =    1.047e+04     2.964e+04     1.119e+04
c2 (bot.left/middle/top rt.) =    2.527e+11     7.154e+11     2.700e+11

t = 1.44e+04   no. steps = 251   order = 5   stepsize = 3.60e+02
c1 (bot.left/middle/top rt.) =    6.659e+06     5.316e+06     7.301e+06
c2 (bot.left/middle/top rt.) =    2.582e+11     2.057e+11     2.833e+11

t = 2.16e+04   no. steps = 275   order = 5   stepsize = 3.93e+02
c1 (bot.left/middle/top rt.) =    2.665e+07     1.036e+07     2.931e+07
c2 (bot.left/middle/top rt.) =    2.993e+11     1.028e+11     3.313e+11

t = 2.88e+04   no. steps = 317   order = 3   stepsize = 5.75e+01
c1 (bot.left/middle/top rt.) =    8.702e+06     1.292e+07     9.650e+06
c2 (bot.left/middle/top rt.) =    3.380e+11     5.029e+11     3.751e+11

t = 3.60e+04   no. steps = 363   order = 4   stepsize = 9.02e+01
c1 (bot.left/middle/top rt.) =    1.404e+04     2.029e+04     1.561e+04
c2 (bot.left/middle/top rt.) =    3.387e+11     4.894e+11     3.765e+11

t = 4.32e+04   no. steps = 425   order = 4   stepsize = 5.06e+02
c1 (bot.left/middle/top rt.) =   -1.155e-08    -3.823e-09    -1.293e-08
c2 (bot.left/middle/top rt.) =    3.382e+11     1.355e+11     3.804e+11

t = 5.04e+04   no. steps = 441   order = 4   stepsize = 3.37e+02
c1 (bot.left/middle/top rt.) =    3.795e-11     3.120e-08    -1.133e-11
c2 (bot.left/middle/top rt.) =    3.358e+11     4.930e+11     3.864e+11

t = 5.76e+04   no. steps = 454   order = 5   stepsize = 4.18e+02
c1 (bot.left/middle/top rt.) =   -2.223e-12    -1.858e-08     1.540e-10
c2 (bot.left/middle/top rt.) =    3.320e+11     9.650e+11     3.909e+11

t = 6.48e+04   no. steps = 466   order = 5   stepsize = 7.04e+02
c1 (bot.left/middle/top rt.) =    7.370e-14    -2.412e-12    -8.556e-14
c2 (bot.left/middle/top rt.) =    3.313e+11     8.922e+11     3.963e+11

t = 7.20e+04   no. steps = 476   order = 5   stepsize = 7.04e+02
c1 (bot.left/middle/top rt.) =   -7.180e-14     1.803e-12     6.491e-14
c2 (bot.left/middle/top rt.) =    3.330e+11     6.186e+11     4.039e+11

t = 7.92e+04   no. steps = 486   order = 5   stepsize = 7.04e+02
c1 (bot.left/middle/top rt.) =   -1.384e-15     7.401e-14    -6.849e-15
c2 (bot.left/middle/top rt.) =    3.334e+11     6.669e+11     4.120e+11

t = 8.64e+04   no. steps = 496   order = 5   stepsize = 7.04e+02
c1 (bot.left/middle/top rt.) =    6.338e-24    -6.830e-18    -1.266e-22
c2 (bot.left/middle/top rt.) =    3.352e+11     9.107e+11     4.163e+11


Final Statistics.. 

lenrw   =  2696     leniw   =    65
lenrwls =  2454     leniwls =    42
lenrwbp =  2800     leniwbp =   622
nst     =   496
nfe     =   622     nfetot  =  1478
nfeLS   =   811     nfeBP   =    45
nni     =   619     nli     =   811
nsetups =    78     netf    =    25
npe     =     9     nps     =  1331
ncfn    =     0     ncfl    =     0

