
2-species diurnal advection-diffusion problem
Sensitivity: YES ( STAGGERED + FULL ERROR CONTROL )

========================================================================
     T     Q       H      NST                    Bottom left  Top right 
========================================================================
7.200e+03  3  3.161e+01   465
                                Solution         1.0593e+04   1.1152e+04 
                                                 2.5567e+11   2.6917e+11 
                                ----------------------------------------
                                Sensitivity 1   -6.4963e+19  -6.8394e+19 
                                                 7.2121e+19   7.6304e+19 
                                ----------------------------------------
                                Sensitivity 2   -4.4900e+14  -4.9768e+14 
                                                -2.5041e+18  -2.7674e+18 
------------------------------------------------------------------------
1.440e+04  5  6.933e+01   529
                                Solution         6.9172e+06   7.2517e+06 
                                                 2.6829e+11   2.8137e+11 
                                ----------------------------------------
                                Sensitivity 1   -4.2432e+22  -4.4483e+22 
                                                 6.2762e+22   6.6563e+22 
                                ----------------------------------------
                                Sensitivity 2   -4.8955e+17  -5.3580e+17 
                                                -7.1115e+21  -7.7236e+21 
------------------------------------------------------------------------
2.160e+04  4  2.270e+02   633
                                Solution         2.7558e+07   2.9196e+07 
                                                 3.1024e+11   3.3000e+11 
                                ----------------------------------------
                                Sensitivity 1   -1.6903e+23  -1.7907e+23 
                                                 4.0588e+23   4.4683e+23 
                                ----------------------------------------
                                Sensitivity 2   -8.2851e+18  -9.3610e+18 
                                                -8.2851e+22  -9.3662e+22 
------------------------------------------------------------------------
2.880e+04  4  1.562e+02   680
                                Solution         8.9631e+06   9.8602e+06 
                                                 3.4824e+11   3.8331e+11 
                                ----------------------------------------
                                Sensitivity 1   -5.4975e+22  -6.0476e+22 
                                                 5.8239e+23   7.0579e+23 
                                ----------------------------------------
                                Sensitivity 2   -5.2367e+18  -6.4007e+18 
                                                -1.8450e+23  -2.2574e+23 
------------------------------------------------------------------------
3.600e+04  4  1.246e+02   712
                                Solution         1.4433e+04   1.6660e+04 
                                                 3.4814e+11   4.0186e+11 
                                ----------------------------------------
                                Sensitivity 1   -8.8547e+19  -1.0220e+20 
                                                 5.6473e+23   7.6273e+23 
                                ----------------------------------------
                                Sensitivity 2   -9.0220e+15  -1.2170e+16 
                                                -1.9753e+23  -2.6679e+23 
------------------------------------------------------------------------
4.320e+04  3  3.361e+02   782
                                Solution        -9.5547e-10  -1.1160e-09 
                                                 3.4900e+11   4.0867e+11 
                                ----------------------------------------
                                Sensitivity 1    1.6907e+07   1.9769e+07 
                                                 5.7083e+23   7.9553e+23 
                                ----------------------------------------
                                Sensitivity 2   -1.0700e+06  -1.3167e+06 
                                                -1.9969e+23  -2.7830e+23 
------------------------------------------------------------------------
5.040e+04  3  3.361e+02   803
                                Solution         6.6811e-11   6.0746e-11 
                                                 3.5570e+11   4.1225e+11 
                                ----------------------------------------
                                Sensitivity 1   -4.0965e+05  -3.7240e+05 
                                                 5.9552e+23   8.1822e+23 
                                ----------------------------------------
                                Sensitivity 2   -8.1243e+01  -9.7340e+01 
                                                -2.0833e+23  -2.8624e+23 
------------------------------------------------------------------------
5.760e+04  4  1.816e+02   835
                                Solution         2.5102e-09   1.6386e-09 
                                                 3.6425e+11   4.1628e+11 
                                ----------------------------------------
                                Sensitivity 1    9.8978e+07   5.8370e+07 
                                                 6.2593e+23   8.4334e+23 
                                ----------------------------------------
                                Sensitivity 2    1.0038e+03   6.7697e+02 
                                                -2.1897e+23  -2.9502e+23 
------------------------------------------------------------------------
6.480e+04  4  1.829e+02   876
                                Solution        -1.8281e-09  -1.2408e-09 
                                                 3.6334e+11   4.2182e+11 
                                ----------------------------------------
                                Sensitivity 1   -3.1285e+08  -2.0902e+08 
                                                 6.2460e+23   8.7310e+23 
                                ----------------------------------------
                                Sensitivity 2   -1.3157e+06  -8.2546e+05 
                                                -2.1850e+23  -3.0543e+23 
------------------------------------------------------------------------
7.200e+04  5  4.621e+02   901
                                Solution        -3.1983e-10  -2.1633e-10 
                                                 3.6192e+11   4.3354e+11 
                                ----------------------------------------
                                Sensitivity 1    2.0709e+07   1.4087e+07 
                                                 6.2310e+23   9.2796e+23 
                                ----------------------------------------
                                Sensitivity 2   -2.2225e+06  -1.5873e+06 
                                                -2.1798e+23  -3.2463e+23 
------------------------------------------------------------------------
7.920e+04  5  4.621e+02   916
                                Solution         2.3387e-13   1.5913e-13 
                                                 3.6148e+11   4.4474e+11 
                                ----------------------------------------
                                Sensitivity 1   -8.1405e+04  -5.5225e+04 
                                                 6.2481e+23   9.8068e+23 
                                ----------------------------------------
                                Sensitivity 2    5.1771e+03   3.6518e+03 
                                                -2.1858e+23  -3.4307e+23 
------------------------------------------------------------------------
8.640e+04  5  4.621e+02   932
                                Solution         2.8157e-16   1.9213e-16 
                                                 3.6318e+11   4.4524e+11 
                                ----------------------------------------
                                Sensitivity 1   -2.7154e+01  -1.8317e+01 
                                                 6.3248e+23   9.8819e+23 
                                ----------------------------------------
                                Sensitivity 2    2.7542e-01   3.0347e-01 
                                                -2.2126e+23  -3.4569e+23 
------------------------------------------------------------------------

Final Statistics

nst     =   932

nfe     =  1992
netf    =     8    nsetups  =   129
nni     =  1029    ncfn     =     0

nfSe    =  2220    nfeS     =  4440
netfs   =    29    nsetupsS =     0
nniS    =  1108    ncfnS    =     0

nli     =  3050    ncfl     =     0
npe     =    21    nps      =  5954
