 
2-species diurnal advection-diffusion problem

t = 7.20e+03   no. steps = 219   order = 5   stepsize = 1.59e+02
c1 (bot.left/middle/top rt.) =    1.047e+04     2.964e+04     1.119e+04
c2 (bot.left/middle/top rt.) =    2.527e+11     7.154e+11     2.700e+11

t = 1.44e+04   no. steps = 251   order = 5   stepsize = 3.77e+02
c1 (bot.left/middle/top rt.) =    6.659e+06     5.316e+06     7.301e+06
c2 (bot.left/middle/top rt.) =    2.582e+11     2.057e+11     2.833e+11

t = 2.16e+04   no. steps = 276   order = 5   stepsize = 2.92e+02
c1 (bot.left/middle/top rt.) =    2.665e+07     1.036e+07     2.931e+07
c2 (bot.left/middle/top rt.) =    2.993e+11     1.028e+11     3.313e+11

t = 2.88e+04   no. steps = 330   order = 4   stepsize = 1.39e+02
c1 (bot.left/middle/top rt.) =    8.702e+06     1.292e+07     9.650e+06
c2 (bot.left/middle/top rt.) =    3.380e+11     5.029e+11     3.751e+11

t = 3.60e+04   no. steps = 369   order = 4   stepsize = 7.27e+01
c1 (bot.left/middle/top rt.) =    1.404e+04     2.029e+04     1.561e+04
c2 (bot.left/middle/top rt.) =    3.387e+11     4.894e+11     3.765e+11

t = 4.32e+04   no. steps = 436   order = 4   stepsize = 5.35e+02
c1 (bot.left/middle/top rt.) =   -3.377e-06     7.518e-06    -3.748e-06
c2 (bot.left/middle/top rt.) =    3.382e+11     1.355e+11     3.804e+11

t = 5.04e+04   no. steps = 453   order = 4   stepsize = 2.87e+02
c1 (bot.left/middle/top rt.) =    7.719e-09     5.844e-06    -7.144e-10
c2 (bot.left/middle/top rt.) =    3.358e+11     4.930e+11     3.864e+11

t = 5.76e+04   no. steps = 468   order = 5   stepsize = 4.82e+02
c1 (bot.left/middle/top rt.) =    1.147e-08     2.223e-05    -3.357e-08
c2 (bot.left/middle/top rt.) =    3.320e+11     9.650e+11     3.909e+11

t = 6.48e+04   no. steps = 480   order = 5   stepsize = 7.27e+02
c1 (bot.left/middle/top rt.) =    6.979e-09     6.995e-06    -2.160e-08
c2 (bot.left/middle/top rt.) =    3.313e+11     8.922e+11     3.963e+11

t = 7.20e+04   no. steps = 490   order = 5   stepsize = 7.27e+02
c1 (bot.left/middle/top rt.) =   -4.161e-10    -3.461e-07     1.068e-09
c2 (bot.left/middle/top rt.) =    3.330e+11     6.186e+11     4.039e+11

t = 7.92e+04   no. steps = 500   order = 5   stepsize = 7.27e+02
c1 (bot.left/middle/top rt.) =    2.069e-11     1.345e-08    -4.122e-11
c2 (bot.left/middle/top rt.) =    3.334e+11     6.669e+11     4.120e+11

t = 8.64e+04   no. steps = 510   order = 5   stepsize = 7.27e+02
c1 (bot.left/middle/top rt.) =   -1.042e-12    -5.102e-10     1.550e-12
c2 (bot.left/middle/top rt.) =    3.352e+11     9.107e+11     4.163e+11


Final Statistics.. 

lenrw   =  2696     leniw   =    65
lenrwLS =  2454     leniwLS =    42
nst     =   510
nfe     =   648     nfeLS   =     0
nni     =   645     nli     =   661
nsetups =    86     netf    =    28
npe     =     9     nps     =  1251
ncfn    =     0     ncfl    =     0

