
Create and allocate CVODES memory for forward run

Allocate global memory

Forward integration

ncheck = 7

   g = int_x int_y c6(Tfinal,x,y) dx dy = 35989.502335 


Create and allocate CVODES memory for backward run

Backward integration

Maximum sensitivity with respect to I.C. of species 1
  mu max = 5.071078e-04
at
  x = 1.000000e+00
  y = 1.000000e+00

Maximum sensitivity with respect to I.C. of species 2
  mu max = 4.830905e-04
at
  x = 1.000000e+00
  y = 1.000000e+00

Maximum sensitivity with respect to I.C. of species 3
  mu max = 4.609608e-04
at
  x = 1.000000e+00
  y = 1.000000e+00

Maximum sensitivity with respect to I.C. of species 4
  mu max = 8.055270e-12
at
  x = 1.000000e+00
  y = 1.000000e+00

Maximum sensitivity with respect to I.C. of species 5
  mu max = 8.016917e-12
at
  x = 1.000000e+00
  y = 1.000000e+00

Maximum sensitivity with respect to I.C. of species 6
  mu max = 8.262841e-12
at
  x = 1.000000e+00
  y = 1.000000e+00
