

Demonstration program for CVODES - SPGMR linear solver

Food web problem with ns species, ns = 6
Predator-prey interaction and diffusion on a 2-D square

Matrix parameters: a = 1   e = 1e+04   g = 5e-07
b parameter = 1
Diffusion coefficients: Dprey = 1   Dpred = 0.5
Rate parameter alpha = 1

Mesh dimensions (mx,my) are 6, 6.  Total system size is neq = 216 

Tolerances: reltol = 1e-05, abstol = 1e-05 

Preconditioning uses a product of:
  (1) Gauss-Seidel iterations with itmax = 5 iterations, and
  (2) interaction-only block-diagonal matrix with block-grouping
  Number of diagonal block groups = ngrp = 4  (ngx by ngy, ngx = 2, ngy = 2)


----------------------------------------------------------------------------


Preconditioner type is           jpre = PREC_LEFT

Gram-Schmidt method type is    gstype = MODIFIED_GS


c values at t = 0:

Species 1
10        10        10        10        10        10        
10        10.1678   10.3775   10.3775   10.1678   10        
10        10.3775   10.8493   10.8493   10.3775   10        
10        10.3775   10.8493   10.8493   10.3775   10        
10        10.1678   10.3775   10.3775   10.1678   10        
10        10        10        10        10        10        

Species 2
10        10        10        10        10        10        
10        10.3355   10.755    10.755    10.3355   10        
10        10.755    11.6987   11.6987   10.755    10        
10        10.755    11.6987   11.6987   10.755    10        
10        10.3355   10.755    10.755    10.3355   10        
10        10        10        10        10        10        

Species 3
10        10        10        10        10        10        
10        10.5033   11.1325   11.1325   10.5033   10        
10        11.1325   12.548    12.548    11.1325   10        
10        11.1325   12.548    12.548    11.1325   10        
10        10.5033   11.1325   11.1325   10.5033   10        
10        10        10        10        10        10        

Species 4
10        10        10        10        10        10        
10        10.6711   11.5099   11.5099   10.6711   10        
10        11.5099   13.3974   13.3974   11.5099   10        
10        11.5099   13.3974   13.3974   11.5099   10        
10        10.6711   11.5099   11.5099   10.6711   10        
10        10        10        10        10        10        

Species 5
10        10        10        10        10        10        
10        10.8389   11.8874   11.8874   10.8389   10        
10        11.8874   14.2467   14.2467   11.8874   10        
10        11.8874   14.2467   14.2467   11.8874   10        
10        10.8389   11.8874   11.8874   10.8389   10        
10        10        10        10        10        10        

Species 6
10        10        10        10        10        10        
10        11.0066   12.2649   12.2649   11.0066   10        
10        12.2649   15.0961   15.0961   12.2649   10        
10        12.2649   15.0961   15.0961   12.2649   10        
10        11.0066   12.2649   12.2649   11.0066   10        
10        10        10        10        10        10        

t =   1.00e-08  nst = 3  nfe = 9  nni = 6  qu = 2  hu =    1.76e-08

t =   1.00e-07  nst = 7  nfe = 13  nni = 10  qu = 2  hu =    4.78e-08

t =   1.00e-06  nst = 15  nfe = 23  nni = 20  qu = 3  hu =    1.50e-07

c values at t = 1e-06:

Species 1
9.99991   9.99992   9.99993   9.99993   9.99993   9.99992   
9.99992   10.1677   10.3774   10.3774   10.1677   9.99993   
9.99993   10.3774   10.8492   10.8492   10.3774   9.99993   
9.99993   10.3774   10.8492   10.8492   10.3774   9.99993   
9.99992   10.1677   10.3774   10.3774   10.1677   9.99992   
9.99991   9.99992   9.99993   9.99993   9.99992   9.99991   

Species 2
9.99991   9.99993   9.99995   9.99995   9.99993   9.99992   
9.99993   10.3355   10.7549   10.7549   10.3355   9.99993   
9.99995   10.7549   11.6985   11.6985   10.7549   9.99995   
9.99995   10.7549   11.6985   11.6985   10.7549   9.99995   
9.99993   10.3355   10.7549   10.7549   10.3355   9.99993   
9.99991   9.99993   9.99995   9.99995   9.99993   9.99991   

Species 3
9.99991   9.99994   9.99997   9.99997   9.99994   9.99992   
9.99994   10.5032   11.1323   11.1323   10.5032   9.99994   
9.99997   11.1323   12.5478   12.5478   11.1323   9.99997   
9.99997   11.1323   12.5478   12.5478   11.1323   9.99997   
9.99994   10.5032   11.1323   11.1323   10.5032   9.99994   
9.99991   9.99994   9.99997   9.99997   9.99994   9.99991   

Species 4
13.499    13.499    13.499    13.499    13.499    13.4989   
13.499    14.5506   15.8932   15.8932   14.5506   13.499    
13.499    15.8932   19.0308   19.0308   15.8932   13.499    
13.499    15.8932   19.0308   19.0308   15.8932   13.499    
13.499    14.5506   15.8932   15.8932   14.5506   13.499    
13.499    13.499    13.499    13.499    13.499    13.499    

Species 5
13.499    13.499    13.499    13.499    13.499    13.4989   
13.499    14.7794   16.4145   16.4145   14.7794   13.499    
13.499    16.4145   20.2373   20.2373   16.4145   13.499    
13.499    16.4145   20.2373   20.2373   16.4145   13.499    
13.499    14.7794   16.4145   16.4145   14.7794   13.499    
13.499    13.499    13.499    13.499    13.499    13.499    

Species 6
13.499    13.499    13.499    13.499    13.499    13.4989   
13.499    15.0082   16.9357   16.9357   15.0082   13.499    
13.499    16.9357   21.4437   21.4437   16.9357   13.499    
13.499    16.9357   21.4437   21.4437   16.9357   13.499    
13.499    15.0082   16.9357   16.9357   15.0082   13.499    
13.499    13.499    13.499    13.499    13.499    13.499    

t =   1.00e-05  nst = 34  nfe = 46  nni = 43  qu = 5  hu =    6.11e-07

t =   1.00e-04  nst = 116  nfe = 136  nni = 133  qu = 5  hu =    5.52e-06

t =   1.00e-03  nst = 135  nfe = 155  nni = 152  qu = 2  hu =    3.55e-04

c values at t = 0.001:

Species 1
9.90702   9.91664   9.92836   9.93033   9.92253   9.91674   
9.91472   10.0746   10.2769   10.2785   10.0795   9.92253   
9.92446   10.2748   10.7181   10.7194   10.2785   9.93033   
9.92445   10.2744   10.7173   10.7181   10.2769   9.92836   
9.91469   10.0734   10.2744   10.2748   10.0746   9.91664   
9.90697   9.91469   9.92445   9.92446   9.91472   9.90702   

Species 2
9.90741   9.92474   9.94623   9.9482    9.93064   9.91713   
9.92282   10.2412   10.644    10.6457   10.2461   9.93064   
9.94232   10.6419   11.5267   11.5281   10.6457   9.9482    
9.94231   10.6415   11.5258   11.5267   10.644    9.94623   
9.92279   10.24     10.6415   10.6419   10.2412   9.92474   
9.90737   9.92279   9.94231   9.94232   9.92282   9.90741   

Species 3
9.90781   9.93284   9.96408   9.96606   9.93874   9.91752   
9.93092   10.4078   11.0109   11.0127   10.4127   9.93874   
9.96017   11.0088   12.3339   12.3354   11.0127   9.96606   
9.96016   11.0083   12.3329   12.3339   11.0109   9.96408   
9.93089   10.4065   11.0083   11.0088   10.4078   9.93284   
9.90776   9.93089   9.96016   9.96017   9.93092   9.90781   

Species 4
297231    297749    298393    298451    297925    297520    
297692    307244    319327    319378    307390    297925    
298276    319264    345799    345840    319378    298451    
298276    319252    345771    345799    319327    298393    
297691    307208    319252    319264    307244    297749    
297229    297691    298276    298276    297692    297231    

Species 5
297231    297749    298393    298451    297925    297520    
297692    307244    319327    319378    307390    297925    
298276    319264    345799    345840    319378    298451    
298276    319252    345771    345799    319327    298393    
297691    307208    319252    319264    307244    297749    
297229    297691    298276    298276    297692    297231    

Species 6
297231    297749    298393    298451    297925    297520    
297692    307244    319327    319378    307390    297925    
298276    319264    345799    345840    319378    298451    
298276    319252    345771    345799    319327    298393    
297691    307208    319252    319264    307244    297749    
297229    297691    298276    298276    297692    297231    

t =   1.00e-02  nst = 143  nfe = 165  nni = 162  qu = 3  hu =    1.39e-03

t =   1.00e-01  nst = 165  nfe = 190  nni = 187  qu = 5  hu =    6.05e-03

t =   1.00e+00  nst = 229  nfe = 259  nni = 256  qu = 3  hu =    2.66e-02

c values at t = 1:

Species 1
1.58852   1.59925   1.62153   1.64766   1.67037   1.6815    
1.58534   1.59505   1.61549   1.63953   1.66034   1.67037   
1.57758   1.58549   1.6024    1.62236   1.63953   1.64766   
1.56822   1.57413   1.58707   1.6024    1.61549   1.62153   
1.56049   1.56464   1.57413   1.58549   1.59505   1.59925   
1.55734   1.56049   1.56822   1.57758   1.58534   1.58852   

Species 2
1.59068   1.60142   1.62372   1.64988   1.67262   1.68376   
1.58749   1.59721   1.61768   1.64175   1.66258   1.67262   
1.57972   1.58764   1.60458   1.62456   1.64175   1.64988   
1.57035   1.57627   1.58923   1.60458   1.61768   1.62372   
1.56262   1.56677   1.57627   1.58764   1.59721   1.60142   
1.55946   1.56262   1.57035   1.57972   1.58749   1.59068   

Species 3
1.59272   1.60347   1.62579   1.65198   1.67475   1.6859    
1.58953   1.59925   1.61974   1.64384   1.66469   1.67475   
1.58175   1.58967   1.60663   1.62663   1.64384   1.65198   
1.57237   1.5783    1.59126   1.60663   1.61974   1.62579   
1.56463   1.56879   1.5783    1.58967   1.59925   1.60347   
1.56147   1.56463   1.57237   1.58175   1.58953   1.59272   

Species 4
47718.7   48040.6   48709.4   49493.9   50175.8   50509.8   
47623.1   47914.4   48528.2   49250     49874.8   50175.8   
47390.1   47627.3   48135.3   48734.5   49250     49493.9   
47108.8   47286.4   47674.9   48135.3   48528.2   48709.4   
46877     47001.4   47286.4   47627.3   47914.4   48040.6   
46782.2   46877     47108.8   47390.1   47623.1   47718.7   

Species 5
47718.7   48040.6   48709.4   49493.9   50175.8   50509.8   
47623.1   47914.4   48528.2   49250     49874.8   50175.8   
47390.1   47627.3   48135.3   48734.5   49250     49493.9   
47108.8   47286.4   47674.9   48135.3   48528.2   48709.4   
46877     47001.4   47286.4   47627.3   47914.4   48040.6   
46782.2   46877     47108.8   47390.1   47623.1   47718.7   

Species 6
47718.7   48040.7   48709.4   49493.9   50175.8   50509.8   
47623.1   47914.4   48528.2   49250     49874.8   50175.8   
47390.1   47627.3   48135.3   48734.5   49250     49493.9   
47108.8   47286.4   47674.9   48135.3   48528.2   48709.4   
46877     47001.4   47286.4   47627.3   47914.4   48040.7   
46782.2   46877     47108.8   47390.1   47623.1   47718.7   

t =   2.00e+00  nst = 260  nfe = 290  nni = 287  qu = 3  hu =    4.12e-02

t =   3.00e+00  nst = 280  nfe = 311  nni = 308  qu = 3  hu =    6.35e-02

t =   4.00e+00  nst = 290  nfe = 322  nni = 319  qu = 3  hu =    1.00e-01

c values at t = 4:

Species 1
1.19536   1.20368   1.2211    1.24158   1.25935   1.26801   
1.19281   1.20036   1.21636   1.23523   1.25154   1.25935   
1.18658   1.19274   1.20603   1.22174   1.23523   1.24158   
1.17905   1.18368   1.1939    1.20603   1.21636   1.2211    
1.17285   1.17613   1.18368   1.19274   1.20036   1.20368   
1.17033   1.17285   1.17905   1.18658   1.19281   1.19536   

Species 2
1.19539   1.20372   1.22114   1.24161   1.25939   1.26804   
1.19284   1.20039   1.2164    1.23527   1.25158   1.25939   
1.18661   1.19278   1.20606   1.22177   1.23527   1.24161   
1.17908   1.18372   1.19393   1.20606   1.2164    1.22114   
1.17288   1.17616   1.18372   1.19278   1.20039   1.20372   
1.17036   1.17288   1.17908   1.18661   1.19284   1.19539   

Species 3
1.19542   1.20375   1.22117   1.24165   1.25942   1.26807   
1.19287   1.20042   1.21643   1.2353    1.25161   1.25942   
1.18664   1.19281   1.2061    1.22181   1.2353    1.24165   
1.17911   1.18375   1.19396   1.2061    1.21643   1.22117   
1.17291   1.1762    1.18375   1.19281   1.20042   1.20375   
1.17039   1.17291   1.17911   1.18664   1.19287   1.19542   

Species 4
35861     36110.2   36632.6   37246.7   37779.5   38039     
35784.2   36010.7   36490.6   37056.4   37545.7   37779.5   
35597.5   35782.1   36180.7   36651.8   37056.4   37246.7   
35371.5   35510.6   35816.9   36180.7   36490.6   36632.6   
35185.6   35283.9   35510.6   35782.1   36010.7   36110.2   
35110     35185.6   35371.5   35597.5   35784.2   35861     

Species 5
35861     36110.2   36632.7   37246.7   37779.5   38039     
35784.2   36010.7   36490.6   37056.4   37545.6   37779.5   
35597.5   35782.1   36180.8   36651.8   37056.4   37246.7   
35371.5   35510.6   35816.8   36180.8   36490.6   36632.7   
35185.6   35283.9   35510.6   35782.1   36010.7   36110.2   
35109.9   35185.6   35371.5   35597.5   35784.2   35861     

Species 6
35861     36110.2   36632.7   37246.7   37779.6   38039     
35784.2   36010.7   36490.5   37056.5   37545.6   37779.6   
35597.5   35782.1   36180.8   36651.7   37056.5   37246.7   
35371.5   35510.6   35816.8   36180.8   36490.5   36632.7   
35185.6   35283.9   35510.6   35782.1   36010.7   36110.2   
35109.9   35185.6   35371.5   35597.5   35784.2   35861     

t =   5.00e+00  nst = 300  nfe = 332  nni = 329  qu = 3  hu =    1.00e-01

t =   6.00e+00  nst = 310  nfe = 343  nni = 340  qu = 3  hu =    1.00e-01

t =   7.00e+00  nst = 320  nfe = 353  nni = 350  qu = 3  hu =    1.00e-01

c values at t = 7:

Species 1
1.18854   1.19682   1.21415   1.23453   1.25221   1.26082   
1.186     1.19351   1.20944   1.22822   1.24444   1.25221   
1.1798    1.18593   1.19916   1.21479   1.22822   1.23453   
1.17231   1.17692   1.18708   1.19916   1.20944   1.21415   
1.16614   1.1694    1.17692   1.18593   1.19351   1.19682   
1.16363   1.16614   1.17231   1.1798    1.186     1.18854   

Species 2
1.18854   1.19683   1.21415   1.23453   1.25222   1.26082   
1.186     1.19351   1.20944   1.22822   1.24444   1.25222   
1.1798    1.18594   1.19916   1.21479   1.22822   1.23453   
1.17231   1.17692   1.18709   1.19916   1.20944   1.21415   
1.16614   1.1694    1.17692   1.18594   1.19351   1.19683   
1.16363   1.16614   1.17231   1.1798    1.186     1.18854   

Species 3
1.18854   1.19683   1.21416   1.23453   1.25222   1.26082   
1.18601   1.19351   1.20944   1.22822   1.24444   1.25222   
1.1798    1.18594   1.19916   1.21479   1.22822   1.23453   
1.17231   1.17692   1.18709   1.19916   1.20944   1.21416   
1.16614   1.1694    1.17692   1.18594   1.19351   1.19683   
1.16363   1.16614   1.17231   1.1798    1.18601   1.18854   

Species 4
35655.4   35903.5   36423.2   37034.2   37564.3   37822.4   
35579.2   35804.3   36281.9   36844.8   37331.6   37564.3   
35393.2   35576.9   35973.5   36442.3   36844.8   37034.2   
35168.3   35306.6   35611.5   35973.5   36281.9   36423.2   
34983.2   35081.1   35306.6   35576.9   35804.3   35903.5   
34908     34983.2   35168.3   35393.2   35579.2   35655.4   

Species 5
35655.4   35903.6   36423.1   37034.2   37564.3   37822.5   
35579.2   35804.3   36281.9   36844.8   37331.6   37564.3   
35393.1   35577     35973.5   36442.3   36844.8   37034.2   
35168.4   35306.6   35611.5   35973.5   36281.9   36423.1   
34983.2   35081.2   35306.6   35577     35804.3   35903.6   
34908     34983.2   35168.4   35393.1   35579.2   35655.4   

Species 6
35655.4   35903.6   36423.1   37034.2   37564.2   37822.5   
35579.2   35804.3   36282     36844.8   37331.7   37564.2   
35393.1   35577     35973.4   36442.4   36844.8   37034.2   
35168.4   35306.6   35611.5   35973.4   36282     36423.1   
34983.2   35081.2   35306.6   35577     35804.3   35903.6   
34908     34983.2   35168.4   35393.1   35579.2   35655.4   

t =   8.00e+00  nst = 330  nfe = 363  nni = 360  qu = 3  hu =    1.00e-01

t =   9.00e+00  nst = 340  nfe = 374  nni = 371  qu = 3  hu =    1.00e-01

t =   1.00e+01  nst = 350  nfe = 384  nni = 381  qu = 3  hu =    1.00e-01

c values at t = 10:

Species 1
1.18838   1.19667   1.21399   1.23437   1.25205   1.26066   
1.18585   1.19335   1.20928   1.22805   1.24428   1.25205   
1.17964   1.18578   1.199     1.21463   1.22805   1.23437   
1.17215   1.17676   1.18693   1.199     1.20928   1.21399   
1.16598   1.16925   1.17676   1.18578   1.19335   1.19667   
1.16347   1.16598   1.17215   1.17964   1.18585   1.18838   

Species 2
1.18838   1.19667   1.21399   1.23437   1.25205   1.26066   
1.18585   1.19335   1.20928   1.22805   1.24428   1.25205   
1.17964   1.18578   1.199     1.21463   1.22805   1.23437   
1.17215   1.17676   1.18693   1.199     1.20928   1.21399   
1.16598   1.16925   1.17676   1.18578   1.19335   1.19667   
1.16347   1.16598   1.17215   1.17964   1.18585   1.18838   

Species 3
1.18838   1.19667   1.21399   1.23437   1.25205   1.26066   
1.18585   1.19335   1.20928   1.22805   1.24428   1.25205   
1.17964   1.18578   1.199     1.21463   1.22805   1.23437   
1.17215   1.17676   1.18693   1.199     1.20928   1.21399   
1.16598   1.16925   1.17676   1.18578   1.19335   1.19667   
1.16347   1.16598   1.17215   1.17964   1.18585   1.18838   

Species 4
35650.7   35898.8   36418.4   37029.2   37559.5   37817.3   
35574.5   35799.6   36277     36840.1   37326.6   37559.5   
35388.5   35572.3   35968.7   36437.4   36840.1   37029.2   
35163.7   35301.9   35606.7   35968.7   36277     36418.4   
34978.5   35076.5   35301.9   35572.3   35799.6   35898.8   
34903.3   34978.5   35163.7   35388.5   35574.5   35650.7   

Species 5
35650.7   35898.7   36418.4   37029.2   37559.5   37817.3   
35574.4   35799.6   36277     36840.1   37326.5   37559.5   
35388.5   35572.2   35968.8   36437.4   36840.1   37029.2   
35163.7   35302     35606.7   35968.8   36277     36418.4   
34978.6   35076.5   35302     35572.2   35799.6   35898.7   
34903.3   34978.6   35163.7   35388.5   35574.4   35650.7   

Species 6
35650.7   35898.7   36418.5   37029.1   37559.6   37817.2   
35574.4   35799.6   36277     36840.2   37326.5   37559.6   
35388.5   35572.2   35968.8   36437.3   36840.2   37029.1   
35163.6   35302     35606.6   35968.8   36277     36418.5   
34978.6   35076.4   35302     35572.2   35799.6   35898.7   
34903.3   34978.6   35163.6   35388.5   35574.4   35650.7   



 Final statistics for this run:

 CVode real workspace length           = 2904 
 CVode integer workspace length        =   65 
 CVLS real workspace length            = 2646 
 CVLS integer workspace length         =   42 
 Number of steps                       =  350 
 Number of f-s                         =  384 
 Number of f-s (SPGMR)                 =  590 
 Number of f-s (TOTAL)                 =  974 
 Number of setups                      =   40 
 Number of nonlinear iterations        =  381 
 Number of linear iterations           =  590 
 Number of preconditioner evaluations  =   40 
 Number of preconditioner solves       =  955 
 Number of error test failures         =    1 
 Number of nonlinear conv. failures    =    0 
 Number of linear convergence failures =    0 
 Average Krylov subspace dimension     = 1.549 


----------------------------------------------------------------------------
----------------------------------------------------------------------------


Preconditioner type is           jpre = PREC_LEFT

Gram-Schmidt method type is    gstype = CLASSICAL_GS


t =   1.00e-08  nst = 3  nfe = 9  nni = 6  qu = 2  hu =    1.76e-08

t =   1.00e-07  nst = 7  nfe = 13  nni = 10  qu = 2  hu =    4.78e-08

t =   1.00e-06  nst = 15  nfe = 23  nni = 20  qu = 3  hu =    1.50e-07

t =   1.00e-05  nst = 34  nfe = 46  nni = 43  qu = 5  hu =    6.11e-07

t =   1.00e-04  nst = 116  nfe = 136  nni = 133  qu = 5  hu =    5.52e-06

t =   1.00e-03  nst = 135  nfe = 155  nni = 152  qu = 2  hu =    3.55e-04

t =   1.00e-02  nst = 143  nfe = 165  nni = 162  qu = 3  hu =    1.39e-03

t =   1.00e-01  nst = 165  nfe = 190  nni = 187  qu = 5  hu =    6.05e-03

t =   1.00e+00  nst = 229  nfe = 259  nni = 256  qu = 3  hu =    2.66e-02

t =   2.00e+00  nst = 260  nfe = 290  nni = 287  qu = 3  hu =    4.12e-02

t =   3.00e+00  nst = 280  nfe = 311  nni = 308  qu = 3  hu =    6.35e-02

t =   4.00e+00  nst = 290  nfe = 322  nni = 319  qu = 3  hu =    1.00e-01

t =   5.00e+00  nst = 300  nfe = 332  nni = 329  qu = 3  hu =    1.00e-01

t =   6.00e+00  nst = 310  nfe = 343  nni = 340  qu = 3  hu =    1.00e-01

t =   7.00e+00  nst = 320  nfe = 353  nni = 350  qu = 3  hu =    1.00e-01

t =   8.00e+00  nst = 330  nfe = 363  nni = 360  qu = 3  hu =    1.00e-01

t =   9.00e+00  nst = 340  nfe = 374  nni = 371  qu = 3  hu =    1.00e-01

t =   1.00e+01  nst = 350  nfe = 384  nni = 381  qu = 3  hu =    1.00e-01



 Final statistics for this run:

 CVode real workspace length           = 2904 
 CVode integer workspace length        =   65 
 CVLS real workspace length            = 2646 
 CVLS integer workspace length         =   42 
 Number of steps                       =  350 
 Number of f-s                         =  384 
 Number of f-s (SPGMR)                 =  593 
 Number of f-s (TOTAL)                 =  977 
 Number of setups                      =   40 
 Number of nonlinear iterations        =  381 
 Number of linear iterations           =  593 
 Number of preconditioner evaluations  =   40 
 Number of preconditioner solves       =  958 
 Number of error test failures         =    1 
 Number of nonlinear conv. failures    =    0 
 Number of linear convergence failures =    0 
 Average Krylov subspace dimension     = 1.556 


----------------------------------------------------------------------------
----------------------------------------------------------------------------


Preconditioner type is           jpre = PREC_RIGHT

Gram-Schmidt method type is    gstype = MODIFIED_GS


t =   1.00e-08  nst = 3  nfe = 9  nni = 6  qu = 2  hu =    1.76e-08

t =   1.00e-07  nst = 7  nfe = 13  nni = 10  qu = 2  hu =    4.78e-08

t =   1.00e-06  nst = 15  nfe = 23  nni = 20  qu = 3  hu =    1.50e-07

t =   1.00e-05  nst = 34  nfe = 46  nni = 43  qu = 5  hu =    6.11e-07

t =   1.00e-04  nst = 118  nfe = 137  nni = 134  qu = 5  hu =    6.64e-06

t =   1.00e-03  nst = 138  nfe = 162  nni = 159  qu = 2  hu =    4.17e-04

t =   1.00e-02  nst = 146  nfe = 173  nni = 170  qu = 3  hu =    1.64e-03

t =   1.00e-01  nst = 169  nfe = 199  nni = 196  qu = 5  hu =    9.35e-03

t =   1.00e+00  nst = 207  nfe = 246  nni = 243  qu = 5  hu =    5.19e-02

t =   2.00e+00  nst = 220  nfe = 265  nni = 262  qu = 4  hu =    1.31e-01

t =   3.00e+00  nst = 228  nfe = 273  nni = 270  qu = 4  hu =    1.31e-01

t =   4.00e+00  nst = 235  nfe = 280  nni = 277  qu = 4  hu =    1.99e-01

t =   5.00e+00  nst = 240  nfe = 287  nni = 284  qu = 4  hu =    3.16e-01

t =   6.00e+00  nst = 243  nfe = 290  nni = 287  qu = 4  hu =    3.16e-01

t =   7.00e+00  nst = 246  nfe = 293  nni = 290  qu = 4  hu =    3.16e-01

t =   8.00e+00  nst = 249  nfe = 296  nni = 293  qu = 4  hu =    3.16e-01

t =   9.00e+00  nst = 252  nfe = 299  nni = 296  qu = 4  hu =    3.16e-01

t =   1.00e+01  nst = 256  nfe = 303  nni = 300  qu = 4  hu =    3.16e-01



 Final statistics for this run:

 CVode real workspace length           = 2904 
 CVode integer workspace length        =   65 
 CVLS real workspace length            = 2646 
 CVLS integer workspace length         =   42 
 Number of steps                       =  256 
 Number of f-s                         =  303 
 Number of f-s (SPGMR)                 =  550 
 Number of f-s (TOTAL)                 =  853 
 Number of setups                      =   41 
 Number of nonlinear iterations        =  300 
 Number of linear iterations           =  550 
 Number of preconditioner evaluations  =   41 
 Number of preconditioner solves       =  813 
 Number of error test failures         =    4 
 Number of nonlinear conv. failures    =    0 
 Number of linear convergence failures =   35 
 Average Krylov subspace dimension     = 1.833 


----------------------------------------------------------------------------
----------------------------------------------------------------------------


Preconditioner type is           jpre = PREC_RIGHT

Gram-Schmidt method type is    gstype = CLASSICAL_GS


t =   1.00e-08  nst = 3  nfe = 9  nni = 6  qu = 2  hu =    1.76e-08

t =   1.00e-07  nst = 7  nfe = 13  nni = 10  qu = 2  hu =    4.78e-08

t =   1.00e-06  nst = 15  nfe = 23  nni = 20  qu = 3  hu =    1.50e-07

t =   1.00e-05  nst = 34  nfe = 46  nni = 43  qu = 5  hu =    6.11e-07

t =   1.00e-04  nst = 118  nfe = 137  nni = 134  qu = 5  hu =    6.64e-06

t =   1.00e-03  nst = 138  nfe = 162  nni = 159  qu = 2  hu =    4.17e-04

t =   1.00e-02  nst = 146  nfe = 173  nni = 170  qu = 3  hu =    1.64e-03

t =   1.00e-01  nst = 169  nfe = 199  nni = 196  qu = 5  hu =    9.35e-03

t =   1.00e+00  nst = 207  nfe = 246  nni = 243  qu = 5  hu =    5.19e-02

t =   2.00e+00  nst = 221  nfe = 266  nni = 263  qu = 4  hu =    1.28e-01

t =   3.00e+00  nst = 228  nfe = 273  nni = 270  qu = 4  hu =    1.28e-01

t =   4.00e+00  nst = 235  nfe = 281  nni = 278  qu = 4  hu =    1.97e-01

t =   5.00e+00  nst = 240  nfe = 287  nni = 284  qu = 4  hu =    3.14e-01

t =   6.00e+00  nst = 243  nfe = 290  nni = 287  qu = 4  hu =    3.14e-01

t =   7.00e+00  nst = 246  nfe = 293  nni = 290  qu = 4  hu =    3.14e-01

t =   8.00e+00  nst = 249  nfe = 296  nni = 293  qu = 4  hu =    3.14e-01

t =   9.00e+00  nst = 252  nfe = 299  nni = 296  qu = 4  hu =    3.14e-01

t =   1.00e+01  nst = 256  nfe = 303  nni = 300  qu = 4  hu =    3.14e-01



 Final statistics for this run:

 CVode real workspace length           = 2904 
 CVode integer workspace length        =   65 
 CVLS real workspace length            = 2646 
 CVLS integer workspace length         =   42 
 Number of steps                       =  256 
 Number of f-s                         =  303 
 Number of f-s (SPGMR)                 =  551 
 Number of f-s (TOTAL)                 =  854 
 Number of setups                      =   41 
 Number of nonlinear iterations        =  300 
 Number of linear iterations           =  551 
 Number of preconditioner evaluations  =   41 
 Number of preconditioner solves       =  815 
 Number of error test failures         =    4 
 Number of nonlinear conv. failures    =    0 
 Number of linear convergence failures =   35 
 Average Krylov subspace dimension     = 1.837 


----------------------------------------------------------------------------
----------------------------------------------------------------------------
