
3-species chemical kinetics problem
Sensitivity: YES ( STAGGERED1 + FULL ERROR CONTROL )

=======================================================================
     T     Q       H      NST           y1           y2           y3
=======================================================================
4.000e-01  3  1.112e-01    92
                  Solution         9.8517e-01   3.3864e-05   1.4794e-02
                  Sensitivity 1   -3.5592e-01   3.9026e-04   3.5553e-01
                  Sensitivity 2    9.5553e-08  -2.1307e-10  -9.5340e-08
                  Sensitivity 3   -1.5853e-11  -5.2901e-13   1.6382e-11
-----------------------------------------------------------------------
4.000e+00  4  3.271e-01   111
                  Solution         9.0552e-01   2.2405e-05   9.4459e-02
                  Sensitivity 1   -1.8761e+00   1.7922e-04   1.8759e+00
                  Sensitivity 2    2.9614e-06  -5.8307e-10  -2.9608e-06
                  Sensitivity 3   -4.9337e-10  -2.7626e-13   4.9365e-10
-----------------------------------------------------------------------
4.000e+01  3  1.748e+00   195
                  Solution         7.1583e-01   9.1857e-06   2.8416e-01
                  Sensitivity 1   -4.2474e+00   4.5918e-05   4.2474e+00
                  Sensitivity 2    1.3731e-05  -2.3571e-10  -1.3731e-05
                  Sensitivity 3   -2.2884e-09  -1.1381e-13   2.2885e-09
-----------------------------------------------------------------------
4.000e+02  2  2.136e+01   349
                  Solution         4.5051e-01   3.2228e-06   5.4949e-01
                  Sensitivity 1   -5.9585e+00   3.5411e-06   5.9584e+00
                  Sensitivity 2    2.2739e-05  -2.2593e-11  -2.2739e-05
                  Sensitivity 3   -3.7898e-09  -4.9947e-14   3.7898e-09
-----------------------------------------------------------------------
4.000e+03  3  2.376e+01   480
                  Solution         1.8320e-01   8.9422e-07   8.1680e-01
                  Sensitivity 1   -4.7501e+00  -5.9937e-06   4.7501e+00
                  Sensitivity 2    1.8809e-05   2.3125e-11  -1.8809e-05
                  Sensitivity 3   -3.1348e-09  -1.8758e-14   3.1348e-09
-----------------------------------------------------------------------
4.000e+04  3  6.433e+02   577
                  Solution         3.8984e-02   1.6218e-07   9.6102e-01
                  Sensitivity 1   -1.5750e+00  -2.7621e-06   1.5750e+00
                  Sensitivity 2    6.2876e-06   1.1003e-11  -6.2876e-06
                  Sensitivity 3   -1.0479e-09  -4.5367e-15   1.0479e-09
-----------------------------------------------------------------------
4.000e+05  4  2.241e+04   619
                  Solution         4.9373e-03   1.9846e-08   9.9506e-01
                  Sensitivity 1   -2.3626e-01  -4.5819e-07   2.3626e-01
                  Sensitivity 2    9.4472e-07   1.8317e-12  -9.4472e-07
                  Sensitivity 3   -1.5749e-10  -6.3620e-16   1.5749e-10
-----------------------------------------------------------------------
4.000e+06  3  4.073e+05   669
                  Solution         5.1606e-04   2.0653e-09   9.9948e-01
                  Sensitivity 1   -2.5586e-02  -5.0817e-08   2.5586e-02
                  Sensitivity 2    1.0238e-07   2.0340e-13  -1.0238e-07
                  Sensitivity 3   -1.7093e-11  -6.8443e-17   1.7093e-11
-----------------------------------------------------------------------
4.000e+07  4  3.020e+06   693
                  Solution         5.3091e-05   2.1239e-10   9.9995e-01
                  Sensitivity 1   -2.7981e-03  -5.8834e-09   2.7981e-03
                  Sensitivity 2    1.0904e-08   2.2382e-14  -1.0904e-08
                  Sensitivity 3   -1.6466e-12  -6.5870e-18   1.6466e-12
-----------------------------------------------------------------------
4.000e+08  3  5.658e+07   718
                  Solution         3.2357e-06   1.2943e-11   1.0000e+00
                  Sensitivity 1   -2.5639e-04  -7.0200e-10   2.5639e-04
                  Sensitivity 2    9.7615e-10   2.6103e-15  -9.7615e-10
                  Sensitivity 3   -1.0265e-13  -4.1060e-19   1.0265e-13
-----------------------------------------------------------------------
4.000e+09  1  2.304e+09   748
                  Solution         2.3945e-07   9.5781e-13   1.0000e+00
                  Sensitivity 1   -1.5398e-04  -5.9199e-10   1.5399e-04
                  Sensitivity 2    5.0143e-10   1.9100e-15  -5.0144e-10
                  Sensitivity 3   -4.8509e-14  -1.9404e-19   4.8509e-14
-----------------------------------------------------------------------
4.000e+10  1  1.478e+10   756
                  Solution         1.9156e-08   7.6625e-14   1.0000e+00
                  Sensitivity 1    8.8540e-06   3.6745e-11  -8.8540e-06
                  Sensitivity 2   -2.3502e-11  -9.9326e-17   2.3503e-11
                  Sensitivity 3    2.1971e-15   8.7885e-21  -2.1971e-15
-----------------------------------------------------------------------

Final Statistics

nst     =   756

nfe     =  1774
netf    =     0    nsetups  =   180
nni     =   944    ncfn     =     2

nfSe    =  3065    nfeS     =     0
netfs   =    71    nsetupsS =     2
nniS    =  3056    ncfnS    =     0

nje    =    17    nfeLS     =     0
