
3-species chemical kinetics problem
Sensitivity: YES ( STAGGERED1 + FULL ERROR CONTROL )

=======================================================================
     T     Q       H      NST           y1           y2           y3    
=======================================================================
4.000e-01  3  5.292e-02   105
                  Solution         9.8517e-01   3.3864e-05   1.4794e-02 
                  Sensitivity 1   -3.5595e-01   3.9025e-04   3.5556e-01 
                  Sensitivity 2    9.5428e-08  -2.1309e-10  -9.5216e-08 
                  Sensitivity 3   -1.5833e-11  -5.2900e-13   1.6360e-11 
-----------------------------------------------------------------------
4.000e+00  4  1.281e-01   129
                  Solution         9.0552e-01   2.2405e-05   9.4460e-02 
                  Sensitivity 1   -1.8761e+00   1.7921e-04   1.8760e+00 
                  Sensitivity 2    2.9612e-06  -5.8301e-10  -2.9606e-06 
                  Sensitivity 3   -4.9335e-10  -2.7625e-13   4.9356e-10 
-----------------------------------------------------------------------
4.000e+01  2  9.877e-01   268
                  Solution         7.1580e-01   9.1846e-06   2.8419e-01 
                  Sensitivity 1   -4.2479e+00   4.5900e-05   4.2479e+00 
                  Sensitivity 2    1.3732e-05  -2.3566e-10  -1.3732e-05 
                  Sensitivity 3   -2.2886e-09  -1.1379e-13   2.2888e-09 
-----------------------------------------------------------------------
4.000e+02  2  1.186e+01   454
                  Solution         4.5051e-01   3.2227e-06   5.4950e-01 
                  Sensitivity 1   -5.9585e+00   3.5413e-06   5.9585e+00 
                  Sensitivity 2    2.2738e-05  -2.2594e-11  -2.2739e-05 
                  Sensitivity 3   -3.7897e-09  -4.9946e-14   3.7899e-09 
-----------------------------------------------------------------------
4.000e+03  3  1.853e+02   605
                  Solution         1.8320e-01   8.9422e-07   8.1680e-01 
                  Sensitivity 1   -4.7501e+00  -5.9936e-06   4.7501e+00 
                  Sensitivity 2    1.8809e-05   2.3127e-11  -1.8810e-05 
                  Sensitivity 3   -3.1347e-09  -1.8758e-14   3.1349e-09 
-----------------------------------------------------------------------
4.000e+04  4  2.294e+03   714
                  Solution         3.8980e-02   1.6216e-07   9.6102e-01 
                  Sensitivity 1   -1.5749e+00  -2.7619e-06   1.5749e+00 
                  Sensitivity 2    6.2873e-06   1.1003e-11  -6.2869e-06 
                  Sensitivity 3   -1.0478e-09  -4.5364e-15   1.0480e-09 
-----------------------------------------------------------------------
4.000e+05  4  1.796e+04   779
                  Solution         4.9379e-03   1.9848e-08   9.9507e-01 
                  Sensitivity 1   -2.3631e-01  -4.5834e-07   2.3634e-01 
                  Sensitivity 2    9.4496e-07   1.8324e-12  -9.4391e-07 
                  Sensitivity 3   -1.5749e-10  -6.3620e-16   1.5753e-10 
-----------------------------------------------------------------------
4.000e+06  4  1.984e+05   823
                  Solution         5.1672e-04   2.0679e-09   9.9949e-01 
                  Sensitivity 1   -2.5662e-02  -5.1054e-08   2.5658e-02 
                  Sensitivity 2    1.0264e-07   2.0420e-13  -1.0142e-07 
                  Sensitivity 3   -1.7108e-11  -6.8501e-17   1.7080e-11 
-----------------------------------------------------------------------
4.000e+07  5  2.590e+06   877
                  Solution         5.2026e-05   2.0811e-10   9.9996e-01 
                  Sensitivity 1   -2.5990e-03  -5.1943e-09   2.5883e-03 
                  Sensitivity 2    1.0396e-08   2.0777e-14  -9.1410e-09 
                  Sensitivity 3   -1.7327e-12  -6.9313e-18   1.6986e-12 
-----------------------------------------------------------------------
4.000e+08  4  2.446e+07   936
                  Solution         5.2083e-06   2.0833e-11   1.0000e+00 
                  Sensitivity 1   -2.6046e-04  -5.2100e-10   2.5063e-04 
                  Sensitivity 2    1.0412e-09   2.0816e-15   2.0369e-10 
                  Sensitivity 3   -1.7353e-13  -6.9410e-19   1.4314e-13 
-----------------------------------------------------------------------
4.000e+09  5  4.084e+08   974
                  Solution         5.2402e-07   2.0960e-12   1.0000e+00 
                  Sensitivity 1   -2.5852e-05  -5.1007e-11   1.6296e-05 
                  Sensitivity 2    1.0382e-10   2.0566e-16   1.1413e-09 
                  Sensitivity 3   -1.7475e-14  -6.9898e-20  -1.4100e-14 
-----------------------------------------------------------------------
4.000e+10  3  4.221e+09  1045
                  Solution         5.2101e-08   2.0840e-13   1.0000e+00 
                  Sensitivity 1   -2.6064e-06  -5.2156e-12  -6.9945e-06 
                  Sensitivity 2    1.0503e-11   2.1171e-17   1.2374e-09 
                  Sensitivity 3   -1.7334e-15  -6.9336e-21  -2.9894e-14 
-----------------------------------------------------------------------

Final Statistics

nst     =  1045

nfe     =  2408
netf    =     0    nsetups  =   242
nni     =  1252    ncfn     =     0

nfSe    =  4107    nfeS     =     0
netfs   =   108    nsetupsS =     0
nniS    =  4098    ncfnS    =     0

nje    =    20
