
3-species chemical kinetics problem
Sensitivity: YES ( STAGGERED1 + FULL ERROR CONTROL )

=======================================================================
     T     Q       H      NST           y1           y2           y3    
=======================================================================
4.000e-01  4  1.114e-01   131
                  Solution         9.8517e-01   3.3864e-05   1.4794e-02 
                  Sensitivity 1   -3.5595e-01   3.9025e-04   3.5556e-01 
                  Sensitivity 2    9.5430e-08  -2.1309e-10  -9.5217e-08 
                  Sensitivity 3   -1.5833e-11  -5.2900e-13   1.6362e-11 
-----------------------------------------------------------------------
4.000e+00  4  4.947e-01   150
                  Solution         9.0552e-01   2.2404e-05   9.4460e-02 
                  Sensitivity 1   -1.8761e+00   1.7921e-04   1.8759e+00 
                  Sensitivity 2    2.9613e-06  -5.8306e-10  -2.9607e-06 
                  Sensitivity 3   -4.9332e-10  -2.7625e-13   4.9360e-10 
-----------------------------------------------------------------------
4.000e+01  2  1.600e+00   226
                  Solution         7.1580e-01   9.1846e-06   2.8419e-01 
                  Sensitivity 1   -4.2479e+00   4.5900e-05   4.2479e+00 
                  Sensitivity 2    1.3732e-05  -2.3568e-10  -1.3732e-05 
                  Sensitivity 3   -2.2886e-09  -1.1380e-13   2.2887e-09 
-----------------------------------------------------------------------
4.000e+02  3  1.542e+01   369
                  Solution         4.5050e-01   3.2226e-06   5.4950e-01 
                  Sensitivity 1   -5.9585e+00   3.5398e-06   5.9585e+00 
                  Sensitivity 2    2.2739e-05  -2.2586e-11  -2.2739e-05 
                  Sensitivity 3   -3.7898e-09  -4.9945e-14   3.7898e-09 
-----------------------------------------------------------------------
4.000e+03  3  3.656e+01   507
                  Solution         1.8320e-01   8.9422e-07   8.1680e-01 
                  Sensitivity 1   -4.7500e+00  -5.9933e-06   4.7500e+00 
                  Sensitivity 2    1.8809e-05   2.3128e-11  -1.8809e-05 
                  Sensitivity 3   -3.1348e-09  -1.8758e-14   3.1348e-09 
-----------------------------------------------------------------------
4.000e+04  4  1.932e+03   586
                  Solution         3.8985e-02   1.6218e-07   9.6101e-01 
                  Sensitivity 1   -1.5750e+00  -2.7621e-06   1.5751e+00 
                  Sensitivity 2    6.2878e-06   1.1003e-11  -6.2878e-06 
                  Sensitivity 3   -1.0479e-09  -4.5367e-15   1.0479e-09 
-----------------------------------------------------------------------
4.000e+05  5  9.034e+03   632
                  Solution         4.9377e-03   1.9848e-08   9.9506e-01 
                  Sensitivity 1   -2.3635e-01  -4.5849e-07   2.3635e-01 
                  Sensitivity 2    9.4515e-07   1.8330e-12  -9.4515e-07 
                  Sensitivity 3   -1.5749e-10  -6.3620e-16   1.5749e-10 
-----------------------------------------------------------------------
4.000e+06  5  2.502e+05   688
                  Solution         5.1680e-04   2.0683e-09   9.9948e-01 
                  Sensitivity 1   -2.5665e-02  -5.1057e-08   2.5665e-02 
                  Sensitivity 2    1.0265e-07   2.0422e-13  -1.0266e-07 
                  Sensitivity 3   -1.7110e-11  -6.8508e-17   1.7110e-11 
-----------------------------------------------------------------------
4.000e+07  3  2.278e+06   745
                  Solution         5.2046e-05   2.0819e-10   9.9995e-01 
                  Sensitivity 1   -2.5992e-03  -5.1932e-09   2.5993e-03 
                  Sensitivity 2    1.0393e-08   2.0757e-14  -1.0393e-08 
                  Sensitivity 3   -1.7326e-12  -6.9309e-18   1.7326e-12 
-----------------------------------------------------------------------
4.000e+08  4  2.368e+07   783
                  Solution         5.2066e-06   2.0826e-11   9.9999e-01 
                  Sensitivity 1   -2.6019e-04  -5.2012e-10   2.6019e-04 
                  Sensitivity 2    1.0408e-09   2.0807e-15  -1.0408e-09 
                  Sensitivity 3   -1.7356e-13  -6.9424e-19   1.7356e-13 
-----------------------------------------------------------------------
4.000e+09  3  2.869e+08   824
                  Solution         5.2188e-07   2.0875e-12   1.0000e+00 
                  Sensitivity 1   -2.6072e-05  -5.2099e-11   2.6072e-05 
                  Sensitivity 2    1.0429e-10   2.0842e-16  -1.0429e-10 
                  Sensitivity 3   -1.7411e-14  -6.9642e-20   1.7411e-14 
-----------------------------------------------------------------------
4.000e+10  4  7.823e+08   871
                  Solution         5.1026e-08   2.0410e-13   1.0000e+00 
                  Sensitivity 1   -2.8447e-06  -6.2762e-12   2.8447e-06 
                  Sensitivity 2    1.0418e-11   2.1262e-17  -1.0418e-11 
                  Sensitivity 3   -1.6594e-15  -6.6376e-21   1.6594e-15 
-----------------------------------------------------------------------

Final Statistics

nst     =   871

nfe     =  1981
netf    =     0    nsetups  =   188
nni     =  1033    ncfn     =     0

nfSe    =  3294    nfeS     =     0
netfs   =    74    nsetupsS =     0
nniS    =  3285    ncfnS    =     0

nje    =    21    nfeLS     =     0
