
3-species kinetics problem

At t = 2.6391e-01      y =  9.899653e-01    3.470564e-05    1.000000e-02
    rootsfound[] =   0   1
At t = 4.0000e-01      y =  9.851641e-01    3.386242e-05    1.480205e-02
At t = 4.0000e+00      y =  9.055097e-01    2.240338e-05    9.446793e-02
At t = 4.0000e+01      y =  7.158017e-01    9.185037e-06    2.841892e-01
At t = 4.0000e+02      y =  4.505360e-01    3.223271e-06    5.494608e-01
At t = 4.0000e+03      y =  1.832299e-01    8.944378e-07    8.167692e-01
At t = 4.0000e+04      y =  3.898902e-02    1.622006e-07    9.610108e-01
At t = 4.0000e+05      y =  4.936092e-03    1.984109e-08    9.950639e-01
At t = 4.0000e+06      y =  5.170078e-04    2.069088e-09    9.994830e-01
At t = 2.0817e+07      y =  1.000000e-04    4.000390e-10    9.999000e-01
    rootsfound[] =  -1   0
At t = 4.0000e+07      y =  5.208660e-05    2.083571e-10    9.999479e-01
At t = 4.0000e+08      y =  5.210416e-06    2.084177e-11    9.999948e-01
At t = 4.0000e+09      y =  5.205710e-07    2.082285e-12    9.999995e-01
At t = 4.0000e+10      y =  4.353108e-08    1.741243e-13    1.000000e+00

Final Statistics:
nst = 557    nfe  = 796    nsetups = 115    nje = 12
nni = 793    ncfn = 0      netf = 27        nge = 585
