
Adjoint Sensitivity Example for Chemical Kinetics
-------------------------------------------------

ODE: dy1/dt = -p1*y1 + p2*y2*y3
     dy2/dt =  p1*y1 - p2*y2*y3 - p3*(y2)^2
     dy3/dt =  p3*(y2)^2

Find dG/dp for
     G = int_t0^tB0 g(t,p,y) dt
     g(t,p,y) = y3


Create and allocate CVODES memory for forward runs
Forward integration ... done ( nst = 357 )

ncheck = 2

--------------------------------------------------------
G:            3.9977e+07 
--------------------------------------------------------

Create and allocate CVODES memory for backward run
Backward integration from tB0 =   4.0000e+07

--------------------------------------------------------
returned t:   4.0000e+01
tout:         4.0000e+01
lambda(t):    3.9962e+07   3.9962e+07   3.9962e+07
y(t):         7.1583e-01   9.1884e-06   2.8416e-01
--------------------------------------------------------

Done ( nst = 153 )
--------------------------------------------------------
returned t:   0.0000e+00
lambda(t0):   3.9962e+07   3.9962e+07   3.9962e+07
y(t0):        1.0000e+00   0.0000e+00   0.0000e+00
dG/dp:        9.2893e+05  -3.7073e+00   6.4083e-04
--------------------------------------------------------

Re-initialize CVODES memory for backward run
Backward integration from tB0 =   5.0000e+01

--------------------------------------------------------
returned t:   4.0000e+01
tout:         4.0000e+01
lambda(t):    2.8961e-01   1.7629e+00   9.3566e+00
y(t):         7.1583e-01   9.1884e-06   2.8416e-01
--------------------------------------------------------

Done ( nst = 120 )
--------------------------------------------------------
returned t:   0.0000e+00
lambda(t0):   8.4178e+00   1.6100e+01   1.6110e+01
y(t0):        1.0000e+00   0.0000e+00   0.0000e+00
dG/dp:        1.7339e+02  -5.0554e-04   8.4258e-08
--------------------------------------------------------

Free memory

