
3-species chemical kinetics problem
Sensitivity: YES ( STAGGERED1 + FULL ERROR CONTROL )

=======================================================================
     T     Q       H      NST           y1           y2           y3
=======================================================================
4.000e-01  3  5.292e-02   105
                  Solution         9.8517e-01   3.3864e-05   1.4794e-02
                  Sensitivity 1   -3.5595e-01   3.9025e-04   3.5556e-01
                  Sensitivity 2    9.5428e-08  -2.1309e-10  -9.5216e-08
                  Sensitivity 3   -1.5833e-11  -5.2900e-13   1.6360e-11
-----------------------------------------------------------------------
4.000e+00  4  1.281e-01   129
                  Solution         9.0552e-01   2.2405e-05   9.4460e-02
                  Sensitivity 1   -1.8761e+00   1.7921e-04   1.8760e+00
                  Sensitivity 2    2.9612e-06  -5.8301e-10  -2.9606e-06
                  Sensitivity 3   -4.9335e-10  -2.7625e-13   4.9356e-10
-----------------------------------------------------------------------
4.000e+01  3  2.016e-01   274
                  Solution         7.1582e-01   9.1857e-06   2.8417e-01
                  Sensitivity 1   -4.2476e+00   4.5906e-05   4.2476e+00
                  Sensitivity 2    1.3731e-05  -2.3572e-10  -1.3731e-05
                  Sensitivity 3   -2.2885e-09  -1.1381e-13   2.2884e-09
-----------------------------------------------------------------------
4.000e+02  2  1.274e+01   412
                  Solution         4.5047e-01   3.2221e-06   5.4955e-01
                  Sensitivity 1   -5.9588e+00   3.5346e-06   5.9590e+00
                  Sensitivity 2    2.2741e-05  -2.2560e-11  -2.2741e-05
                  Sensitivity 3   -3.7903e-09  -4.9941e-14   3.7899e-09
-----------------------------------------------------------------------
4.000e+03  3  1.453e+02   563
                  Solution         1.8319e-01   8.9414e-07   8.1684e-01
                  Sensitivity 1   -4.7501e+00  -5.9945e-06   4.7503e+00
                  Sensitivity 2    1.8809e-05   2.3130e-11  -1.8810e-05
                  Sensitivity 3   -3.1350e-09  -1.8758e-14   3.1344e-09
-----------------------------------------------------------------------
4.000e+04  3  1.427e+03   675
                  Solution         3.8990e-02   1.6220e-07   9.6103e-01
                  Sensitivity 1   -1.5751e+00  -2.7620e-06   1.5753e+00
                  Sensitivity 2    6.2880e-06   1.1002e-11  -6.2894e-06
                  Sensitivity 3   -1.0480e-09  -4.5372e-15   1.0476e-09
-----------------------------------------------------------------------
4.000e+05  4  2.236e+04   726
                  Solution         4.9382e-03   1.9849e-08   9.9507e-01
                  Sensitivity 1   -2.3632e-01  -4.5837e-07   2.3651e-01
                  Sensitivity 2    9.4497e-07   1.8323e-12  -9.4644e-07
                  Sensitivity 3   -1.5751e-10  -6.3627e-16   1.5717e-10
-----------------------------------------------------------------------
4.000e+06  4  2.848e+05   775
                  Solution         5.1679e-04   2.0682e-09   9.9950e-01
                  Sensitivity 1   -2.5665e-02  -5.1058e-08   2.5806e-02
                  Sensitivity 2    1.0265e-07   2.0422e-13  -1.0391e-07
                  Sensitivity 3   -1.7110e-11  -6.8508e-17   1.6698e-11
-----------------------------------------------------------------------
4.000e+07  4  1.971e+06   829
                  Solution         5.2024e-05   2.0811e-10   9.9996e-01
                  Sensitivity 1   -2.5986e-03  -5.1929e-09   2.7389e-03
                  Sensitivity 2    1.0396e-08   2.0776e-14  -1.1634e-08
                  Sensitivity 3   -1.7326e-12  -6.9310e-18   1.3136e-12
-----------------------------------------------------------------------
4.000e+08  3  2.549e+07   874
                  Solution         5.2157e-06   2.0863e-11   1.0000e+00
                  Sensitivity 1   -2.6031e-04  -5.1968e-10   3.9970e-04
                  Sensitivity 2    1.0419e-09   2.0813e-15  -2.2704e-09
                  Sensitivity 3   -1.7393e-13  -6.9570e-19  -2.4897e-13
-----------------------------------------------------------------------
4.000e+09  5  1.341e+08   916
                  Solution         5.1653e-07   2.0661e-12   1.0000e+00
                  Sensitivity 1   -2.6160e-05  -5.2986e-11   1.6525e-04
                  Sensitivity 2    1.0405e-10   2.0959e-16  -1.3329e-09
                  Sensitivity 3   -1.7372e-14  -6.9485e-20  -4.0514e-13
-----------------------------------------------------------------------
4.000e+10  4  2.003e+09   956
                  Solution         5.0146e-08   2.0058e-13   1.0000e+00
                  Sensitivity 1   -2.6390e-06  -5.5414e-12   1.4209e-04
                  Sensitivity 2    1.0508e-11   2.1974e-17  -1.2416e-09
                  Sensitivity 3   -1.6746e-15  -6.6980e-21  -4.2057e-13
-----------------------------------------------------------------------

Final Statistics

nst     =   956

nfe     =  2149
netf    =     0    nsetups  =   192
nni     =  1116    ncfn     =     0

nfSe    =  3648    nfeS     =     0
netfs   =    74    nsetupsS =     0
nniS    =  3639    ncfnS    =     0

nje    =    18
