
[CVODES ERROR]  CVode
  At t = 2.59009e+10 and h = 7.0905e+11, the corrector convergence test failed repeatedly or with |h| = hmin.


SUNDIALS_ERROR: CVode() failed with retval = -4

 
3-species kinetics problem

At t = 2.6391e-01      y =  9.899653e-01    3.470558e-05    1.000000e-02
    rootsfound[] =   0   1
At t = 4.0000e-01      y =  9.851650e-01    3.386266e-05    1.480113e-02
At t = 4.0000e+00      y =  9.055283e-01    2.240623e-05    9.444929e-02
At t = 4.0000e+01      y =  7.158342e-01    9.184546e-06    2.841566e-01
At t = 4.0000e+02      y =  4.505500e-01    3.223294e-06    5.494468e-01
At t = 4.0000e+03      y =  1.832413e-01    8.944730e-07    8.167578e-01
At t = 4.0000e+04      y =  3.897731e-02    1.621552e-07    9.610225e-01
At t = 4.0000e+05      y =  4.936208e-03    1.984204e-08    9.950638e-01
At t = 4.0000e+06      y =  5.178907e-04    2.072541e-09    9.994821e-01
At t = 2.1197e+07      y =  1.000000e-04    4.000407e-10    9.999000e-01
    rootsfound[] =  -1   0
At t = 4.0000e+07      y =  5.287489e-05    2.115206e-10    9.999471e-01
At t = 4.0000e+08      y =  4.754252e-06    1.901709e-11    9.999952e-01
At t = 4.0000e+09      y =  1.373093e-07    5.492381e-13    1.000000e+00
At t = 2.5901e+10      y =  0.000000e+00    0.000000e+00    1.000001e+00

Final Statistics:
nst = 437    nfe  = 672    nsetups = 121    nfeLS = 0      nje = 23
nni = 669    ncfn = 11     netf = 23     nge = 471
 
