Sensitivity: YES (SIMULTANEOUS + FULL ERROR CONTROL + user-provided sensitivity RHS)
Parameters: [4.0000e-02  1.0000e+04  3.0000e+07]
Run statistics:
   nst     =  1475
   nfe     =  2040
   netf    =    69    nsetups  =   224
   nni     =  2039    ncfn     =     3
   njeD    =    39    nfeD     =     0
   -----------------------------------
   nfSe    =  6120    nfeS     =     0
   netfs   =     0    nsetupsS =     0
   nniS    =     0    ncfnS    =     0

Sensitivity: NO
Parameters: [5.0000e-02  2.0000e+04  2.9000e+07]
Run statistics:
   nst     =   912
   nfe     =  1299
   netf    =    60    nsetups  =   169
   nni     =  1298    ncfn     =     0
   njeD    =    21    nfeD     =     0

Sensitivity: YES (SIMULTANEOUS + FULL ERROR CONTROL + DQ sensitivity RHS)
Parameters: [6.0000e-02  3.0000e+04  2.8000e+07]
Run statistics:
   nst     =  1642
   nfe     =  2541
   netf    =   122    nsetups  =   293
   nni     =  2540    ncfn     =     0
   njeD    =    37    nfeD     =     0
   -----------------------------------
   nfSe    =  7623    nfeS     = 15246
   netfs   =     0    nsetupsS =     0
   nniS    =     0    ncfnS    =     0

Sensitivity: YES (STAGGERED + PARTIAL ERROR CONTROL + user-provided sensitivity RHS)
Parameters: [6.0000e-02  3.0000e+04  2.8000e+07]
Run statistics:
   nst     =  1018
   nfe     =  2451
   netf    =    67    nsetups  =   187
   nni     =  1432    ncfn     =     0
   njeD    =    25    nfeD     =     0
   -----------------------------------
   nfSe    =  4809    nfeS     =     0
   netfs   =     0    nsetupsS =     2
   nniS    =  1602    ncfnS    =     0

Sensitivity: NO
Parameters: [6.0000e-02  3.0000e+04  2.8000e+07]
Run statistics:
   nst     =  1022
   nfe     =  1445
   netf    =    68    nsetups  =   188
   nni     =  1444    ncfn     =     0
   njeD    =    24    nfeD     =     0

