
Multirate nonlinear Kvaerno-Prothero-Robinson test problem:
    time domain:  (0,5]
    hs = 0.005
    hf = 5e-05
    G = -100
    w = 100
    e = 0.5
    solver: none/dirk-3 (no slow, dirk fast)

    reltol = 1.25e-07,  abstol = 1.00e-11
        t           u           v       uerr      verr
   ------------------------------------------------------
    0.000000    1.224745    1.732051  0.00e+00  0.00e+00
    0.100000    1.223725    1.077464  7.57e-12  1.82e-11
    0.200000    1.220669    1.551800  1.41e-11  3.93e-12
    0.300000    1.215594    1.467737  4.33e-12  5.33e-12
    0.400000    1.208524    1.154583  2.15e-11  1.60e-11
    0.500000    1.199496    1.721908  1.98e-11  1.57e-12
    0.600000    1.188557    1.023517  1.20e-11  2.29e-11
    0.700000    1.175764    1.622751  3.40e-11  3.82e-12
    0.800000    1.161186    1.374632  2.55e-11  8.60e-12
    0.900000    1.144904    1.245763  5.03e-11  1.35e-11
    1.000000    1.127010    1.691839  5.05e-11  2.90e-12
    1.100000    1.107609    1.000489  5.25e-11  2.70e-11
    1.200000    1.086821    1.677552  7.15e-11  3.56e-12
    1.300000    1.064777    1.277775  6.13e-11  1.28e-11
    1.400000    1.041625    1.342455  9.01e-11  1.17e-11
    1.500000    1.017531    1.642940  8.88e-11  4.02e-12
    1.600000    0.992673    1.012112  9.68e-11  2.68e-11
    1.700000    0.967253    1.714058  1.09e-10  3.07e-12
    1.800000    0.941488    1.183867  9.23e-11  1.67e-11
    1.900000    0.915617    1.437465  1.18e-10  9.15e-12
    2.000000    0.889903    1.577082  1.07e-10  5.30e-12
    2.100000    0.864625    1.056467  1.14e-10  2.20e-11
    2.200000    0.840089    1.730920  1.11e-10  3.47e-12
    2.300000    0.816616    1.101047  8.38e-11  1.90e-11
    2.400000    0.794546    1.525051  9.62e-11  6.89e-12
    2.500000    0.774227    1.496993  7.09e-11  6.76e-12
    2.600000    0.756013    1.126857  7.00e-11  1.87e-11
    2.700000    0.740246    1.727536  5.08e-11  3.41e-12
    2.800000    0.727247    1.038393  2.20e-11  2.27e-11
    2.900000    0.717301    1.600759  2.74e-11  5.48e-12
    3.000000    0.710636    1.406380  4.31e-12  8.57e-12
    3.100000    0.707412    1.214353  1.59e-11  1.51e-11
    3.200000    0.707709    1.704026  8.76e-12  3.69e-12
    3.300000    0.711520    1.004391  4.96e-12  2.54e-11
    3.400000    0.718750    1.661225  2.62e-11  4.70e-12
    3.500000    0.729227    1.310102  2.21e-11  1.13e-11
    3.600000    0.742712    1.310080  5.60e-11  1.24e-11
    3.700000    0.758914    1.661237  6.23e-11  4.60e-12
    3.800000    0.777506    1.004387  7.45e-11  2.63e-11
    3.900000    0.798144    1.704019  9.42e-11  4.38e-12
    4.000000    0.820474    1.214374  8.37e-11  1.48e-11
    4.100000    0.844149    1.406358  1.13e-10  1.01e-11
    4.200000    0.868832    1.600774  1.07e-10  5.60e-12
    4.300000    0.894204    1.038382  1.14e-10  2.45e-11
    4.400000    0.919964    1.727533  1.16e-10  4.01e-12
    4.500000    0.945834    1.126875  9.22e-11  1.86e-11
    4.600000    0.971557    1.496974  1.10e-10  7.99e-12
    4.700000    0.996898    1.525070  9.18e-11  6.70e-12
    4.800000    1.021641    1.101030  9.62e-11  2.09e-11
    4.900000    1.045589    1.730922  8.58e-11  3.66e-12
    5.000000    1.068565    1.056480  6.12e-11  2.24e-11
   ------------------------------------------------------

Final Solver Statistics:
   Steps: nsts = 1001, nstf = 101101
   u error = 7.432e-11, v error = 1.403e-11, total error = 5.348e-11
   Total RHS evals:  Fs = 2003,  Ff = 0
   Fast Newton iters = 262659
   Fast Newton conv fails = 0
   Fast Jacobian evals = 2003
