
Multirate nonlinear Kvaerno-Prothero-Robinson test problem:
    time domain:  (0,5]
    hs = 0.002
    hf = 2e-05
    G = -100
    w = 100
    e = 0.5
    solver: dirk-2/none (dirk slow, no fast)
    reltol = 4.00e-06,  abstol = 1.00e-11
        t           u           v       uerr      verr
   ------------------------------------------------------
    0.000000    1.224745    1.732051  0.00e+00  0.00e+00
    0.100000    1.223734    1.079428  9.53e-06  1.96e-03
    0.200000    1.220670    1.551973  4.19e-07  1.73e-04
    0.300000    1.215599    1.468007  5.49e-06  2.70e-04
    0.400000    1.208526    1.155902  2.22e-06  1.32e-03
    0.500000    1.199497    1.721545  8.03e-07  3.62e-04
    0.600000    1.188564    1.025530  7.37e-06  2.01e-03
    0.700000    1.175763    1.622478  1.18e-06  2.73e-04
    0.800000    1.161190    1.374883  3.70e-06  2.51e-04
    0.900000    1.144898    1.246454  5.52e-06  6.91e-04
    1.000000    1.127005    1.691358  4.67e-06  4.81e-04
    1.100000    1.107615    1.002536  5.53e-06  2.05e-03
    1.200000    1.086819    1.677047  1.61e-06  5.05e-04
    1.300000    1.064782    1.278250  5.68e-06  4.75e-04
    1.400000    1.041624    1.342705  1.02e-06  2.49e-04
    1.500000    1.017527    1.642446  3.39e-06  4.93e-04
    1.600000    0.992677    1.013975  3.74e-06  1.86e-03
    1.700000    0.967251    1.713393  1.20e-06  6.65e-04
    1.800000    0.941494    1.184616  6.34e-06  7.49e-04
    1.900000    0.915616    1.437339  1.84e-06  1.27e-04
    2.000000    0.889904    1.576595  1.55e-06  4.87e-04
    2.100000    0.864627    1.057896  1.70e-06  1.43e-03
    2.200000    0.840087    1.730125  1.89e-06  7.95e-04
    2.300000    0.816622    1.102144  5.90e-06  1.10e-03
    2.400000    0.794543    1.524632  2.77e-06  4.20e-04
    2.500000    0.774230    1.496604  2.23e-06  3.89e-04
    2.600000    0.756013    1.127787  6.40e-09  9.30e-04
    2.700000    0.740244    1.726682  2.05e-06  8.54e-04
    2.800000    0.727253    1.039849  5.51e-06  1.46e-03
    2.900000    0.717298    1.600127  3.29e-06  6.32e-04
    3.000000    0.710637    1.406177  8.02e-07  2.02e-04
    3.100000    0.707411    1.214823  1.37e-06  4.71e-04
    3.200000    0.707708    1.703177  1.41e-06  8.49e-04
    3.300000    0.711524    1.006090  4.44e-06  1.70e-03
    3.400000    0.718746    1.660471  3.40e-06  7.54e-04
    3.500000    0.729230    1.310214  3.38e-06  1.12e-04
    3.600000    0.742709    1.310209  2.35e-06  1.30e-04
    3.700000    0.758908    1.660509  5.24e-06  7.28e-04
    3.800000    0.777510    1.006130  3.29e-06  1.74e-03
    3.900000    0.798141    1.703208  2.56e-06  8.10e-04
    4.000000    0.820480    1.214841  5.33e-06  4.67e-04
    4.100000    0.844147    1.406183  2.07e-06  1.75e-04
    4.200000    0.868833    1.600124  3.71e-07  6.51e-04
    4.300000    0.894205    1.039832  1.68e-06  1.45e-03
    4.400000    0.919962    1.726648  2.32e-06  8.85e-04
    4.500000    0.945840    1.127736  5.48e-06  8.61e-04
    4.600000    0.971554    1.496539  2.96e-06  4.34e-04
    4.700000    0.996900    1.524547  1.50e-06  5.22e-04
    4.800000    1.021641    1.102044  1.51e-07  1.01e-03
    4.900000    1.045587    1.730006  2.38e-06  9.16e-04
    5.000000    1.068570    1.057755  5.27e-06  1.27e-03
   ------------------------------------------------------

Final Solver Statistics:
   Steps: nsts = 2501, nstf = 250100
   u error = 3.742e-06, v error = 9.560e-04, total error = 6.760e-04
   Total RHS evals:  Fs = 9571,  Ff = 755303
   Slow Newton iters = 4568
   Slow Newton conv fails = 0
   Slow Jacobian evals = 101
