Krylov example problem:

 Kinetics-transport, NEQ =  200


 t =   0.720000E+04     no. steps =   190   order =   5   stepsize =   0.160961E+03
  c1 (bot.left/middle/top rt.) =   0.104683E+05  0.296373E+05  0.111853E+05
  c2 (bot.left/middle/top rt.) =   0.252672E+12  0.715377E+12  0.269977E+12

 t =   0.144000E+05     no. steps =   221   order =   5   stepsize =   0.382688E+03
  c1 (bot.left/middle/top rt.) =   0.665902E+07  0.531602E+07  0.730081E+07
  c2 (bot.left/middle/top rt.) =   0.258192E+12  0.205680E+12  0.283286E+12

 t =   0.216000E+05     no. steps =   246   order =   5   stepsize =   0.278109E+03
  c1 (bot.left/middle/top rt.) =   0.266497E+08  0.103640E+08  0.293077E+08
  c2 (bot.left/middle/top rt.) =   0.299279E+12  0.102815E+12  0.331344E+12

 t =   0.288000E+05     no. steps =   278   order =   4   stepsize =   0.189484E+03
  c1 (bot.left/middle/top rt.) =   0.870207E+07  0.129196E+08  0.965000E+07
  c2 (bot.left/middle/top rt.) =   0.338034E+12  0.502926E+12  0.375095E+12

 t =   0.360000E+05     no. steps =   310   order =   5   stepsize =   0.979573E+02
  c1 (bot.left/middle/top rt.) =   0.140403E+05  0.202898E+05  0.156090E+05
  c2 (bot.left/middle/top rt.) =   0.338676E+12  0.489431E+12  0.376516E+12

 t =   0.432000E+05     no. steps =   363   order =   4   stepsize =   0.439753E+03
  c1 (bot.left/middle/top rt.) =  -0.421564E-11 -0.166285E-09 -0.238187E-11
  c2 (bot.left/middle/top rt.) =   0.338232E+12  0.135499E+12  0.380351E+12

 t =   0.504000E+05     no. steps =   382   order =   4   stepsize =   0.287162E+03
  c1 (bot.left/middle/top rt.) =   0.365612E-13  0.323562E-10 -0.186637E-13
  c2 (bot.left/middle/top rt.) =   0.335816E+12  0.493027E+12  0.386444E+12

 t =   0.576000E+05     no. steps =   394   order =   5   stepsize =   0.578077E+03
  c1 (bot.left/middle/top rt.) =   0.998076E-14 -0.738833E-10  0.774083E-12
  c2 (bot.left/middle/top rt.) =   0.332030E+12  0.964976E+12  0.390899E+12

 t =   0.648000E+05     no. steps =   405   order =   5   stepsize =   0.739690E+03
  c1 (bot.left/middle/top rt.) =   0.513089E-11 -0.168189E-09  0.127541E-11
  c2 (bot.left/middle/top rt.) =   0.331302E+12  0.892185E+12  0.396341E+12

 t =   0.720000E+05     no. steps =   414   order =   5   stepsize =   0.739690E+03
  c1 (bot.left/middle/top rt.) =  -0.422067E-11 -0.105368E-09  0.139550E-12
  c2 (bot.left/middle/top rt.) =   0.332971E+12  0.618617E+12  0.403884E+12

 t =   0.792000E+05     no. steps =   424   order =   5   stepsize =   0.739690E+03
  c1 (bot.left/middle/top rt.) =   0.516386E-12  0.209408E-09  0.166398E-11
  c2 (bot.left/middle/top rt.) =   0.333441E+12  0.666921E+12  0.412025E+12

 t =   0.864000E+05     no. steps =   434   order =   5   stepsize =   0.739690E+03
  c1 (bot.left/middle/top rt.) =   0.570034E-19  0.658145E-16  0.339771E-18
  c2 (bot.left/middle/top rt.) =   0.335178E+12  0.910627E+12  0.416250E+12


Final statistics:

 number of steps        =   434     number of f evals.     =   551
 number of prec. setups =    68
 number of prec. evals. =     8     number of prec. solves =   975
 number of nonl. iters. =   548     number of lin. iters.  =   494
 average Krylov subspace dimension (NLI/NNI) =   0.901460E+00
 number of conv. failures.. nonlinear =  0 linear =   0
 number of error test failures =  24
 main solver real/int workspace sizes   =    2689     53
 linear solver real/int workspace sizes =  2454   42
In CVBANDPRE:
 real/int workspace sizes =    2800    622
 number of f evaluations  =    40
