Dense example problem:

 Robertson kinetics, NEQ =  3


At t =   0.2639E+00   y =   0.989965E+00  0.347056E-04  0.100000E-01
     Above is a root, INFO() =   0  1
At t =   0.4000E+00   y =   0.985164E+00  0.338624E-04  0.148020E-01
At t =   0.4000E+01   y =   0.905510E+00  0.224034E-04  0.944679E-01
At t =   0.4000E+02   y =   0.715800E+00  0.918534E-05  0.284191E+00
At t =   0.4000E+03   y =   0.450546E+00  0.322321E-05  0.549451E+00
At t =   0.4000E+04   y =   0.183210E+00  0.894272E-06  0.816789E+00
At t =   0.4000E+05   y =   0.389894E-01  0.162202E-06  0.961010E+00
At t =   0.4000E+06   y =   0.493865E-02  0.198517E-07  0.995061E+00
At t =   0.4000E+07   y =   0.516960E-03  0.206890E-08  0.999483E+00
At t =   0.2079E+08   y =   0.100000E-03  0.400040E-09  0.999900E+00
     Above is a root, INFO() =  -1  0
At t =   0.4000E+08   y =   0.520376E-04  0.208161E-09  0.999948E+00
At t =   0.4000E+09   y =   0.519563E-05  0.207826E-10  0.999995E+00
At t =   0.4000E+10   y =   0.530462E-06  0.212185E-11  0.999999E+00
At t =   0.4000E+11   y =   0.546773E-07  0.218709E-12  0.100000E+01

Final value of ydot =  -0.128780E-17 -0.515119E-23  0.128780E-17


Final statistics:

 No. steps =  568   No. f-s =  801   No. J-s =   11   No. LU-s =   98
 No. nonlinear iterations =  798
 No. nonlinear convergence failures =    0
 No. error test failures =   18
 No. root function evals =  604
