Dense example problem:

 Robertson kinetics, NEQ =  3


At t =   0.2639E+00   y =   0.989965E+00  0.347056E-04  0.100000E-01
     Above is a root, INFO() =   0  1
At t =   0.4000E+00   y =   0.985165E+00  0.338627E-04  0.148011E-01
At t =   0.4000E+01   y =   0.905528E+00  0.224062E-04  0.944493E-01
At t =   0.4000E+02   y =   0.715866E+00  0.918722E-05  0.284125E+00
At t =   0.4000E+03   y =   0.450547E+00  0.322302E-05  0.549450E+00
At t =   0.4000E+04   y =   0.183170E+00  0.894091E-06  0.816829E+00
At t =   0.4000E+05   y =   0.389943E-01  0.162226E-06  0.961006E+00
At t =   0.4000E+06   y =   0.493262E-02  0.198271E-07  0.995067E+00
At t =   0.4000E+07   y =   0.513633E-03  0.205551E-08  0.999486E+00
At t =   0.2131E+08   y =   0.100000E-03  0.400041E-09  0.999900E+00
     Above is a root, INFO() =  -1  0
At t =   0.4000E+08   y =   0.504807E-04  0.201932E-09  0.999950E+00
At t =   0.4000E+09   y =  -0.158605E-06 -0.634471E-12  0.100000E+01
At t =   0.4000E+10   y =   0.637548E-06  0.255019E-11  0.100000E+01
At t =   0.4000E+11   y =   0.178568E-06  0.714272E-12  0.100000E+01

Final value of ydot =  -0.106867E-17 -0.427468E-23  0.106868E-17


Final statistics:

 No. steps =  483   No. f-s =  721   No. J-s =   16   No. LU-s =  113
 No. nonlinear iterations =  718
 No. nonlinear convergence failures =    5
 No. error test failures =   26
 No. root function evals =  515
