
2-species diurnal advection-diffusion problem

t = 7.20e+03   no. steps = 219   order = 5   stepsize = 1.59e+02
At bottom left:  c1, c2 =    1.047e+04    2.527e+11 
At top right:    c1, c2 =    1.119e+04    2.700e+11 

t = 1.44e+04   no. steps = 251   order = 5   stepsize = 3.77e+02
At bottom left:  c1, c2 =    6.659e+06    2.582e+11 
At top right:    c1, c2 =    7.301e+06    2.833e+11 

t = 2.16e+04   no. steps = 276   order = 5   stepsize = 2.94e+02
At bottom left:  c1, c2 =    2.665e+07    2.993e+11 
At top right:    c1, c2 =    2.931e+07    3.313e+11 

t = 2.88e+04   no. steps = 311   order = 4   stepsize = 1.75e+02
At bottom left:  c1, c2 =    8.702e+06    3.380e+11 
At top right:    c1, c2 =    9.650e+06    3.751e+11 

t = 3.60e+04   no. steps = 345   order = 5   stepsize = 9.39e+01
At bottom left:  c1, c2 =    1.404e+04    3.387e+11 
At top right:    c1, c2 =    1.561e+04    3.765e+11 

t = 4.32e+04   no. steps = 399   order = 5   stepsize = 5.78e+02
At bottom left:  c1, c2 =    3.171e-07    3.382e+11 
At top right:    c1, c2 =    3.560e-07    3.804e+11 

t = 5.04e+04   no. steps = 413   order = 5   stepsize = 3.81e+02
At bottom left:  c1, c2 =    9.141e-09    3.358e+11 
At top right:    c1, c2 =    1.010e-08    3.864e+11 

t = 5.76e+04   no. steps = 425   order = 5   stepsize = 2.76e+02
At bottom left:  c1, c2 =   -4.213e-06    3.320e+11 
At top right:    c1, c2 =   -4.685e-06    3.909e+11 

t = 6.48e+04   no. steps = 440   order = 5   stepsize = 6.79e+02
At bottom left:  c1, c2 =   -6.069e-08    3.313e+11 
At top right:    c1, c2 =   -6.744e-08    3.963e+11 

t = 7.20e+04   no. steps = 450   order = 5   stepsize = 6.79e+02
At bottom left:  c1, c2 =    6.054e-10    3.330e+11 
At top right:    c1, c2 =    6.729e-10    4.039e+11 

t = 7.92e+04   no. steps = 461   order = 5   stepsize = 6.79e+02
At bottom left:  c1, c2 =    1.510e-10    3.334e+11 
At top right:    c1, c2 =    1.678e-10    4.120e+11 

t = 8.64e+04   no. steps = 472   order = 5   stepsize = 6.79e+02
At bottom left:  c1, c2 =    2.221e-12    3.352e+11 
At top right:    c1, c2 =    2.468e-12    4.162e+11 


Final Statistics: 

lenrw   =  2689     leniw   =   144
lenrwls =  2454     leniwls =   126
nst     =   472
nfe     =   611     nfels   =   594
nni     =   608     nli     =   594
nsetups =    81     netf    =    28
npe     =    10     nps     =  1147
ncfn    =     0     ncfl    =     0

