
2-species diurnal advection-diffusion problem
  10 by 10 mesh on 4 processors
  Using CVBBDPRE preconditioner module
    Difference-quotient half-bandwidths are mudq = 10,  mldq = 10
    Retained band block half-bandwidths are mukeep = 2,  mlkeep = 2

Preconditioner type is:  jpre = PREC_LEFT

t = 7.20e+03   no. steps = 190   order = 5   stepsize = 1.61e+02
At bottom left:  c1, c2 =    1.047e+04    2.527e+11 
At top right:    c1, c2 =    1.119e+04    2.700e+11 

t = 1.44e+04   no. steps = 221   order = 5   stepsize = 3.85e+02
At bottom left:  c1, c2 =    6.659e+06    2.582e+11 
At top right:    c1, c2 =    7.301e+06    2.833e+11 

t = 2.16e+04   no. steps = 247   order = 5   stepsize = 3.01e+02
At bottom left:  c1, c2 =    2.665e+07    2.993e+11 
At top right:    c1, c2 =    2.931e+07    3.313e+11 

t = 2.88e+04   no. steps = 290   order = 4   stepsize = 1.42e+02
At bottom left:  c1, c2 =    8.702e+06    3.380e+11 
At top right:    c1, c2 =    9.650e+06    3.751e+11 

t = 3.60e+04   no. steps = 321   order = 5   stepsize = 1.36e+02
At bottom left:  c1, c2 =    1.404e+04    3.387e+11 
At top right:    c1, c2 =    1.561e+04    3.765e+11 

t = 4.32e+04   no. steps = 371   order = 4   stepsize = 4.43e+02
At bottom left:  c1, c2 =    1.571e-08    3.382e+11 
At top right:    c1, c2 =    1.850e-08    3.804e+11 

t = 5.04e+04   no. steps = 388   order = 5   stepsize = 4.97e+02
At bottom left:  c1, c2 =    1.761e-10    3.358e+11 
At top right:    c1, c2 =    5.607e-11    3.864e+11 

t = 5.76e+04   no. steps = 400   order = 5   stepsize = 5.86e+02
At bottom left:  c1, c2 =    2.015e-09    3.320e+11 
At top right:    c1, c2 =    8.233e-10    3.909e+11 

t = 6.48e+04   no. steps = 412   order = 5   stepsize = 5.86e+02
At bottom left:  c1, c2 =    4.104e-10    3.313e+11 
At top right:    c1, c2 =   -1.209e-10    3.963e+11 

t = 7.20e+04   no. steps = 425   order = 5   stepsize = 5.86e+02
At bottom left:  c1, c2 =   -1.864e-11    3.330e+11 
At top right:    c1, c2 =   -1.574e-12    4.039e+11 

t = 7.92e+04   no. steps = 437   order = 5   stepsize = 5.86e+02
At bottom left:  c1, c2 =   -3.143e-12    3.334e+11 
At top right:    c1, c2 =   -4.161e-13    4.120e+11 

t = 8.64e+04   no. steps = 449   order = 5   stepsize = 5.86e+02
At bottom left:  c1, c2 =   -1.435e-13    3.352e+11 
At top right:    c1, c2 =   -2.159e-14    4.163e+11 


Final Statistics: 

lenrw   =  2689     leniw   =   144
lenrwls =  2454     leniwls =   126
nst     =   449
nfe     =   574     nfels   =   537
nni     =   571     nli     =   537
nsetups =    75     netf    =    26
npe     =     8     nps     =  1055
ncfn    =     0     ncfl    =     0

In CVBBDPRE: real/integer local work space sizes = 1300, 192
             no. flocal evals. = 176


-------------------------------------------------------------------


Preconditioner type is:  jpre = PREC_RIGHT

t = 7.20e+03   no. steps = 191   order = 5   stepsize = 1.22e+02
At bottom left:  c1, c2 =    1.047e+04    2.527e+11 
At top right:    c1, c2 =    1.119e+04    2.700e+11 

t = 1.44e+04   no. steps = 223   order = 5   stepsize = 2.79e+02
At bottom left:  c1, c2 =    6.659e+06    2.582e+11 
At top right:    c1, c2 =    7.301e+06    2.833e+11 

t = 2.16e+04   no. steps = 249   order = 5   stepsize = 4.31e+02
At bottom left:  c1, c2 =    2.665e+07    2.993e+11 
At top right:    c1, c2 =    2.931e+07    3.313e+11 

t = 2.88e+04   no. steps = 297   order = 4   stepsize = 1.71e+02
At bottom left:  c1, c2 =    8.702e+06    3.380e+11 
At top right:    c1, c2 =    9.650e+06    3.751e+11 

t = 3.60e+04   no. steps = 328   order = 5   stepsize = 1.02e+02
At bottom left:  c1, c2 =    1.404e+04    3.387e+11 
At top right:    c1, c2 =    1.561e+04    3.765e+11 

t = 4.32e+04   no. steps = 378   order = 5   stepsize = 6.02e+02
At bottom left:  c1, c2 =   -1.479e-08    3.382e+11 
At top right:    c1, c2 =   -1.650e-08    3.804e+11 

t = 5.04e+04   no. steps = 391   order = 5   stepsize = 4.32e+02
At bottom left:  c1, c2 =   -4.083e-12    3.358e+11 
At top right:    c1, c2 =   -4.035e-12    3.864e+11 

t = 5.76e+04   no. steps = 406   order = 5   stepsize = 1.77e+02
At bottom left:  c1, c2 =   -2.158e-08    3.320e+11 
At top right:    c1, c2 =    5.171e-08    3.909e+11 

t = 6.48e+04   no. steps = 422   order = 5   stepsize = 7.45e+02
At bottom left:  c1, c2 =    2.403e-15    3.313e+11 
At top right:    c1, c2 =   -6.698e-15    3.963e+11 

t = 7.20e+04   no. steps = 432   order = 5   stepsize = 7.45e+02
At bottom left:  c1, c2 =   -9.471e-17    3.330e+11 
At top right:    c1, c2 =    1.836e-16    4.039e+11 

t = 7.92e+04   no. steps = 442   order = 5   stepsize = 7.45e+02
At bottom left:  c1, c2 =   -8.512e-18    3.334e+11 
At top right:    c1, c2 =    4.588e-15    4.120e+11 

t = 8.64e+04   no. steps = 451   order = 5   stepsize = 7.45e+02
At bottom left:  c1, c2 =    5.170e-19    3.352e+11 
At top right:    c1, c2 =    1.800e-15    4.163e+11 


Final Statistics: 

lenrw   =  2689     leniw   =   144
lenrwls =  2454     leniwls =   126
nst     =   451
nfe     =   577     nfels   =   815
nni     =   574     nli     =   815
nsetups =    83     netf    =    27
npe     =     8     nps     =  1290
ncfn    =     0     ncfl    =     0

In CVBBDPRE: real/integer local work space sizes = 1300, 192
             no. flocal evals. = 176
