
2-species diurnal advection-diffusion problem

t = 7.20e+03   no. steps = 980   stepsize = 3.07e+00
At bottom left:  c1, c2 =    1.047e+04    2.527e+11 
At top right:    c1, c2 =    1.119e+04    2.700e+11 

t = 1.44e+04   no. steps = 2730   stepsize = 6.90e+00
At bottom left:  c1, c2 =    6.659e+06    2.582e+11 
At top right:    c1, c2 =    7.301e+06    2.833e+11 

t = 2.16e+04   no. steps = 3533   stepsize = 1.04e+01
At bottom left:  c1, c2 =    2.665e+07    2.993e+11 
At top right:    c1, c2 =    2.931e+07    3.313e+11 

t = 2.88e+04   no. steps = 4570   stepsize = 4.36e+00
At bottom left:  c1, c2 =    8.702e+06    3.380e+11 
At top right:    c1, c2 =    9.650e+06    3.751e+11 

t = 3.60e+04   no. steps = 5861   stepsize = 2.55e+00
At bottom left:  c1, c2 =    1.404e+04    3.387e+11 
At top right:    c1, c2 =    1.561e+04    3.765e+11 

t = 4.32e+04   no. steps = 7050   stepsize = 4.39e+02
At bottom left:  c1, c2 =   -1.029e-08    3.382e+11 
At top right:    c1, c2 =    1.012e-08    3.804e+11 

t = 5.04e+04   no. steps = 7068   stepsize = 4.15e+02
At bottom left:  c1, c2 =   -2.467e-06    3.358e+11 
At top right:    c1, c2 =    3.621e-06    3.864e+11 

t = 5.76e+04   no. steps = 7084   stepsize = 2.94e+02
At bottom left:  c1, c2 =    1.110e-16    3.320e+11 
At top right:    c1, c2 =   -8.843e-17    3.909e+11 

t = 6.48e+04   no. steps = 7098   stepsize = 6.90e+02
At bottom left:  c1, c2 =    1.385e-18    3.313e+11 
At top right:    c1, c2 =   -7.418e-17    3.963e+11 

t = 7.20e+04   no. steps = 7108   stepsize = 6.90e+02
At bottom left:  c1, c2 =    7.250e-17    3.330e+11 
At top right:    c1, c2 =   -8.404e-16    4.039e+11 

t = 7.92e+04   no. steps = 7119   stepsize = 6.90e+02
At bottom left:  c1, c2 =    2.085e-17    3.334e+11 
At top right:    c1, c2 =   -4.222e-17    4.120e+11 

t = 8.64e+04   no. steps = 7129   stepsize = 6.90e+02
At bottom left:  c1, c2 =    1.390e-16    3.352e+11 
At top right:    c1, c2 =   -2.558e-16    4.163e+11 


Final Statistics: 

lenrw   =  2901     leniw   =   225
lenrwls =  2455     leniwls =   126
nst     =  7129     nfe     =     0
nfi     = 74828     nfels   = 84730
nni     = 39045     nli     = 84730
nsetups =   428     netf    =    27
npe     =   173     nps     = 121466
ncfn    =     0     ncfl    =     0

