
2-species diurnal advection-diffusion problem
  10 by 10 mesh on 4 processors
  Using ARKBBDPRE preconditioner module
    Difference-quotient half-bandwidths are mudq = 10,  mldq = 10
    Retained band block half-bandwidths are mukeep = 2,  mlkeep = 2

Preconditioner type is:  jpre = PREC_LEFT

t = 7.20e+03   no. steps = 979   stepsize = 3.07e+00
At bottom left:  c1, c2 =    1.047e+04    2.527e+11
At top right:    c1, c2 =    1.119e+04    2.700e+11

t = 1.44e+04   no. steps = 2738   stepsize = 6.94e+00
At bottom left:  c1, c2 =    6.659e+06    2.582e+11
At top right:    c1, c2 =    7.301e+06    2.833e+11

t = 2.16e+04   no. steps = 3535   stepsize = 1.05e+01
At bottom left:  c1, c2 =    2.665e+07    2.993e+11
At top right:    c1, c2 =    2.931e+07    3.313e+11

t = 2.88e+04   no. steps = 4677   stepsize = 4.82e+00
At bottom left:  c1, c2 =    8.702e+06    3.380e+11
At top right:    c1, c2 =    9.650e+06    3.751e+11

t = 3.60e+04   no. steps = 5915   stepsize = 2.56e+00
At bottom left:  c1, c2 =    1.404e+04    3.387e+11
At top right:    c1, c2 =    1.561e+04    3.765e+11

t = 4.32e+04   no. steps = 7116   stepsize = 5.49e+02
At bottom left:  c1, c2 =   -7.590e-14    3.382e+11
At top right:    c1, c2 =   -3.317e-13    3.804e+11

t = 5.04e+04   no. steps = 7131   stepsize = 5.15e+02
At bottom left:  c1, c2 =   -1.916e-11    3.358e+11
At top right:    c1, c2 =    3.199e-11    3.864e+11

t = 5.76e+04   no. steps = 7147   stepsize = 1.57e+02
At bottom left:  c1, c2 =   -3.745e-13    3.320e+11
At top right:    c1, c2 =   -5.029e-13    3.909e+11

t = 6.48e+04   no. steps = 7161   stepsize = 5.90e+02
At bottom left:  c1, c2 =   -2.043e-13    3.313e+11
At top right:    c1, c2 =   -3.978e-12    3.963e+11

t = 7.20e+04   no. steps = 7173   stepsize = 5.90e+02
At bottom left:  c1, c2 =    6.089e-17    3.330e+11
At top right:    c1, c2 =    4.501e-16    4.039e+11

t = 7.92e+04   no. steps = 7185   stepsize = 5.90e+02
At bottom left:  c1, c2 =    1.970e-24    3.334e+11
At top right:    c1, c2 =   -1.624e-20    4.120e+11

t = 8.64e+04   no. steps = 7198   stepsize = 5.90e+02
At bottom left:  c1, c2 =    3.327e-24    3.352e+11
At top right:    c1, c2 =   -5.974e-22    4.163e+11


Final Statistics:

lenrw   =  2901     leniw   =   225
lenrwls =  2455     leniwls =   126
nst     =  7198     nfe     =     0
nfe     = 75626     nfels   = 82389
nni     = 39483     nli     = 82389
nsetups =   441     netf    =    30
npe     =   121     nps     = 119625
ncfn    =     0     ncfl    =     0

In ARKBBDPRE: real/integer local work space sizes = 1300, 192
             no. flocal evals. = 2662


-------------------------------------------------------------------


Preconditioner type is:  jpre = PREC_RIGHT

t = 7.20e+03   no. steps = 981   stepsize = 3.07e+00
At bottom left:  c1, c2 =    1.047e+04    2.527e+11
At top right:    c1, c2 =    1.119e+04    2.700e+11

t = 1.44e+04   no. steps = 2731   stepsize = 6.90e+00
At bottom left:  c1, c2 =    6.659e+06    2.582e+11
At top right:    c1, c2 =    7.301e+06    2.833e+11

t = 2.16e+04   no. steps = 3533   stepsize = 1.04e+01
At bottom left:  c1, c2 =    2.665e+07    2.993e+11
At top right:    c1, c2 =    2.931e+07    3.313e+11

t = 2.88e+04   no. steps = 4682   stepsize = 4.78e+00
At bottom left:  c1, c2 =    8.702e+06    3.380e+11
At top right:    c1, c2 =    9.650e+06    3.751e+11

t = 3.60e+04   no. steps = 5921   stepsize = 2.56e+00
At bottom left:  c1, c2 =    1.404e+04    3.387e+11
At top right:    c1, c2 =    1.561e+04    3.765e+11

t = 4.32e+04   no. steps = 7109   stepsize = 4.24e+02
At bottom left:  c1, c2 =   -4.575e-15    3.382e+11
At top right:    c1, c2 =    6.062e-07    3.804e+11

t = 5.04e+04   no. steps = 7126   stepsize = 3.94e+02
At bottom left:  c1, c2 =   -2.300e-14    3.358e+11
At top right:    c1, c2 =    5.767e-07    3.864e+11

t = 5.76e+04   no. steps = 7140   stepsize = 2.77e+02
At bottom left:  c1, c2 =   -1.239e-12    3.320e+11
At top right:    c1, c2 =   -1.789e-07    3.909e+11

t = 6.48e+04   no. steps = 7153   stepsize = 6.83e+02
At bottom left:  c1, c2 =   -2.391e-14    3.313e+11
At top right:    c1, c2 =    1.651e-06    3.963e+11

t = 7.20e+04   no. steps = 7164   stepsize = 6.83e+02
At bottom left:  c1, c2 =    2.363e-14    3.330e+11
At top right:    c1, c2 =   -2.527e-07    4.039e+11

t = 7.92e+04   no. steps = 7174   stepsize = 6.83e+02
At bottom left:  c1, c2 =    1.787e-24    3.334e+11
At top right:    c1, c2 =   -3.973e-06    4.120e+11

t = 8.64e+04   no. steps = 7185   stepsize = 6.83e+02
At bottom left:  c1, c2 =    1.883e-24    3.352e+11
At top right:    c1, c2 =    1.160e-07    4.163e+11


Final Statistics:

lenrw   =  2901     leniw   =   230
lenrwls =  2455     leniwls =   126
nst     =  7185     nfe     =     0
nfe     = 75470     nfels   = 98583
nni     = 39402     nli     = 98583
nsetups =   439     netf    =    28
npe     =   121     nps     = 134680
ncfn    =     0     ncfl    =     0

In ARKBBDPRE: real/integer local work space sizes = 1300, 192
             no. flocal evals. = 2662
