 
2-species diurnal advection-diffusion problem

t = 7.20e+03   no. steps = 219   order = 5   stepsize = 1.59e+02
c1 (bot.left/middle/top rt.) =    1.047e+04     2.964e+04     1.119e+04
c2 (bot.left/middle/top rt.) =    2.527e+11     7.154e+11     2.700e+11

t = 1.44e+04   no. steps = 251   order = 5   stepsize = 3.77e+02
c1 (bot.left/middle/top rt.) =    6.659e+06     5.316e+06     7.301e+06
c2 (bot.left/middle/top rt.) =    2.582e+11     2.057e+11     2.833e+11

t = 2.16e+04   no. steps = 276   order = 5   stepsize = 2.94e+02
c1 (bot.left/middle/top rt.) =    2.665e+07     1.036e+07     2.931e+07
c2 (bot.left/middle/top rt.) =    2.993e+11     1.028e+11     3.313e+11

t = 2.88e+04   no. steps = 311   order = 4   stepsize = 1.69e+02
c1 (bot.left/middle/top rt.) =    8.702e+06     1.292e+07     9.650e+06
c2 (bot.left/middle/top rt.) =    3.380e+11     5.029e+11     3.751e+11

t = 3.60e+04   no. steps = 350   order = 4   stepsize = 6.72e+01
c1 (bot.left/middle/top rt.) =    1.404e+04     2.029e+04     1.561e+04
c2 (bot.left/middle/top rt.) =    3.387e+11     4.894e+11     3.765e+11

t = 4.32e+04   no. steps = 421   order = 4   stepsize = 1.64e+02
c1 (bot.left/middle/top rt.) =    2.410e-07    -4.285e-07     2.871e-07
c2 (bot.left/middle/top rt.) =    3.382e+11     1.355e+11     3.804e+11

t = 5.04e+04   no. steps = 441   order = 5   stepsize = 4.34e+02
c1 (bot.left/middle/top rt.) =    1.293e-10    -7.011e-09    -4.641e-10
c2 (bot.left/middle/top rt.) =    3.358e+11     4.930e+11     3.864e+11

t = 5.76e+04   no. steps = 454   order = 5   stepsize = 4.90e+02
c1 (bot.left/middle/top rt.) =    1.173e-10    -8.752e-09    -6.115e-10
c2 (bot.left/middle/top rt.) =    3.320e+11     9.650e+11     3.909e+11

t = 6.48e+04   no. steps = 464   order = 5   stepsize = 7.55e+02
c1 (bot.left/middle/top rt.) =   -5.236e-12     3.117e-10     2.057e-11
c2 (bot.left/middle/top rt.) =    3.313e+11     8.922e+11     3.963e+11

t = 7.20e+04   no. steps = 474   order = 5   stepsize = 7.55e+02
c1 (bot.left/middle/top rt.) =    1.466e-13    -8.138e-12    -5.247e-13
c2 (bot.left/middle/top rt.) =    3.330e+11     6.186e+11     4.039e+11

t = 7.92e+04   no. steps = 483   order = 5   stepsize = 7.55e+02
c1 (bot.left/middle/top rt.) =    3.168e-14    -2.164e-12    -1.486e-13
c2 (bot.left/middle/top rt.) =    3.334e+11     6.669e+11     4.120e+11

t = 8.64e+04   no. steps = 493   order = 5   stepsize = 7.55e+02
c1 (bot.left/middle/top rt.) =   -2.151e-15     1.429e-13     9.736e-15
c2 (bot.left/middle/top rt.) =    3.352e+11     9.107e+11     4.162e+11


Final Statistics.. 

lenrw   =  2689     leniw   =    53
lenrwLS =  2454     leniwLS =    42
nst     =   493
nfe     =   659     nfeLS   =     0
nni     =   656     nli     =   631
nsetups =    96     netf    =    35
npe     =    11     nps     =  1220
ncfn    =     0     ncfl    =     0

