Demonstration program for CVODE package - direct linear solvers


Problem 1: Van der Pol oscillator
 xdotdot - 3*(1 - x^2)*xdot + x = 0, x(0) = 2, xdot(0) = 0
 neq = 2,  reltol = 0,  abstol = 1e-06

-------------------------------------------------------------

Linear Multistep Method : ADAMS
Iteration               : FIXEDPOINT

     t           x              xdot         qu     hu 
   1.39284     1.68010e+00   -2.91056e-01    5    9.8626e-02
   3.60761    -2.12391e-05   -3.16877e+00    5    2.2757e-02
   5.82239    -1.68010e+00    2.91060e-01    4    1.4079e-01
   8.03716     9.57608e-05    3.16900e+00    5    2.0348e-02

 Final statistics for this run:

 CVode real workspace length              =  129 
 CVode integer workspace length           =   60 
 Number of steps                          =  196 
 Number of f-s                            =  390 
 Number of setups                         =    0 
 Number of nonlinear iterations           =  387 
 Number of nonlinear convergence failures =    0 
 Number of error test failures            =   15 

 Error overrun = 95.761 


-------------------------------------------------------------

Linear Multistep Method : ADAMS
Iteration               : NEWTON
Linear Solver           : Dense, User-Supplied Jacobian

     t           x              xdot         qu     hu 
   1.39284     1.68010e+00   -2.91056e-01    7    6.5178e-02
   3.60761     1.85178e-05   -3.16866e+00    7    1.6454e-02
   5.82239    -1.68010e+00    2.91060e-01    5    1.7697e-01
   8.03716    -5.99009e-05    3.16852e+00    5    2.0156e-02

 Final statistics for this run:

 CVode real workspace length              =  129 
 CVode integer workspace length           =   60 
 Number of steps                          =  252 
 Number of f-s                            =  337 
 Number of setups                         =   37 
 Number of nonlinear iterations           =  334 
 Number of nonlinear convergence failures =    0 
 Number of error test failures            =   18 

 Linear solver real workspace length      =   10 
 Linear solver integer workspace length   =   41 
 Number of Jacobian evaluations           =    5 
 Number of f evals. in linear solver      =    0 

 Error overrun = 59.901 


-------------------------------------------------------------

Linear Multistep Method : ADAMS
Iteration               : NEWTON
Linear Solver           : Dense, Difference Quotient Jacobian

     t           x              xdot         qu     hu 
   1.39284     1.68010e+00   -2.91056e-01    5    6.5835e-02
   3.60761    -2.04316e-05   -3.16877e+00    5    2.3008e-02
   5.82239    -1.68010e+00    2.91058e-01    5    4.0856e-02
   8.03716     1.36407e-05    3.16872e+00    5    2.0110e-02

 Final statistics for this run:

 CVode real workspace length              =  129 
 CVode integer workspace length           =   60 
 Number of steps                          =  211 
 Number of f-s                            =  290 
 Number of setups                         =   38 
 Number of nonlinear iterations           =  287 
 Number of nonlinear convergence failures =    0 
 Number of error test failures            =   18 

 Linear solver real workspace length      =   10 
 Linear solver integer workspace length   =   41 
 Number of Jacobian evaluations           =    4 
 Number of f evals. in linear solver      =    8 

 Error overrun = 20.432 


-------------------------------------------------------------

Linear Multistep Method : ADAMS
Iteration               : NEWTON
Linear Solver           : Diagonal Jacobian

     t           x              xdot         qu     hu 
   1.39284     1.68010e+00   -2.91054e-01    6    5.9553e-02
   3.60761     6.36071e-05   -3.16853e+00    6    2.8912e-02
   5.82239    -1.68014e+00    2.91052e-01    5    4.3773e-02
   8.03716    -3.64448e-04    3.16760e+00    4    1.6270e-02

 Final statistics for this run:

 CVode real workspace length              =  129 
 CVode integer workspace length           =   60 
 Number of steps                          =  266 
 Number of f-s                            =  366 
 Number of setups                         =   36 
 Number of nonlinear iterations           =  363 
 Number of nonlinear convergence failures =    0 
 Number of error test failures            =   17 

 Linear solver real workspace length      =    6 
 Linear solver integer workspace length   =    3 
 Number of Jacobian evaluations           =   36 
 Number of f evals. in linear solver      =   36 

 Error overrun = 364.448 


-------------------------------------------------------------

Linear Multistep Method : BDF
Iteration               : FIXEDPOINT

     t           x              xdot         qu     hu 
   1.39284     1.68010e+00   -2.91056e-01    4    9.6100e-02
   3.60761    -1.35636e-04   -3.16912e+00    5    1.5675e-02
   5.82239    -1.68009e+00    2.91063e-01    5    1.1210e-01
   8.03716     2.20969e-04    3.16937e+00    5    1.4732e-02

 Final statistics for this run:

 CVode real workspace length              =  115 
 CVode integer workspace length           =   53 
 Number of steps                          =  262 
 Number of f-s                            =  497 
 Number of setups                         =    0 
 Number of nonlinear iterations           =  494 
 Number of nonlinear convergence failures =    0 
 Number of error test failures            =   22 

 Error overrun = 220.969 


-------------------------------------------------------------

Linear Multistep Method : BDF
Iteration               : NEWTON
Linear Solver           : Dense, User-Supplied Jacobian

     t           x              xdot         qu     hu 
   1.39284     1.68010e+00   -2.91056e-01    5    1.1991e-01
   3.60761    -5.46907e-05   -3.16886e+00    5    1.6403e-02
   5.82239    -1.68010e+00    2.91062e-01    5    8.4689e-02
   8.03716     9.38606e-05    3.16898e+00    5    1.4443e-02

 Final statistics for this run:

 CVode real workspace length              =  115 
 CVode integer workspace length           =   53 
 Number of steps                          =  250 
 Number of f-s                            =  341 
 Number of setups                         =   40 
 Number of nonlinear iterations           =  338 
 Number of nonlinear convergence failures =    0 
 Number of error test failures            =   19 

 Linear solver real workspace length      =   10 
 Linear solver integer workspace length   =   41 
 Number of Jacobian evaluations           =    5 
 Number of f evals. in linear solver      =    0 

 Error overrun = 93.861 


-------------------------------------------------------------

Linear Multistep Method : BDF
Iteration               : NEWTON
Linear Solver           : Dense, Difference Quotient Jacobian

     t           x              xdot         qu     hu 
   1.39284     1.68010e+00   -2.91056e-01    5    6.9835e-02
   3.60761    -3.67611e-05   -3.16881e+00    5    1.4309e-02
   5.82239    -1.68010e+00    2.91059e-01    5    1.1910e-01
   8.03716     9.02594e-05    3.16897e+00    5    1.7231e-02

 Final statistics for this run:

 CVode real workspace length              =  115 
 CVode integer workspace length           =   53 
 Number of steps                          =  251 
 Number of f-s                            =  348 
 Number of setups                         =   40 
 Number of nonlinear iterations           =  345 
 Number of nonlinear convergence failures =    0 
 Number of error test failures            =   18 

 Linear solver real workspace length      =   10 
 Linear solver integer workspace length   =   41 
 Number of Jacobian evaluations           =    5 
 Number of f evals. in linear solver      =   10 

 Error overrun = 90.259 


-------------------------------------------------------------

Linear Multistep Method : BDF
Iteration               : NEWTON
Linear Solver           : Diagonal Jacobian

     t           x              xdot         qu     hu 
   1.39284     1.68010e+00   -2.91056e-01    5    1.1430e-01
   3.60761    -9.83501e-05   -3.16900e+00    5    1.6712e-02
   5.82239    -1.68010e+00    2.91061e-01    5    8.2345e-02
   8.03716     4.75261e-04    3.17012e+00    4    1.1357e-02

 Final statistics for this run:

 CVode real workspace length              =  115 
 CVode integer workspace length           =   53 
 Number of steps                          =  278 
 Number of f-s                            =  369 
 Number of setups                         =   40 
 Number of nonlinear iterations           =  366 
 Number of nonlinear convergence failures =    1 
 Number of error test failures            =   16 

 Linear solver real workspace length      =    6 
 Linear solver integer workspace length   =    3 
 Number of Jacobian evaluations           =   40 
 Number of f evals. in linear solver      =   40 

 Error overrun = 475.261 


-------------------------------------------------------------
-------------------------------------------------------------

Problem 2: ydot = A * y, where A is a banded lower
triangular matrix derived from 2-D advection PDE

 neq = 25, ml = 5, mu = 0
 itol = CV_SS, reltol = 0, abstol = 1e-06

-------------------------------------------------------------

Linear Multistep Method : ADAMS
Iteration               : FIXEDPOINT

      t        max.err      qu     hu 
     0.010    1.4690e-07    3     1.1459e-02
     0.100    5.2543e-07    4     4.1413e-02
     1.000    1.2207e-06    5     6.8243e-02
    10.000    9.7711e-07    3     2.8481e-01
   100.000    2.2510e-07    1     6.7722e-01

 Final statistics for this run:

 CVode real workspace length              =  589 
 CVode integer workspace length           =   60 
 Number of steps                          =  341 
 Number of f-s                            =  601 
 Number of setups                         =    0 
 Number of nonlinear iterations           =  598 
 Number of nonlinear convergence failures =   79 
 Number of error test failures            =    0 

 Error overrun = 1.221 


-------------------------------------------------------------

Linear Multistep Method : ADAMS
Iteration               : NEWTON
Linear Solver           : Diagonal Jacobian

      t        max.err      qu     hu 
     0.010    1.3734e-07    3     1.0327e-02
     0.100    2.4956e-06    3     2.3048e-02
     1.000    4.2422e-06    4     4.3778e-02
    10.000    7.4293e-06    3     1.7579e-01
   100.000    5.5283e-07    2     1.3688e+00

 Final statistics for this run:

 CVode real workspace length              =  589 
 CVode integer workspace length           =   60 
 Number of steps                          =  185 
 Number of f-s                            =  260 
 Number of setups                         =   29 
 Number of nonlinear iterations           =  257 
 Number of nonlinear convergence failures =    1 
 Number of error test failures            =    3 

 Linear solver real workspace length      =   75 
 Linear solver integer workspace length   =    3 
 Number of Jacobian evaluations           =   29 
 Number of f evals. in linear solver      =   29 

 Error overrun = 7.429 


-------------------------------------------------------------

Linear Multistep Method : ADAMS
Iteration               : NEWTON
Linear Solver           : Band, User-Supplied Jacobian

      t        max.err      qu     hu 
     0.010    1.3670e-07    3     1.2164e-02
     0.100    4.7920e-07    4     4.2115e-02
     1.000    2.5077e-07    6     1.0365e-01
    10.000    3.2275e-07    4     3.9016e-01
   100.000    1.2444e-07    2     1.8127e+01

 Final statistics for this run:

 CVode real workspace length              =  589 
 CVode integer workspace length           =   60 
 Number of steps                          =  139 
 Number of f-s                            =  165 
 Number of setups                         =   31 
 Number of nonlinear iterations           =  162 
 Number of nonlinear convergence failures =    0 
 Number of error test failures            =    5 

 Linear solver real workspace length      =  327 
 Linear solver integer workspace length   =   91 
 Number of Jacobian evaluations           =    3 
 Number of f evals. in linear solver      =    0 

 Error overrun = 0.479 


-------------------------------------------------------------

Linear Multistep Method : ADAMS
Iteration               : NEWTON
Linear Solver           : Band, Difference Quotient Jacobian

      t        max.err      qu     hu 
     0.010    1.4285e-07    3     1.3840e-02
     0.100    5.7337e-07    4     4.2111e-02
     1.000    7.3281e-07    5     6.3684e-02
    10.000    2.9206e-07    4     3.1978e-01
   100.000    1.6451e-11    1     9.4846e+01

 Final statistics for this run:

 CVode real workspace length              =  589 
 CVode integer workspace length           =   60 
 Number of steps                          =  131 
 Number of f-s                            =  147 
 Number of setups                         =   24 
 Number of nonlinear iterations           =  144 
 Number of nonlinear convergence failures =    0 
 Number of error test failures            =    1 

 Linear solver real workspace length      =  327 
 Linear solver integer workspace length   =   91 
 Number of Jacobian evaluations           =    3 
 Number of f evals. in linear solver      =   18 

 Error overrun = 0.733 


-------------------------------------------------------------

Linear Multistep Method : BDF
Iteration               : FIXEDPOINT

      t        max.err      qu     hu 
     0.010    5.5931e-07    2     8.1257e-03
     0.100    5.2896e-06    3     1.7769e-02
     1.000    2.3209e-06    5     7.5291e-02
    10.000    1.2861e-06    5     2.7791e-01
   100.000    2.8424e-07    1     2.5672e-01

 Final statistics for this run:

 CVode real workspace length              =  414 
 CVode integer workspace length           =   53 
 Number of steps                          =  372 
 Number of f-s                            =  692 
 Number of setups                         =    0 
 Number of nonlinear iterations           =  689 
 Number of nonlinear convergence failures =   56 
 Number of error test failures            =    1 

 Error overrun = 5.290 


-------------------------------------------------------------

Linear Multistep Method : BDF
Iteration               : NEWTON
Linear Solver           : Diagonal Jacobian

      t        max.err      qu     hu 
     0.010    5.6365e-07    2     8.1241e-03
     0.100    7.9753e-07    4     1.8910e-02
     1.000    5.9100e-06    5     5.1976e-02
    10.000    7.7356e-07    4     2.7986e-01
   100.000    7.8055e-10    1     3.4516e+01

 Final statistics for this run:

 CVode real workspace length              =  414 
 CVode integer workspace length           =   53 
 Number of steps                          =  158 
 Number of f-s                            =  241 
 Number of setups                         =   45 
 Number of nonlinear iterations           =  238 
 Number of nonlinear convergence failures =    1 
 Number of error test failures            =    5 

 Linear solver real workspace length      =   75 
 Linear solver integer workspace length   =    3 
 Number of Jacobian evaluations           =   45 
 Number of f evals. in linear solver      =   45 

 Error overrun = 5.910 


-------------------------------------------------------------

Linear Multistep Method : BDF
Iteration               : NEWTON
Linear Solver           : Band, User-Supplied Jacobian

      t        max.err      qu     hu 
     0.010    5.6372e-07    2     8.1246e-03
     0.100    5.2784e-06    3     1.7819e-02
     1.000    1.8169e-06    5     6.0110e-02
    10.000    5.4997e-07    5     4.1661e-01
   100.000    1.7764e-09    2     2.9748e+01

 Final statistics for this run:

 CVode real workspace length              =  414 
 CVode integer workspace length           =   53 
 Number of steps                          =  119 
 Number of f-s                            =  143 
 Number of setups                         =   25 
 Number of nonlinear iterations           =  140 
 Number of nonlinear convergence failures =    0 
 Number of error test failures            =    2 

 Linear solver real workspace length      =  327 
 Linear solver integer workspace length   =   91 
 Number of Jacobian evaluations           =    3 
 Number of f evals. in linear solver      =    0 

 Error overrun = 5.278 


-------------------------------------------------------------

Linear Multistep Method : BDF
Iteration               : NEWTON
Linear Solver           : Band, Difference Quotient Jacobian

      t        max.err      qu     hu 
     0.010    5.6492e-07    2     8.1361e-03
     0.100    5.9968e-06    3     1.7105e-02
     1.000    1.6902e-06    5     8.7628e-02
    10.000    5.2314e-07    5     3.1091e-01
   100.000    1.4380e-09    2     2.1635e+01

 Final statistics for this run:

 CVode real workspace length              =  414 
 CVode integer workspace length           =   53 
 Number of steps                          =  121 
 Number of f-s                            =  144 
 Number of setups                         =   24 
 Number of nonlinear iterations           =  141 
 Number of nonlinear convergence failures =    0 
 Number of error test failures            =    1 

 Linear solver real workspace length      =  327 
 Linear solver integer workspace length   =   91 
 Number of Jacobian evaluations           =    3 
 Number of f evals. in linear solver      =   18 

 Error overrun = 5.997 


-------------------------------------------------------------
-------------------------------------------------------------

 Number of errors encountered = 0 
