 ------- 
| SPGMR |
 -------
 
2-species diurnal advection-diffusion problem

t = 7.88e-01   no. steps = 50   order = 5   stepsize = 2.51e-02
c1 (bot.left/middle/top rt.) =    2.151e+03     8.392e+03     2.151e+03
c2 (bot.left/middle/top rt.) =    2.500e+11     9.756e+11     2.500e+11


Intermediate Statistics.. 

lenrw   =  2689     leniw   =    53
lenrwLS =  2454     leniwLS =    42
nst     =    50
nfe     =    80     nfeLS   =    55
nni     =    77     nli     =    55
nsetups =    16     netf    =     6
npe     =     2     nps     =   110
ncfn    =     0     ncfl    =     0

======================================================================

t = 2.21e+00   no. steps = 100   order = 5   stepsize = 3.77e-02
c1 (bot.left/middle/top rt.) =    4.149e-01     1.618e+00     4.149e-01
c2 (bot.left/middle/top rt.) =    2.500e+11     9.757e+11     2.500e+11


Intermediate Statistics.. 

lenrw   =  2689     leniw   =    53
lenrwLS =  2454     leniwLS =    42
nst     =   100
nfe     =   131     nfeLS   =   105
nni     =   128     nli     =   105
nsetups =    19     netf    =     6
npe     =     3     nps     =   210
ncfn    =     0     ncfl    =     0

======================================================================

t = 3.67e+03   no. steps = 150   order = 4   stepsize = 3.74e+01
c1 (bot.left/middle/top rt.) =    1.236e-02     4.596e-02     1.288e-02
c2 (bot.left/middle/top rt.) =    2.509e+11     9.328e+11     2.615e+11


Intermediate Statistics.. 

lenrw   =  2689     leniw   =    53
lenrwLS =  2454     leniwLS =    42
nst     =   150
nfe     =   197     nfeLS   =   162
nni     =   194     nli     =   162
nsetups =    34     netf    =     8
npe     =     4     nps     =   321
ncfn    =     0     ncfl    =     0

======================================================================

t = 5.77e+03   no. steps = 200   order = 3   stepsize = 3.60e+01
c1 (bot.left/middle/top rt.) =    3.285e+02     1.066e+03     3.480e+02
c2 (bot.left/middle/top rt.) =    2.518e+11     8.171e+11     2.667e+11


Intermediate Statistics.. 

lenrw   =  2689     leniw   =    53
lenrwLS =  2454     leniwLS =    42
nst     =   200
nfe     =   259     nfeLS   =   214
nni     =   256     nli     =   214
nsetups =    38     netf    =    10
npe     =     5     nps     =   425
ncfn    =     0     ncfl    =     0

======================================================================

t = 1.43e+04   no. steps = 250   order = 5   stepsize = 3.77e+02
c1 (bot.left/middle/top rt.) =    6.386e+06     5.244e+06     7.000e+06
c2 (bot.left/middle/top rt.) =    2.581e+11     2.116e+11     2.831e+11


Intermediate Statistics.. 

lenrw   =  2689     leniw   =    53
lenrwLS =  2454     leniwLS =    42
nst     =   250
nfe     =   320     nfeLS   =   265
nni     =   317     nli     =   265
nsetups =    45     netf    =    11
npe     =     6     nps     =   535
ncfn    =     0     ncfl    =     0

======================================================================

t = 2.78e+04   no. steps = 300   order = 4   stepsize = 2.42e+01
c1 (bot.left/middle/top rt.) =    1.226e+07     1.616e+07     1.357e+07
c2 (bot.left/middle/top rt.) =    3.374e+11     4.462e+11     3.741e+11


Intermediate Statistics.. 

lenrw   =  2689     leniw   =    53
lenrwLS =  2454     leniwLS =    42
nst     =   300
nfe     =   394     nfeLS   =   340
nni     =   391     nli     =   340
nsetups =    55     netf    =    18
npe     =     7     nps     =   680
ncfn    =     0     ncfl    =     0

======================================================================

t = 3.62e+04   no. steps = 350   order = 4   stepsize = 7.29e+01
c1 (bot.left/middle/top rt.) =    1.045e+04     1.484e+04     1.161e+04
c2 (bot.left/middle/top rt.) =    3.387e+11     4.810e+11     3.765e+11


Intermediate Statistics.. 

lenrw   =  2689     leniw   =    53
lenrwLS =  2454     leniwLS =    42
nst     =   350
nfe     =   484     nfeLS   =   421
nni     =   481     nli     =   421
nsetups =    73     netf    =    30
npe     =     8     nps     =   848
ncfn    =     0     ncfl    =     0

======================================================================

t = 3.98e+04   no. steps = 400   order = 5   stepsize = 1.10e+02
c1 (bot.left/middle/top rt.) =    1.213e-03     8.993e-04     1.353e-03
c2 (bot.left/middle/top rt.) =    3.386e+11     2.511e+11     3.780e+11


Intermediate Statistics.. 

lenrw   =  2689     leniw   =    53
lenrwLS =  2454     leniwLS =    42
nst     =   400
nfe     =   545     nfeLS   =   474
nni     =   542     nli     =   474
nsetups =    79     netf    =    32
npe     =     9     nps     =   961
ncfn    =     0     ncfl    =     0

======================================================================

t = 5.98e+04   no. steps = 450   order = 5   stepsize = 4.42e+02
c1 (bot.left/middle/top rt.) =    2.307e-10    -5.909e-09     8.488e-10
c2 (bot.left/middle/top rt.) =    3.313e+11     9.986e+11     3.923e+11


Intermediate Statistics.. 

lenrw   =  2689     leniw   =    53
lenrwLS =  2454     leniwLS =    42
nst     =   450
nfe     =   606     nfeLS   =   551
nni     =   603     nli     =   551
nsetups =    86     netf    =    34
npe     =    10     nps     =  1096
ncfn    =     0     ncfl    =     0

======================================================================

t = 8.64e+04   no. steps = 487   order = 5   stepsize = 7.26e+02
c1 (bot.left/middle/top rt.) =    8.137e-15    -2.281e-13     3.010e-14
c2 (bot.left/middle/top rt.) =    3.352e+11     9.107e+11     4.162e+11


Final Statistics.. 

lenrw   =  2689     leniw   =    53
lenrwLS =  2454     leniwLS =    42
nst     =   487
nfe     =   645     nfeLS   =   624
nni     =   642     nli     =   624
nsetups =    88     netf    =    34
npe     =    11     nps     =  1207
ncfn    =     0     ncfl    =     0

======================================================================

 --------- 
| SPFGMR |
 ---------
 
2-species diurnal advection-diffusion problem

t = 7.88e-01   no. steps = 50   order = 5   stepsize = 2.51e-02
c1 (bot.left/middle/top rt.) =    2.151e+03     8.392e+03     2.151e+03
c2 (bot.left/middle/top rt.) =    2.500e+11     9.756e+11     2.500e+11


Intermediate Statistics.. 

lenrw   =  2689     leniw   =    53
lenrwLS =  3254     leniwLS =    46
nst     =    50
nfe     =    80     nfeLS   =    55
nni     =    77     nli     =    55
nsetups =    16     netf    =     6
npe     =     2     nps     =    55
ncfn    =     0     ncfl    =     0

======================================================================

t = 2.21e+00   no. steps = 100   order = 5   stepsize = 3.77e-02
c1 (bot.left/middle/top rt.) =    4.149e-01     1.618e+00     4.149e-01
c2 (bot.left/middle/top rt.) =    2.500e+11     9.757e+11     2.500e+11


Intermediate Statistics.. 

lenrw   =  2689     leniw   =    53
lenrwLS =  3254     leniwLS =    46
nst     =   100
nfe     =   131     nfeLS   =   105
nni     =   128     nli     =   105
nsetups =    19     netf    =     6
npe     =     3     nps     =   105
ncfn    =     0     ncfl    =     0

======================================================================

t = 3.94e+03   no. steps = 150   order = 4   stepsize = 9.97e+01
c1 (bot.left/middle/top rt.) =    8.547e-02     3.136e-01     8.929e-02
c2 (bot.left/middle/top rt.) =    2.510e+11     9.210e+11     2.622e+11


Intermediate Statistics.. 

lenrw   =  2689     leniw   =    53
lenrwLS =  3254     leniwLS =    46
nst     =   150
nfe     =   200     nfeLS   =   171
nni     =   197     nli     =   171
nsetups =    37     netf    =     9
npe     =     4     nps     =   171
ncfn    =     0     ncfl    =     0

======================================================================

t = 8.36e+03   no. steps = 200   order = 5   stepsize = 1.34e+02
c1 (bot.left/middle/top rt.) =    6.996e+04     1.728e+05     7.519e+04
c2 (bot.left/middle/top rt.) =    2.535e+11     6.262e+11     2.724e+11


Intermediate Statistics.. 

lenrw   =  2689     leniw   =    53
lenrwLS =  3254     leniwLS =    46
nst     =   200
nfe     =   261     nfeLS   =   225
nni     =   258     nli     =   225
nsetups =    43     netf    =    12
npe     =     5     nps     =   225
ncfn    =     0     ncfl    =     0

======================================================================

t = 2.23e+04   no. steps = 250   order = 5   stepsize = 3.12e+02
c1 (bot.left/middle/top rt.) =    2.698e+07     1.250e+07     2.967e+07
c2 (bot.left/middle/top rt.) =    3.075e+11     1.307e+11     3.403e+11


Intermediate Statistics.. 

lenrw   =  2689     leniw   =    53
lenrwLS =  3254     leniwLS =    46
nst     =   250
nfe     =   315     nfeLS   =   359
nni     =   312     nli     =   359
nsetups =    46     netf    =    12
npe     =     6     nps     =   359
ncfn    =     0     ncfl    =     0

======================================================================

t = 3.01e+04   no. steps = 300   order = 4   stepsize = 1.75e+02
c1 (bot.left/middle/top rt.) =    5.017e+06     8.298e+06     5.570e+06
c2 (bot.left/middle/top rt.) =    3.383e+11     5.600e+11     3.757e+11


Intermediate Statistics.. 

lenrw   =  2689     leniw   =    53
lenrwLS =  3254     leniwLS =    46
nst     =   300
nfe     =   396     nfeLS   =   482
nni     =   393     nli     =   482
nsetups =    62     netf    =    20
npe     =     7     nps     =   482
ncfn    =     0     ncfl    =     0

======================================================================

t = 3.86e+04   no. steps = 350   order = 5   stepsize = 8.38e+01
c1 (bot.left/middle/top rt.) =    4.317e+00     4.144e+00     4.809e+00
c2 (bot.left/middle/top rt.) =    3.387e+11     3.251e+11     3.774e+11


Intermediate Statistics.. 

lenrw   =  2689     leniw   =    53
lenrwLS =  3254     leniwLS =    46
nst     =   350
nfe     =   462     nfeLS   =   617
nni     =   459     nli     =   617
nsetups =    67     netf    =    24
npe     =     8     nps     =   617
ncfn    =     0     ncfl    =     0

======================================================================

t = 5.68e+04   no. steps = 400   order = 5   stepsize = 7.43e+02
c1 (bot.left/middle/top rt.) =   -1.064e-12    -8.800e-09     2.637e-11
c2 (bot.left/middle/top rt.) =    3.324e+11     9.367e+11     3.904e+11


Intermediate Statistics.. 

lenrw   =  2689     leniw   =    53
lenrwLS =  3254     leniwLS =    46
nst     =   400
nfe     =   520     nfeLS   =   711
nni     =   517     nli     =   711
nsetups =    74     netf    =    25
npe     =     9     nps     =   711
ncfn    =     0     ncfl    =     0

======================================================================

t = 8.64e+04   no. steps = 438   order = 5   stepsize = 8.08e+02
c1 (bot.left/middle/top rt.) =   -2.106e-16    -9.200e-12     4.096e-14
c2 (bot.left/middle/top rt.) =    3.352e+11     9.106e+11     4.162e+11


Final Statistics.. 

lenrw   =  2689     leniw   =    53
lenrwLS =  3254     leniwLS =    46
nst     =   438
nfe     =   564     nfeLS   =   788
nni     =   561     nli     =   788
nsetups =    77     netf    =    26
npe     =    10     nps     =   788
ncfn    =     0     ncfl    =     0

======================================================================

 ------- 
| SPBCGS |
 -------
 
2-species diurnal advection-diffusion problem

t = 7.88e-01   no. steps = 50   order = 5   stepsize = 2.51e-02
c1 (bot.left/middle/top rt.) =    2.151e+03     8.392e+03     2.151e+03
c2 (bot.left/middle/top rt.) =    2.500e+11     9.756e+11     2.500e+11


Intermediate Statistics.. 

lenrw   =  2689     leniw   =    53
lenrwLS =  2202     leniwLS =    41
nst     =    50
nfe     =    80     nfeLS   =   110
nni     =    77     nli     =    55
nsetups =    16     netf    =     6
npe     =     2     nps     =   165
ncfn    =     0     ncfl    =     0

t = 2.21e+00   no. steps = 100   order = 5   stepsize = 3.77e-02
c1 (bot.left/middle/top rt.) =    4.149e-01     1.618e+00     4.149e-01
c2 (bot.left/middle/top rt.) =    2.500e+11     9.757e+11     2.500e+11


Intermediate Statistics.. 

lenrw   =  2689     leniw   =    53
lenrwLS =  2202     leniwLS =    41
nst     =   100
nfe     =   131     nfeLS   =   210
nni     =   128     nli     =   105
nsetups =    19     netf    =     6
npe     =     3     nps     =   315
ncfn    =     0     ncfl    =     0

t = 3.88e+03   no. steps = 150   order = 4   stepsize = 1.45e+02
c1 (bot.left/middle/top rt.) =    5.801e-02     2.135e-01     6.057e-02
c2 (bot.left/middle/top rt.) =    2.509e+11     9.235e+11     2.620e+11


Intermediate Statistics.. 

lenrw   =  2689     leniw   =    53
lenrwLS =  2202     leniwLS =    41
nst     =   150
nfe     =   197     nfeLS   =   312
nni     =   194     nli     =   156
nsetups =    34     netf    =     8
npe     =     4     nps     =   470
ncfn    =     0     ncfl    =     0

t = 8.84e+03   no. steps = 200   order = 5   stepsize = 1.58e+02
c1 (bot.left/middle/top rt.) =    1.311e+05     3.042e+05     1.413e+05
c2 (bot.left/middle/top rt.) =    2.538e+11     5.888e+11     2.734e+11


Intermediate Statistics.. 

lenrw   =  2689     leniw   =    53
lenrwLS =  2202     leniwLS =    41
nst     =   200
nfe     =   261     nfeLS   =   418
nni     =   258     nli     =   209
nsetups =    41     netf    =    11
npe     =     5     nps     =   629
ncfn    =     0     ncfl    =     0

t = 2.35e+04   no. steps = 250   order = 5   stepsize = 4.31e+02
c1 (bot.left/middle/top rt.) =    2.599e+07     1.588e+07     2.859e+07
c2 (bot.left/middle/top rt.) =    3.193e+11     1.876e+11     3.532e+11


Intermediate Statistics.. 

lenrw   =  2689     leniw   =    53
lenrwLS =  2202     leniwLS =    41
nst     =   250
nfe     =   318     nfeLS   =   520
nni     =   315     nli     =   260
nsetups =    46     netf    =    12
npe     =     6     nps     =   788
ncfn    =     0     ncfl    =     0

t = 2.98e+04   no. steps = 300   order = 4   stepsize = 2.72e+02
c1 (bot.left/middle/top rt.) =    5.681e+06     9.227e+06     6.306e+06
c2 (bot.left/middle/top rt.) =    3.383e+11     5.500e+11     3.756e+11


Intermediate Statistics.. 

lenrw   =  2689     leniw   =    53
lenrwLS =  2202     leniwLS =    41
nst     =   300
nfe     =   403     nfeLS   =   638
nni     =   400     nli     =   319
nsetups =    65     netf    =    22
npe     =     7     nps     =   981
ncfn    =     0     ncfl    =     0

t = 3.76e+04   no. steps = 350   order = 5   stepsize = 9.07e+01
c1 (bot.left/middle/top rt.) =    2.250e+02     2.583e+02     2.504e+02
c2 (bot.left/middle/top rt.) =    3.387e+11     3.889e+11     3.770e+11


Intermediate Statistics.. 

lenrw   =  2689     leniw   =    53
lenrwLS =  2202     leniwLS =    41
nst     =   350
nfe     =   474     nfeLS   =   750
nni     =   471     nli     =   375
nsetups =    72     netf    =    27
npe     =     8     nps     =  1161
ncfn    =     0     ncfl    =     0

t = 4.94e+04   no. steps = 400   order = 4   stepsize = 3.40e+02
c1 (bot.left/middle/top rt.) =    1.916e-11     5.238e-08    -1.671e-10
c2 (bot.left/middle/top rt.) =    3.363e+11     4.137e+11     3.857e+11


Intermediate Statistics.. 

lenrw   =  2689     leniw   =    53
lenrwLS =  2202     leniwLS =    41
nst     =   400
nfe     =   529     nfeLS   =   856
nni     =   526     nli     =   428
nsetups =    77     netf    =    28
npe     =     9     nps     =  1320
ncfn    =     0     ncfl    =     0

t = 8.13e+04   no. steps = 450   order = 5   stepsize = 7.09e+02
c1 (bot.left/middle/top rt.) =    2.123e-22     5.423e-18    -2.805e-22
c2 (bot.left/middle/top rt.) =    3.337e+11     7.528e+11     4.138e+11


Intermediate Statistics.. 

lenrw   =  2689     leniw   =    53
lenrwLS =  2202     leniwLS =    41
nst     =   450
nfe     =   599     nfeLS   =   984
nni     =   596     nli     =   492
nsetups =    87     netf    =    33
npe     =    10     nps     =  1509
ncfn    =     0     ncfl    =     0

t = 8.64e+04   no. steps = 458   order = 5   stepsize = 7.09e+02
c1 (bot.left/middle/top rt.) =   -2.965e-22    -1.341e-17    -3.086e-23
c2 (bot.left/middle/top rt.) =    3.352e+11     9.107e+11     4.163e+11


Final Statistics.. 

lenrw   =  2689     leniw   =    53
lenrwLS =  2202     leniwLS =    41
nst     =   458
nfe     =   607     nfeLS   =  1000
nni     =   604     nli     =   500
nsetups =    87     netf    =    33
npe     =    10     nps     =  1533
ncfn    =     0     ncfl    =     0

 --------- 
| SPTFQMR |
 ---------
 
2-species diurnal advection-diffusion problem

t = 7.88e-01   no. steps = 50   order = 5   stepsize = 2.51e-02
c1 (bot.left/middle/top rt.) =    2.151e+03     8.392e+03     2.151e+03
c2 (bot.left/middle/top rt.) =    2.500e+11     9.756e+11     2.500e+11


Intermediate Statistics.. 

lenrw   =  2689     leniw   =    53
lenrwLS =  2602     leniwLS =    43
nst     =    50
nfe     =    80     nfeLS   =   110
nni     =    77     nli     =    55
nsetups =    16     netf    =     6
npe     =     2     nps     =   165
ncfn    =     0     ncfl    =     0

t = 2.21e+00   no. steps = 100   order = 5   stepsize = 3.77e-02
c1 (bot.left/middle/top rt.) =    4.149e-01     1.618e+00     4.149e-01
c2 (bot.left/middle/top rt.) =    2.500e+11     9.757e+11     2.500e+11


Intermediate Statistics.. 

lenrw   =  2689     leniw   =    53
lenrwLS =  2602     leniwLS =    43
nst     =   100
nfe     =   131     nfeLS   =   210
nni     =   128     nli     =   105
nsetups =    19     netf    =     6
npe     =     3     nps     =   315
ncfn    =     0     ncfl    =     0

t = 3.65e+03   no. steps = 150   order = 4   stepsize = 3.82e+01
c1 (bot.left/middle/top rt.) =    1.067e-02     3.969e-02     1.111e-02
c2 (bot.left/middle/top rt.) =    2.509e+11     9.336e+11     2.614e+11


Intermediate Statistics.. 

lenrw   =  2689     leniw   =    53
lenrwLS =  2602     leniwLS =    43
nst     =   150
nfe     =   197     nfeLS   =   318
nni     =   194     nli     =   156
nsetups =    34     netf    =     8
npe     =     4     nps     =   483
ncfn    =     0     ncfl    =     0

t = 5.70e+03   no. steps = 200   order = 3   stepsize = 3.36e+01
c1 (bot.left/middle/top rt.) =    2.634e+02     8.596e+02     2.788e+02
c2 (bot.left/middle/top rt.) =    2.518e+11     8.218e+11     2.666e+11


Intermediate Statistics.. 

lenrw   =  2689     leniw   =    53
lenrwLS =  2602     leniwLS =    43
nst     =   200
nfe     =   259     nfeLS   =   422
nni     =   256     nli     =   208
nsetups =    38     netf    =    10
npe     =     5     nps     =   639
ncfn    =     0     ncfl    =     0

t = 1.45e+04   no. steps = 250   order = 5   stepsize = 3.27e+02
c1 (bot.left/middle/top rt.) =    6.825e+06     5.357e+06     7.484e+06
c2 (bot.left/middle/top rt.) =    2.583e+11     2.022e+11     2.834e+11


Intermediate Statistics.. 

lenrw   =  2689     leniw   =    53
lenrwLS =  2602     leniwLS =    43
nst     =   250
nfe     =   318     nfeLS   =   526
nni     =   315     nli     =   259
nsetups =    44     netf    =    11
npe     =     6     nps     =   801
ncfn    =     0     ncfl    =     0

t = 2.96e+04   no. steps = 300   order = 5   stepsize = 2.45e+02
c1 (bot.left/middle/top rt.) =    6.181e+06     9.899e+06     6.860e+06
c2 (bot.left/middle/top rt.) =    3.382e+11     5.424e+11     3.755e+11


Intermediate Statistics.. 

lenrw   =  2689     leniw   =    53
lenrwLS =  2602     leniwLS =    43
nst     =   300
nfe     =   378     nfeLS   =   650
nni     =   375     nli     =   311
nsetups =    48     netf    =    13
npe     =     7     nps     =  1004
ncfn    =     0     ncfl    =     0

t = 3.81e+04   no. steps = 350   order = 5   stepsize = 9.51e+01
c1 (bot.left/middle/top rt.) =    4.636e+01     4.930e+01     5.162e+01
c2 (bot.left/middle/top rt.) =    3.387e+11     3.602e+11     3.771e+11


Intermediate Statistics.. 

lenrw   =  2689     leniw   =    53
lenrwLS =  2602     leniwLS =    43
nst     =   350
nfe     =   459     nfeLS   =   800
nni     =   456     nli     =   368
nsetups =    58     netf    =    20
npe     =     8     nps     =  1271
ncfn    =     0     ncfl    =     0

t = 5.23e+04   no. steps = 400   order = 5   stepsize = 7.59e+02
c1 (bot.left/middle/top rt.) =   -6.003e-09    -1.405e-06    -1.189e-08
c2 (bot.left/middle/top rt.) =    3.348e+11     6.499e+11     3.877e+11


Intermediate Statistics.. 

lenrw   =  2689     leniw   =    53
lenrwLS =  2602     leniwLS =    43
nst     =   400
nfe     =   517     nfeLS   =   942
nni     =   514     nli     =   423
nsetups =    65     netf    =    21
npe     =     9     nps     =  1496
ncfn    =     0     ncfl    =     0

t = 8.64e+04   no. steps = 448   order = 5   stepsize = 7.65e+02
c1 (bot.left/middle/top rt.) =   -2.322e-21    -1.021e-16    -4.148e-22
c2 (bot.left/middle/top rt.) =    3.352e+11     9.106e+11     4.163e+11


Final Statistics.. 

lenrw   =  2689     leniw   =    53
lenrwLS =  2602     leniwLS =    43
nst     =   448
nfe     =   572     nfeLS   =  1128
nni     =   569     nli     =   486
nsetups =    68     netf    =    22
npe     =    10     nps     =  1777
ncfn    =     0     ncfl    =     0

