

Tol = 1.00e-05
Project    x         y         x'        y'     |     g      |    nst     rhs eval    setups (J eval)  |   cf   ef
  YES   7.23e-06  3.80e-03  4.48e-04  1.18e-01  |  0.00e+00  |   1352     1618+92         86 ( 23)     |    0    7
  NO    5.74e-01  9.05e-01  4.33e+00  2.05e+00  |  1.02e-03  |   1551     1775+116       118 ( 29)     |    0   43


Tol = 1.00e-06
Project    x         y         x'        y'     |     g      |    nst     rhs eval    setups (J eval)  |   cf   ef
  YES   1.07e-07  4.64e-04  9.25e-06  1.99e-02  |  0.00e+00  |   2089     2336+140       120 ( 35)     |    0    5
  NO    2.39e-03  6.90e-02  8.23e-02  1.21e+00  |  2.33e-05  |   2245     2529+164       169 ( 41)     |    0   41


Tol = 1.00e-07
Project    x         y         x'        y'     |     g      |    nst     rhs eval    setups (J eval)  |   cf   ef
  YES   3.04e-09  7.79e-05  2.73e-07  3.51e-03  |  2.22e-16  |   3013     3293+204       170 ( 51)     |    0    5
  NO    2.58e-04  3.45e-02  1.61e-02  1.11e+00  |  6.77e-04  |   3236     3526+228       202 ( 57)     |    0   38


Tol = 1.00e-08
Project    x         y         x'        y'     |     g      |    nst     rhs eval    setups (J eval)  |   cf   ef
  YES   9.43e-11  1.37e-05  8.22e-09  5.99e-04  |  0.00e+00  |   4295     4728+292       236 ( 73)     |    0    6
  NO    2.50e-05  1.17e-02  1.10e-03  2.74e-01  |  8.60e-05  |   4487     4843+300       243 ( 75)     |    0    6


Tol = 1.00e-09
Project    x         y         x'        y'     |     g      |    nst     rhs eval    setups (J eval)  |   cf   ef
  YES   1.60e-12  1.79e-06  1.39e-10  7.79e-05  |  1.11e-16  |   6542     7056+436       346 (109)     |    0    5
  NO    1.38e-06  1.71e-03  1.12e-04  3.92e-02  |  5.69e-06  |   6661     7122+448       347 (112)     |    0    2
