Ignore negative solution components

At t = 4.0000e-01      y =  9.851672e-01    3.386301e-05    1.479891e-02
At t = 4.0000e+00      y =  9.055308e-01    2.240642e-05    9.444683e-02
At t = 4.0000e+01      y =  7.158457e-01    9.186976e-06    2.841451e-01
At t = 4.0000e+02      y =  4.505405e-01    3.223014e-06    5.494563e-01
At t = 4.0000e+03      y =  1.832098e-01    8.941919e-07    8.167894e-01
At t = 4.0000e+04      y =  3.898717e-02    1.621932e-07    9.610127e-01
At t = 4.0000e+05      y =  4.938987e-03    1.985263e-08    9.950610e-01
At t = 4.0000e+06      y =  5.168021e-04    2.068260e-09    9.994832e-01
At t = 4.0000e+07      y =  5.199625e-05    2.079955e-10    9.999480e-01
At t = 4.0000e+08      y =  5.214856e-06    2.085953e-11    9.999948e-01
At t = 4.0000e+09      y =  4.665618e-07    1.866248e-12    9.999995e-01
At t = 4.0000e+10      y =  2.822930e-07    1.129172e-12    9.999997e-01
At t = 4.0000e+11      y = -1.608113e+08   -4.000000e-06    1.608113e+08
At t = 4.0000e+12      y = -1.888813e+09   -4.000000e-06    1.888813e+09

Final Statistics:
nst = 802    nfe  = 1298   nsetups = 201    nfeLS = 165    nje = 55
nni = 1295   ncfn = 5      netf = 42    
 
Intercept negative solution components

At t = 4.0000e-01      y =  9.851672e-01    3.386301e-05    1.479891e-02
At t = 4.0000e+00      y =  9.055308e-01    2.240642e-05    9.444683e-02
At t = 4.0000e+01      y =  7.158457e-01    9.186976e-06    2.841451e-01
At t = 4.0000e+02      y =  4.505405e-01    3.223014e-06    5.494563e-01
At t = 4.0000e+03      y =  1.832098e-01    8.941919e-07    8.167894e-01
At t = 4.0000e+04      y =  3.898717e-02    1.621932e-07    9.610127e-01
At t = 4.0000e+05      y =  4.938987e-03    1.985263e-08    9.950610e-01
At t = 4.0000e+06      y =  5.168021e-04    2.068260e-09    9.994832e-01
At t = 4.0000e+07      y =  5.199625e-05    2.079955e-10    9.999480e-01
At t = 4.0000e+08      y =  5.214856e-06    2.085953e-11    9.999948e-01
At t = 4.0000e+09      y =  4.665618e-07    1.866248e-12    9.999995e-01
At t = 4.0000e+10      y =  2.822930e-07    1.129172e-12    9.999997e-01
At t = 4.0000e+11      y =  5.134446e-09    2.053778e-14    1.000000e+00
At t = 4.0000e+12      y =  7.587692e-10    3.035077e-15    1.000000e+00

Final Statistics:
nst = 528    nfe  = 748    nsetups = 112    nfeLS = 57     nje = 19
nni = 738    ncfn = 7      netf = 17    
 
