
3-species kinetics problem

At t = 2.6391e-01      y =  9.899653e-01    3.470558e-05    1.000000e-02
    rootsfound[] =   0   1
At t = 4.0000e-01      y =  9.851650e-01    3.386266e-05    1.480113e-02
At t = 4.0000e+00      y =  9.055283e-01    2.240623e-05    9.444929e-02
At t = 4.0000e+01      y =  7.158662e-01    9.187221e-06    2.841246e-01
At t = 4.0000e+02      y =  4.505472e-01    3.223016e-06    5.494496e-01
At t = 4.0000e+03      y =  1.831699e-01    8.940907e-07    8.168292e-01
At t = 4.0000e+04      y =  3.899427e-02    1.622263e-07    9.610056e-01
At t = 4.0000e+05      y =  4.932616e-03    1.982706e-08    9.950674e-01
At t = 4.0000e+06      y =  5.136329e-04    2.055509e-09    9.994864e-01
At t = 2.0007e+07      y =  1.000000e-04    4.000369e-10    9.999000e-01
    rootsfound[] =  -1   0
At t = 4.0000e+07      y =  5.102195e-05    2.040906e-10    9.999490e-01
At t = 4.0000e+08      y =  7.926973e-07    3.170778e-12    1.000004e+00
At t = 4.0000e+09      y =  2.964856e-06    1.185932e-11    1.000004e+00
At t = 4.0000e+10      y =  1.904266e-07    7.616952e-13    1.000014e+00

Final Statistics:
nst = 585    nfe  = 894    nsetups = 144    nfeLS = 0      nje = 29
nni = 891    ncfn = 17     netf = 33     nge = 617
