
2-species diurnal advection-diffusion problem

t = 7.20e+03   no. steps = 980   stepsize = 3.06e+00
At bottom left:  c1, c2 =    1.047e+04    2.527e+11 
At top right:    c1, c2 =    1.119e+04    2.700e+11 

t = 1.44e+04   no. steps = 2733   stepsize = 6.92e+00
At bottom left:  c1, c2 =    6.659e+06    2.582e+11 
At top right:    c1, c2 =    7.301e+06    2.833e+11 

t = 2.16e+04   no. steps = 3533   stepsize = 1.04e+01
At bottom left:  c1, c2 =    2.665e+07    2.993e+11 
At top right:    c1, c2 =    2.931e+07    3.313e+11 

t = 2.88e+04   no. steps = 4558   stepsize = 5.21e+00
At bottom left:  c1, c2 =    8.702e+06    3.380e+11 
At top right:    c1, c2 =    9.650e+06    3.751e+11 

t = 3.60e+04   no. steps = 6045   stepsize = 2.55e+00
At bottom left:  c1, c2 =    1.404e+04    3.387e+11 
At top right:    c1, c2 =    1.561e+04    3.765e+11 

t = 4.32e+04   no. steps = 7249   stepsize = 5.33e+02
At bottom left:  c1, c2 =    3.579e-12    3.382e+11 
At top right:    c1, c2 =   -1.252e-11    3.804e+11 

t = 5.04e+04   no. steps = 7263   stepsize = 5.07e+02
At bottom left:  c1, c2 =    1.530e-11    3.358e+11 
At top right:    c1, c2 =   -2.219e-11    3.864e+11 

t = 5.76e+04   no. steps = 7277   stepsize = 3.06e+02
At bottom left:  c1, c2 =   -2.243e-11    3.320e+11 
At top right:    c1, c2 =   -1.908e-11    3.909e+11 

t = 6.48e+04   no. steps = 7291   stepsize = 7.17e+02
At bottom left:  c1, c2 =   -1.792e-12    3.313e+11 
At top right:    c1, c2 =   -1.408e-11    3.963e+11 

t = 7.20e+04   no. steps = 7301   stepsize = 7.11e+02
At bottom left:  c1, c2 =   -7.375e-12    3.330e+11 
At top right:    c1, c2 =   -5.554e-11    4.039e+11 

t = 7.92e+04   no. steps = 7311   stepsize = 7.11e+02
At bottom left:  c1, c2 =   -1.633e-11    3.334e+11 
At top right:    c1, c2 =   -3.032e-11    4.120e+11 

t = 8.64e+04   no. steps = 7321   stepsize = 7.11e+02
At bottom left:  c1, c2 =   -3.642e-21    3.352e+11 
At top right:    c1, c2 =   -1.406e-20    4.163e+11 


Final Statistics: 

lenrw   =  2901     leniw   =   225
lenrwls =  2455     leniwls =   126
nst     =  7321     nfe     =     0
nfi     = 76358     nfels   = 88233
nni     = 39600     nli     = 88233
nsetups =   375     netf    =    30
npe     =   143     nps     = 125771
ncfn    =     0     ncfl    =     0

