
2D Heat PDE test problem:
 --------------------------------- 
  nprocs         = 4
  npx            = 2
  npy            = 2
 --------------------------------- 
  kx             = 1
  ky             = 1
  tf             = 1
  xu             = 1
  yu             = 1
  nx             = 64
  ny             = 64
  nxl (proc 0)   = 32
  nyl (proc 0)   = 32
  dx             = 0.015873
  dy             = 0.015873
 --------------------------------- 
  rtol           = 1e-05
  atol           = 1e-10
  order          = 4
  fixed h        = 0
  controller     = 0
  linear         = 0
 --------------------------------- 
  lin iters      = 10
  eps lins       = -1
  prec           = 1
  msbp           = 0
  pfmg_relax     = 2
  pfmg_nrelax    = 2
 --------------------------------- 
  output         = 1
 --------------------------------- 

          t                     ||u||_rms                max error      
 -----------------------------------------------------------------------
 0.000000000000000e+00    3.691406249999997e-01    0.000000000000000e+00
 5.000000000000000e-02    3.603055481702667e-01    5.963272183073798e-04
 1.000000000000000e-01    3.341441495568249e-01    7.025609682430600e-04
 1.500000000000000e-01    2.933130511816744e-01    6.875647762445425e-04
 2.000000000000000e-01    2.418363362635431e-01    6.117586635501215e-04
 2.500000000000000e-01    1.847630045412454e-01    5.039208030307996e-04
 3.000000000000000e-01    1.276842381536776e-01    3.847527028461029e-04
 3.500000000000000e-01    7.618707773477559e-02    2.634526910087476e-04
 4.000000000000000e-01    3.531403630488810e-02    1.569490910283411e-04
 4.500000000000000e-01    9.066413908439359e-03    7.635004862830211e-05
 4.999999999999999e-01    1.363517854240225e-05    2.827690773864554e-05
 5.499999999999999e-01    9.040605245459129e-03    1.793087632552537e-05
 6.000000000000000e-01    3.526516197595862e-02    4.656151316313750e-05
 6.500000000000000e-01    7.611974572361258e-02    1.112064109238253e-04
 7.000000000000001e-01    1.276052153459425e-01    2.055164335994508e-04
 7.500000000000001e-01    1.846818107492774e-01    3.202521732965091e-04
 8.000000000000002e-01    2.417624752355625e-01    4.441767417237008e-04
 8.500000000000002e-01    2.932596675239477e-01    5.649628673225493e-04
 9.000000000000002e-01    3.341327079424391e-01    6.713002005476199e-04
 9.500000000000003e-01    3.603804828984811e-01    7.523670136287963e-04
 1.000000000000000e+00    3.694337025350062e-01    8.002958496978740e-04
 -----------------------------------------------------------------------

Final integrator statistics:
  Steps            = 716
  Step attempts    = 727
  Error test fails = 11
  RHS evals        = 7958
  NLS iters        = 4320
  NLS fails        = 0
  LS iters         = 20212
  LS fails         = 0
  LS setups        = 59
  J evals          = 14

  Avg NLS iters per step attempt = 5.942228
  Avg LS iters per NLS iter      = 4.678704

  Max error = 8.002958496978740e-04
