
2D Heat PDE test problem:
 --------------------------------- 
  nprocs         = 4
  npx            = 2
  npy            = 2
 --------------------------------- 
  kx             = 1
  ky             = 1
  tf             = 1
  xu             = 1
  yu             = 1
  nx             = 64
  ny             = 64
  nxl (proc 0)   = 32
  nyl (proc 0)   = 32
  dx             = 0.015873
  dy             = 0.015873
 --------------------------------- 
  rtol           = 1e-05
  atol           = 1e-10
  order          = 4
  fixed h        = 0
  controller     = 0
  linear         = 0
 --------------------------------- 
  lin iters      = 10
  eps lins       = -1
  prectype       = 1
  msbp           = 0
  pfmg_relax     = 2
  pfmg_nrelax    = 2
 --------------------------------- 
  output         = 1
 --------------------------------- 

          t                     ||u||_rms                max error      
 -----------------------------------------------------------------------
 0.000000000000000e+00    3.691406249999997e-01    0.000000000000000e+00
 5.000000000000000e-02    3.603055481706849e-01    5.963272403506359e-04
 1.000000000000000e-01    3.341441495573554e-01    7.025609795540122e-04
 1.500000000000000e-01    2.933130511815479e-01    6.875647791924067e-04
 2.000000000000000e-01    2.418363362634218e-01    6.117586641123385e-04
 2.500000000000000e-01    1.847630045581586e-01    5.039208796853711e-04
 3.000000000000000e-01    1.276835568178641e-01    3.825678848718428e-04
 3.500000000000000e-01    7.618672929988853e-02    2.625374890353471e-04
 4.000000000000000e-01    3.531391455208038e-02    1.566905877797148e-04
 4.500000000000000e-01    9.066224061983369e-03    7.579969354331445e-05
 4.999999999999999e-01    1.351975029855117e-05    2.793641219328744e-05
 5.499999999999999e-01    9.040564020782177e-03    1.784311211999387e-05
 6.000000000000000e-01    3.526514663771756e-02    4.652909369894098e-05
 6.500000000000000e-01    7.611974000859961e-02    1.111943293820583e-04
 7.000000000000001e-01    1.276052132004753e-01    2.055118614240903e-04
 7.500000000000001e-01    1.846818099479087e-01    3.202504679878926e-04
 8.000000000000002e-01    2.417624745135063e-01    4.441738665253991e-04
 8.500000000000002e-01    2.932597558356701e-01    5.651626103477803e-04
 9.000000000000002e-01    3.341327398685304e-01    6.713661935466853e-04
 9.500000000000003e-01    3.603804944371022e-01    7.523898746832902e-04
 1.000000000000000e+00    3.694337065513212e-01    8.003028954628455e-04
 -----------------------------------------------------------------------

Final integrator statistics:
  Steps            = 639
  Step attempts    = 639
  Error test fails = 0
  RHS evals        = 6698
  NLS iters        = 3500
  NLS fails        = 0
  LS iters         = 14776
  LS fails         = 0
  LS setups        = 37
  Jv products      = 14776

  Avg NLS iters per step attempt = 5.477308
  Avg LS iters per NLS iter      = 4.221714

  Preconditioner setups = 37
  Preconditioner solves = 14776
  PFMG iters            = 14776

  Max error = 8.003028954628455e-04
