Krylov example problem:

 Kinetics-transport, NEQ =  200


 t =   0.720000E+04     no. steps =   979  no. att. steps =   983   stepsize =   0.306506E+01
  c1 (bot.left/middle/top rt.) =   0.104683E+05  0.296369E+05  0.111853E+05
  c2 (bot.left/middle/top rt.) =   0.252673E+12  0.715366E+12  0.269977E+12

 t =   0.144000E+05     no. steps =  2729  no. att. steps =  2733   stepsize =   0.689674E+01
  c1 (bot.left/middle/top rt.) =   0.665902E+07  0.531590E+07  0.730081E+07
  c2 (bot.left/middle/top rt.) =   0.258191E+12  0.205675E+12  0.283286E+12

 t =   0.216000E+05     no. steps =  3532  no. att. steps =  3536   stepsize =   0.103680E+02
  c1 (bot.left/middle/top rt.) =   0.266497E+08  0.103652E+08  0.293077E+08
  c2 (bot.left/middle/top rt.) =   0.299279E+12  0.102829E+12  0.331344E+12

 t =   0.288000E+05     no. steps =  4688  no. att. steps =  4714   stepsize =   0.521929E+01
  c1 (bot.left/middle/top rt.) =   0.870214E+07  0.129200E+08  0.965006E+07
  c2 (bot.left/middle/top rt.) =   0.338037E+12  0.502942E+12  0.375097E+12

 t =   0.360000E+05     no. steps =  6171  no. att. steps =  6197   stepsize =   0.255081E+01
  c1 (bot.left/middle/top rt.) =   0.140404E+05  0.202886E+05  0.156091E+05
  c2 (bot.left/middle/top rt.) =   0.338679E+12  0.489400E+12  0.376518E+12

 t =   0.432000E+05     no. steps =  7362  no. att. steps =  7388   stepsize =   0.297357E+03
  c1 (bot.left/middle/top rt.) =   0.303369E-06  0.229711E-04  0.463272E-05
  c2 (bot.left/middle/top rt.) =   0.338234E+12  0.135516E+12  0.380354E+12

 t =   0.504000E+05     no. steps =  7386  no. att. steps =  7413   stepsize =   0.407523E+03
  c1 (bot.left/middle/top rt.) =  -0.413651E-13 -0.151865E-03 -0.141983E-11
  c2 (bot.left/middle/top rt.) =   0.335818E+12  0.493035E+12  0.386446E+12

 t =   0.576000E+05     no. steps =  7405  no. att. steps =  7434   stepsize =   0.264635E+03
  c1 (bot.left/middle/top rt.) =   0.385745E-13  0.103160E-04 -0.592859E-12
  c2 (bot.left/middle/top rt.) =   0.332033E+12  0.964976E+12  0.390901E+12

 t =   0.648000E+05     no. steps =  7419  no. att. steps =  7448   stepsize =   0.625690E+03
  c1 (bot.left/middle/top rt.) =   0.504508E-13 -0.184043E-04  0.189454E-10
  c2 (bot.left/middle/top rt.) =   0.331304E+12  0.892178E+12  0.396344E+12

 t =   0.720000E+05     no. steps =  7430  no. att. steps =  7459   stepsize =   0.625690E+03
  c1 (bot.left/middle/top rt.) =  -0.123518E-14  0.337241E-05 -0.918549E-13
  c2 (bot.left/middle/top rt.) =   0.332974E+12  0.618628E+12  0.403886E+12

 t =   0.792000E+05     no. steps =  7442  no. att. steps =  7471   stepsize =   0.625690E+03
  c1 (bot.left/middle/top rt.) =   0.122900E-06  0.137592E-10 -0.764130E-14
  c2 (bot.left/middle/top rt.) =   0.333443E+12  0.666905E+12  0.412027E+12

 t =   0.864000E+05     no. steps =  7454  no. att. steps =  7483   stepsize =   0.625690E+03
  c1 (bot.left/middle/top rt.) =   0.480469E-07  0.239665E-12  0.110632E-15
  c2 (bot.left/middle/top rt.) =   0.335180E+12  0.910621E+12  0.416253E+12


Final statistics:

 number of steps        =   7454
 number of step att.    =   7483
 number of fe evals.    =      0
 number of fi evals.    =  78243
 number of prec. setups =    451
 number of prec. evals. =    183
 number of prec. solves = 113532
 number of nonl. iters. =  40825
 number of lin. iters.  =  75837
 average Krylov subspace dimension (NLI/NNI) =   0.185761E+01
 number of conv. failures.. nonlinear =  0 linear =   0
 number of error test failures =  29
 main solver real/int workspace sizes   =  2901  127
 linear solver real/int workspace sizes =  2455   42
In ARKBANDPRE:
 real/int workspace sizes =  2800  622
 number of f evaluations  =   915
