
2-species diurnal advection-diffusion problem
Sensitivity: YES ( SIMULTANEOUS + FULL ERROR CONTROL )

========================================================================
     T     Q       H      NST                    Bottom left  Top right 
========================================================================
7.200e+03  3  3.655e+01   539
                                Solution         1.0468e+04   1.1185e+04 
                                                 2.5267e+11   2.6998e+11 
                                ----------------------------------------
                                Sensitivity 1   -6.4201e+19  -6.8598e+19 
                                                 7.1178e+19   7.6557e+19 
                                ----------------------------------------
                                Sensitivity 2   -4.3853e+14  -5.0065e+14 
                                                -2.4407e+18  -2.7843e+18 
------------------------------------------------------------------------
1.440e+04  3  4.410e+01   750
                                Solution         6.6590e+06   7.3008e+06 
                                                 2.5819e+11   2.8329e+11 
                                ----------------------------------------
                                Sensitivity 1   -4.0848e+22  -4.4785e+22 
                                                 5.9549e+22   6.7173e+22 
                                ----------------------------------------
                                Sensitivity 2   -4.5235e+17  -5.4318e+17 
                                                -6.5418e+21  -7.8315e+21 
------------------------------------------------------------------------
2.160e+04  2  2.969e+01  1248
                                Solution         2.6650e+07   2.9308e+07 
                                                 2.9928e+11   3.3134e+11 
                                ----------------------------------------
                                Sensitivity 1   -1.6346e+23  -1.7976e+23 
                                                 3.8203e+23   4.4991e+23 
                                ----------------------------------------
                                Sensitivity 2   -7.6601e+18  -9.4433e+18 
                                                -7.6459e+22  -9.4501e+22 
------------------------------------------------------------------------
2.880e+04  2  3.193e+01  1487
                                Solution         8.7021e+06   9.6501e+06 
                                                 3.3804e+11   3.7510e+11 
                                ----------------------------------------
                                Sensitivity 1   -5.3375e+22  -5.9187e+22 
                                                 5.4487e+23   6.7430e+23 
                                ----------------------------------------
                                Sensitivity 2   -4.8855e+18  -6.1040e+18 
                                                -1.7194e+23  -2.1518e+23 
------------------------------------------------------------------------
3.600e+04  3  9.414e+00  1609
                                Solution         1.4040e+04   1.5609e+04 
                                                 3.3868e+11   3.7652e+11 
                                ----------------------------------------
                                Sensitivity 1   -8.6141e+19  -9.5761e+19 
                                                 5.2718e+23   6.6030e+23 
                                ----------------------------------------
                                Sensitivity 2   -8.4328e+15  -1.0549e+16 
                                                -1.8439e+23  -2.3096e+23 
------------------------------------------------------------------------
4.320e+04  4  1.736e+02  1803
                                Solution         8.2222e-10   9.3200e-10 
                                                 3.3823e+11   3.8035e+11 
                                ----------------------------------------
                                Sensitivity 1   -2.7023e+09  -3.0202e+09 
                                                 5.2753e+23   6.7448e+23 
                                ----------------------------------------
                                Sensitivity 2   -1.3708e+06  -1.3311e+06 
                                                -1.8454e+23  -2.3595e+23 
------------------------------------------------------------------------
5.040e+04  4  7.792e+01  1859
                                Solution        -9.0753e-07  -9.7885e-07 
                                                 3.3582e+11   3.8645e+11 
                                ----------------------------------------
                                Sensitivity 1   -1.8363e+12  -1.9925e+12 
                                                 5.2067e+23   6.9664e+23 
                                ----------------------------------------
                                Sensitivity 2    4.4121e+10   5.5169e+10 
                                                -1.8214e+23  -2.4371e+23 
------------------------------------------------------------------------
5.760e+04  4  2.991e+02  1891
                                Solution        -5.3743e-11  -5.6481e-11 
                                                 3.3203e+11   3.9090e+11 
                                ----------------------------------------
                                Sensitivity 1   -8.0877e+07  -8.5141e+07 
                                                 5.0825e+23   7.1205e+23 
                                ----------------------------------------
                                Sensitivity 2   -3.7535e+04  -4.6561e+04 
                                                -1.7780e+23  -2.4910e+23 
------------------------------------------------------------------------
6.480e+04  3  1.840e+02  1931
                                Solution        -1.1558e-08  -1.1551e-08 
                                                 3.3130e+11   3.9634e+11 
                                ----------------------------------------
                                Sensitivity 1    2.9053e+07   9.9907e+07 
                                                 5.0442e+23   7.3274e+23 
                                ----------------------------------------
                                Sensitivity 2   -4.8224e+09  -5.8103e+09 
                                                -1.7646e+23  -2.5633e+23 
------------------------------------------------------------------------
7.200e+04  3  1.756e+02  2032
                                Solution         1.0982e-07   5.3327e-08 
                                                 3.3297e+11   4.0389e+11 
                                ----------------------------------------
                                Sensitivity 1    3.2085e+11   1.5898e+11 
                                                 5.0783e+23   7.6382e+23 
                                ----------------------------------------
                                Sensitivity 2   -1.8189e+08  -1.8962e+08 
                                                -1.7765e+23  -2.6721e+23 
------------------------------------------------------------------------
7.920e+04  5  6.041e+02  2051
                                Solution         9.1060e-13   4.4255e-13 
                                                 3.3344e+11   4.1203e+11 
                                ----------------------------------------
                                Sensitivity 1   -3.5609e+06  -1.7449e+06 
                                                 5.0730e+23   7.9960e+23 
                                ----------------------------------------
                                Sensitivity 2   -2.0890e+02  -2.2333e+02 
                                                -1.7747e+23  -2.7972e+23 
------------------------------------------------------------------------
8.640e+04  5  6.041e+02  2063
                                Solution        -6.2564e-15  -3.2271e-15 
                                                 3.3518e+11   4.1625e+11 
                                ----------------------------------------
                                Sensitivity 1   -4.8390e+04  -2.3639e+04 
                                                 5.1171e+23   8.2142e+23 
                                ----------------------------------------
                                Sensitivity 2   -5.7894e-01  -8.0717e-01 
                                                -1.7901e+23  -2.8736e+23 
------------------------------------------------------------------------

Final Statistics

nst     =  2063

nfe     =  2942
netf    =   135    nsetups  =   345
nni     =  2939    ncfn     =     3

nfSe    =  5884    nfeS     = 11768
netfs   =     0    nsetupsS =     0
nniS    =     0    ncfnS    =     0
