
2-species diurnal advection-diffusion problem
Sensitivity: YES ( STAGGERED + FULL ERROR CONTROL )

========================================================================
     T     Q       H      NST                    Bottom left  Top right 
========================================================================
7.200e+03  4  3.977e+01   446
                                Solution         1.0468e+04   1.1185e+04 
                                                 2.5267e+11   2.6998e+11 
                                ----------------------------------------
                                Sensitivity 1   -6.4201e+19  -6.8598e+19 
                                                 7.1178e+19   7.6557e+19 
                                ----------------------------------------
                                Sensitivity 2   -4.3853e+14  -5.0065e+14 
                                                -2.4408e+18  -2.7843e+18 
------------------------------------------------------------------------
1.440e+04  5  1.580e+02   501
                                Solution         6.6590e+06   7.3008e+06 
                                                 2.5819e+11   2.8329e+11 
                                ----------------------------------------
                                Sensitivity 1   -4.0848e+22  -4.4785e+22 
                                                 5.9549e+22   6.7173e+22 
                                ----------------------------------------
                                Sensitivity 2   -4.5235e+17  -5.4317e+17 
                                                -6.5418e+21  -7.8315e+21 
------------------------------------------------------------------------
2.160e+04  5  2.540e+02   530
                                Solution         2.6650e+07   2.9308e+07 
                                                 2.9928e+11   3.3134e+11 
                                ----------------------------------------
                                Sensitivity 1   -1.6346e+23  -1.7976e+23 
                                                 3.8203e+23   4.4991e+23 
                                ----------------------------------------
                                Sensitivity 2   -7.6601e+18  -9.4433e+18 
                                                -7.6459e+22  -9.4502e+22 
------------------------------------------------------------------------
2.880e+04  4  1.552e+02   576
                                Solution         8.7021e+06   9.6501e+06 
                                                 3.3804e+11   3.7510e+11 
                                ----------------------------------------
                                Sensitivity 1   -5.3375e+22  -5.9187e+22 
                                                 5.4487e+23   6.7430e+23 
                                ----------------------------------------
                                Sensitivity 2   -4.8855e+18  -6.1040e+18 
                                                -1.7194e+23  -2.1518e+23 
------------------------------------------------------------------------
3.600e+04  4  7.030e+01   625
                                Solution         1.4040e+04   1.5609e+04 
                                                 3.3868e+11   3.7652e+11 
                                ----------------------------------------
                                Sensitivity 1   -8.6141e+19  -9.5761e+19 
                                                 5.2718e+23   6.6030e+23 
                                ----------------------------------------
                                Sensitivity 2   -8.4328e+15  -1.0549e+16 
                                                -1.8439e+23  -2.3096e+23 
------------------------------------------------------------------------
4.320e+04  3  1.083e+02   691
                                Solution         1.3024e-06   1.4509e-06 
                                                 3.3823e+11   3.8035e+11 
                                ----------------------------------------
                                Sensitivity 1   -7.9633e+09  -8.8712e+09 
                                                 5.2753e+23   6.7448e+23 
                                ----------------------------------------
                                Sensitivity 2   -7.2740e+04  -9.1127e+04 
                                                -1.8454e+23  -2.3595e+23 
------------------------------------------------------------------------
5.040e+04  5  3.685e+02   725
                                Solution        -2.1488e-06  -2.3981e-06 
                                                 3.3582e+11   3.8645e+11 
                                ----------------------------------------
                                Sensitivity 1    1.9394e+10   2.1505e+10 
                                                 5.2067e+23   6.9664e+23 
                                ----------------------------------------
                                Sensitivity 2    1.7527e+05   2.2262e+05 
                                                -1.8214e+23  -2.4371e+23 
------------------------------------------------------------------------
5.760e+04  5  4.247e+02   739
                                Solution         1.7109e-08   1.9061e-08 
                                                 3.3203e+11   3.9090e+11 
                                ----------------------------------------
                                Sensitivity 1   -6.4008e+08  -7.1342e+08 
                                                 5.0825e+23   7.1205e+23 
                                ----------------------------------------
                                Sensitivity 2   -5.9399e+03  -7.6752e+03 
                                                -1.7780e+23  -2.4910e+23 
------------------------------------------------------------------------
6.480e+04  3  2.229e+02   794
                                Solution        -1.7655e-10  -1.9506e-10 
                                                 3.3130e+11   3.9634e+11 
                                ----------------------------------------
                                Sensitivity 1    4.3620e+07   4.8466e+07 
                                                 5.0442e+23   7.3274e+23 
                                ----------------------------------------
                                Sensitivity 2    7.1632e+03   9.2609e+03 
                                                -1.7646e+23  -2.5633e+23 
------------------------------------------------------------------------
7.200e+04  4  5.023e+02   814
                                Solution         1.7231e-07   1.9075e-07 
                                                 3.3297e+11   4.0389e+11 
                                ----------------------------------------
                                Sensitivity 1   -2.4535e+09  -2.7142e+09 
                                                 5.0783e+23   7.6382e+23 
                                ----------------------------------------
                                Sensitivity 2   -2.2135e+04  -2.9625e+04 
                                                -1.7765e+23  -2.6721e+23 
------------------------------------------------------------------------
7.920e+04  4  5.023e+02   829
                                Solution        -3.4546e-12  -3.8161e-12 
                                                 3.3344e+11   4.1203e+11 
                                ----------------------------------------
                                Sensitivity 1    4.8781e+04   5.3802e+04 
                                                 5.0730e+23   7.9960e+23 
                                ----------------------------------------
                                Sensitivity 2    4.3798e-01   5.8982e-01 
                                                -1.7747e+23  -2.7972e+23 
------------------------------------------------------------------------
8.640e+04  4  5.023e+02   843
                                Solution        -4.9728e-16  -5.4947e-16 
                                                 3.3518e+11   4.1625e+11 
                                ----------------------------------------
                                Sensitivity 1    1.7150e+01   1.8938e+01 
                                                 5.1171e+23   8.2142e+23 
                                ----------------------------------------
                                Sensitivity 2    1.5443e-04   2.0953e-04 
                                                -1.7901e+23  -2.8736e+23 
------------------------------------------------------------------------

Final Statistics

nst     =   843

nfe     =  1817
netf    =     9    nsetups  =   118
nni     =   950    ncfn     =     0

nfSe    =  1988    nfeS     =  3976
netfs   =    22    nsetupsS =     0
nniS    =   992    ncfnS    =     0
